[0.052s] DEBUG:colcon:Command line arguments: ['/usr/bin/colcon', 'build']
[0.052s] DEBUG:colcon:Parsed command line arguments: Namespace(log_base=None, log_level=None, verb_name='build', build_base='build', install_base='install', merge_install=False, symlink_install=False, test_result_base=None, continue_on_error=False, executor='parallel', parallel_workers=12, event_handlers=None, ignore_user_meta=False, metas=['./colcon.meta'], base_paths=['.'], packages_ignore=None, packages_ignore_regex=None, paths=None, packages_up_to=None, packages_up_to_regex=None, packages_above=None, packages_above_and_dependencies=None, packages_above_depth=None, packages_select_by_dep=None, packages_skip_by_dep=None, packages_skip_up_to=None, packages_select_build_failed=False, packages_skip_build_finished=False, packages_select_test_failures=False, packages_skip_test_passed=False, packages_select=None, packages_skip=None, packages_select_regex=None, packages_skip_regex=None, packages_start=None, packages_end=None, allow_overriding=[], cmake_args=None, cmake_target=None, cmake_target_skip_unavailable=False, cmake_clean_cache=False, cmake_clean_first=False, cmake_force_configure=False, ament_cmake_args=None, catkin_cmake_args=None, catkin_skip_building_tests=False, verb_parser=<colcon_defaults.argument_parser.defaults.DefaultArgumentsDecorator object at 0x794550032320>, verb_extension=<colcon_core.verb.build.BuildVerb object at 0x7945501aba90>, main=<bound method BuildVerb.main of <colcon_core.verb.build.BuildVerb object at 0x7945501aba90>>)
[0.142s] Level 1:colcon.colcon_core.package_discovery:discover_packages(colcon_meta) check parameters
[0.142s] Level 1:colcon.colcon_core.package_discovery:discover_packages(recursive) check parameters
[0.142s] Level 1:colcon.colcon_core.package_discovery:discover_packages(ignore) check parameters
[0.142s] Level 1:colcon.colcon_core.package_discovery:discover_packages(path) check parameters
[0.142s] Level 1:colcon.colcon_core.package_discovery:discover_packages(colcon_meta) discover
[0.142s] Level 1:colcon.colcon_core.package_discovery:discover_packages(recursive) discover
[0.142s] INFO:colcon.colcon_core.package_discovery:Crawling recursively for packages in '/home/iserran1/Documents/tfg'
[0.142s] Level 1:colcon.colcon_core.package_identification:_identify(.) by extensions ['ignore', 'ignore_ament_install']
[0.142s] Level 1:colcon.colcon_core.package_identification:_identify(.) by extension 'ignore'
[0.142s] Level 1:colcon.colcon_core.package_identification:_identify(.) by extension 'ignore_ament_install'
[0.142s] Level 1:colcon.colcon_core.package_identification:_identify(.) by extensions ['colcon_pkg']
[0.142s] Level 1:colcon.colcon_core.package_identification:_identify(.) by extension 'colcon_pkg'
[0.142s] Level 1:colcon.colcon_core.package_identification:_identify(.) by extensions ['colcon_meta']
[0.142s] Level 1:colcon.colcon_core.package_identification:_identify(.) by extension 'colcon_meta'
[0.142s] Level 1:colcon.colcon_core.package_identification:_identify(.) by extensions ['ros']
[0.142s] Level 1:colcon.colcon_core.package_identification:_identify(.) by extension 'ros'
[0.153s] Level 1:colcon.colcon_core.package_identification:_identify(.) by extensions ['cmake', 'python']
[0.153s] Level 1:colcon.colcon_core.package_identification:_identify(.) by extension 'cmake'
[0.153s] Level 1:colcon.colcon_core.package_identification:_identify(.) by extension 'python'
[0.153s] Level 1:colcon.colcon_core.package_identification:_identify(.) by extensions ['python_setup_py']
[0.153s] Level 1:colcon.colcon_core.package_identification:_identify(.) by extension 'python_setup_py'
[0.153s] Level 1:colcon.colcon_core.package_identification:_identify(build) by extensions ['ignore', 'ignore_ament_install']
[0.153s] Level 1:colcon.colcon_core.package_identification:_identify(build) by extension 'ignore'
[0.153s] Level 1:colcon.colcon_core.package_identification:_identify(build) ignored
[0.153s] Level 1:colcon.colcon_core.package_identification:_identify(install) by extensions ['ignore', 'ignore_ament_install']
[0.153s] Level 1:colcon.colcon_core.package_identification:_identify(install) by extension 'ignore'
[0.153s] Level 1:colcon.colcon_core.package_identification:_identify(install) ignored
[0.154s] Level 1:colcon.colcon_core.package_identification:_identify(log) by extensions ['ignore', 'ignore_ament_install']
[0.154s] Level 1:colcon.colcon_core.package_identification:_identify(log) by extension 'ignore'
[0.154s] Level 1:colcon.colcon_core.package_identification:_identify(log) ignored
[0.154s] Level 1:colcon.colcon_core.package_identification:_identify(src) by extensions ['ignore', 'ignore_ament_install']
[0.154s] Level 1:colcon.colcon_core.package_identification:_identify(src) by extension 'ignore'
[0.154s] Level 1:colcon.colcon_core.package_identification:_identify(src) by extension 'ignore_ament_install'
[0.154s] Level 1:colcon.colcon_core.package_identification:_identify(src) by extensions ['colcon_pkg']
[0.154s] Level 1:colcon.colcon_core.package_identification:_identify(src) by extension 'colcon_pkg'
[0.154s] Level 1:colcon.colcon_core.package_identification:_identify(src) by extensions ['colcon_meta']
[0.154s] Level 1:colcon.colcon_core.package_identification:_identify(src) by extension 'colcon_meta'
[0.154s] Level 1:colcon.colcon_core.package_identification:_identify(src) by extensions ['ros']
[0.154s] Level 1:colcon.colcon_core.package_identification:_identify(src) by extension 'ros'
[0.154s] Level 1:colcon.colcon_core.package_identification:_identify(src) by extensions ['cmake', 'python']
[0.154s] Level 1:colcon.colcon_core.package_identification:_identify(src) by extension 'cmake'
[0.154s] Level 1:colcon.colcon_core.package_identification:_identify(src) by extension 'python'
[0.154s] Level 1:colcon.colcon_core.package_identification:_identify(src) by extensions ['python_setup_py']
[0.154s] Level 1:colcon.colcon_core.package_identification:_identify(src) by extension 'python_setup_py'
[0.154s] Level 1:colcon.colcon_core.package_identification:_identify(src/bringup) by extensions ['ignore', 'ignore_ament_install']
[0.154s] Level 1:colcon.colcon_core.package_identification:_identify(src/bringup) by extension 'ignore'
[0.154s] Level 1:colcon.colcon_core.package_identification:_identify(src/bringup) by extension 'ignore_ament_install'
[0.154s] Level 1:colcon.colcon_core.package_identification:_identify(src/bringup) by extensions ['colcon_pkg']
[0.154s] Level 1:colcon.colcon_core.package_identification:_identify(src/bringup) by extension 'colcon_pkg'
[0.154s] Level 1:colcon.colcon_core.package_identification:_identify(src/bringup) by extensions ['colcon_meta']
[0.154s] Level 1:colcon.colcon_core.package_identification:_identify(src/bringup) by extension 'colcon_meta'
[0.154s] Level 1:colcon.colcon_core.package_identification:_identify(src/bringup) by extensions ['ros']
[0.154s] Level 1:colcon.colcon_core.package_identification:_identify(src/bringup) by extension 'ros'
[0.155s] DEBUG:colcon.colcon_core.package_identification:Package 'src/bringup' with type 'ros.ament_cmake' and name 'bringup'
[0.155s] Level 1:colcon.colcon_core.package_identification:_identify(src/custom_interface) by extensions ['ignore', 'ignore_ament_install']
[0.155s] Level 1:colcon.colcon_core.package_identification:_identify(src/custom_interface) by extension 'ignore'
[0.155s] Level 1:colcon.colcon_core.package_identification:_identify(src/custom_interface) by extension 'ignore_ament_install'
[0.156s] Level 1:colcon.colcon_core.package_identification:_identify(src/custom_interface) by extensions ['colcon_pkg']
[0.156s] Level 1:colcon.colcon_core.package_identification:_identify(src/custom_interface) by extension 'colcon_pkg'
[0.156s] Level 1:colcon.colcon_core.package_identification:_identify(src/custom_interface) by extensions ['colcon_meta']
[0.156s] Level 1:colcon.colcon_core.package_identification:_identify(src/custom_interface) by extension 'colcon_meta'
[0.156s] Level 1:colcon.colcon_core.package_identification:_identify(src/custom_interface) by extensions ['ros']
[0.156s] Level 1:colcon.colcon_core.package_identification:_identify(src/custom_interface) by extension 'ros'
[0.156s] DEBUG:colcon.colcon_core.package_identification:Package 'src/custom_interface' with type 'ros.ament_cmake' and name 'custom_interface'
[0.156s] Level 1:colcon.colcon_core.package_identification:_identify(src/log) by extensions ['ignore', 'ignore_ament_install']
[0.156s] Level 1:colcon.colcon_core.package_identification:_identify(src/log) by extension 'ignore'
[0.156s] Level 1:colcon.colcon_core.package_identification:_identify(src/log) ignored
[0.156s] Level 1:colcon.colcon_core.package_identification:_identify(src/main) by extensions ['ignore', 'ignore_ament_install']
[0.156s] Level 1:colcon.colcon_core.package_identification:_identify(src/main) by extension 'ignore'
[0.156s] Level 1:colcon.colcon_core.package_identification:_identify(src/main) by extension 'ignore_ament_install'
[0.156s] Level 1:colcon.colcon_core.package_identification:_identify(src/main) by extensions ['colcon_pkg']
[0.156s] Level 1:colcon.colcon_core.package_identification:_identify(src/main) by extension 'colcon_pkg'
[0.156s] Level 1:colcon.colcon_core.package_identification:_identify(src/main) by extensions ['colcon_meta']
[0.156s] Level 1:colcon.colcon_core.package_identification:_identify(src/main) by extension 'colcon_meta'
[0.156s] Level 1:colcon.colcon_core.package_identification:_identify(src/main) by extensions ['ros']
[0.156s] Level 1:colcon.colcon_core.package_identification:_identify(src/main) by extension 'ros'
[0.157s] DEBUG:colcon.colcon_core.package_identification:Package 'src/main' with type 'ros.ament_python' and name 'main'
[0.157s] Level 1:colcon.colcon_core.package_identification:_identify(src/models) by extensions ['ignore', 'ignore_ament_install']
[0.157s] Level 1:colcon.colcon_core.package_identification:_identify(src/models) by extension 'ignore'
[0.157s] Level 1:colcon.colcon_core.package_identification:_identify(src/models) by extension 'ignore_ament_install'
[0.157s] Level 1:colcon.colcon_core.package_identification:_identify(src/models) by extensions ['colcon_pkg']
[0.157s] Level 1:colcon.colcon_core.package_identification:_identify(src/models) by extension 'colcon_pkg'
[0.157s] Level 1:colcon.colcon_core.package_identification:_identify(src/models) by extensions ['colcon_meta']
[0.157s] Level 1:colcon.colcon_core.package_identification:_identify(src/models) by extension 'colcon_meta'
[0.157s] Level 1:colcon.colcon_core.package_identification:_identify(src/models) by extensions ['ros']
[0.157s] Level 1:colcon.colcon_core.package_identification:_identify(src/models) by extension 'ros'
[0.157s] Level 1:colcon.colcon_core.package_identification:_identify(src/models) by extensions ['cmake', 'python']
[0.157s] Level 1:colcon.colcon_core.package_identification:_identify(src/models) by extension 'cmake'
[0.157s] Level 1:colcon.colcon_core.package_identification:_identify(src/models) by extension 'python'
[0.157s] Level 1:colcon.colcon_core.package_identification:_identify(src/models) by extensions ['python_setup_py']
[0.157s] Level 1:colcon.colcon_core.package_identification:_identify(src/models) by extension 'python_setup_py'
[0.157s] Level 1:colcon.colcon_core.package_identification:_identify(src/models/__pycache__) by extensions ['ignore', 'ignore_ament_install']
[0.157s] Level 1:colcon.colcon_core.package_identification:_identify(src/models/__pycache__) by extension 'ignore'
[0.157s] Level 1:colcon.colcon_core.package_identification:_identify(src/models/__pycache__) by extension 'ignore_ament_install'
[0.157s] Level 1:colcon.colcon_core.package_identification:_identify(src/models/__pycache__) by extensions ['colcon_pkg']
[0.157s] Level 1:colcon.colcon_core.package_identification:_identify(src/models/__pycache__) by extension 'colcon_pkg'
[0.157s] Level 1:colcon.colcon_core.package_identification:_identify(src/models/__pycache__) by extensions ['colcon_meta']
[0.157s] Level 1:colcon.colcon_core.package_identification:_identify(src/models/__pycache__) by extension 'colcon_meta'
[0.157s] Level 1:colcon.colcon_core.package_identification:_identify(src/models/__pycache__) by extensions ['ros']
[0.157s] Level 1:colcon.colcon_core.package_identification:_identify(src/models/__pycache__) by extension 'ros'
[0.157s] Level 1:colcon.colcon_core.package_identification:_identify(src/models/__pycache__) by extensions ['cmake', 'python']
[0.157s] Level 1:colcon.colcon_core.package_identification:_identify(src/models/__pycache__) by extension 'cmake'
[0.157s] Level 1:colcon.colcon_core.package_identification:_identify(src/models/__pycache__) by extension 'python'
[0.157s] Level 1:colcon.colcon_core.package_identification:_identify(src/models/__pycache__) by extensions ['python_setup_py']
[0.157s] Level 1:colcon.colcon_core.package_identification:_identify(src/models/__pycache__) by extension 'python_setup_py'
[0.157s] Level 1:colcon.colcon_core.package_identification:_identify(src/utils) by extensions ['ignore', 'ignore_ament_install']
[0.157s] Level 1:colcon.colcon_core.package_identification:_identify(src/utils) by extension 'ignore'
[0.157s] Level 1:colcon.colcon_core.package_identification:_identify(src/utils) by extension 'ignore_ament_install'
[0.157s] Level 1:colcon.colcon_core.package_identification:_identify(src/utils) by extensions ['colcon_pkg']
[0.157s] Level 1:colcon.colcon_core.package_identification:_identify(src/utils) by extension 'colcon_pkg'
[0.158s] Level 1:colcon.colcon_core.package_identification:_identify(src/utils) by extensions ['colcon_meta']
[0.158s] Level 1:colcon.colcon_core.package_identification:_identify(src/utils) by extension 'colcon_meta'
[0.158s] Level 1:colcon.colcon_core.package_identification:_identify(src/utils) by extensions ['ros']
[0.158s] Level 1:colcon.colcon_core.package_identification:_identify(src/utils) by extension 'ros'
[0.158s] Level 1:colcon.colcon_core.package_identification:_identify(src/utils) by extensions ['cmake', 'python']
[0.158s] Level 1:colcon.colcon_core.package_identification:_identify(src/utils) by extension 'cmake'
[0.158s] Level 1:colcon.colcon_core.package_identification:_identify(src/utils) by extension 'python'
[0.158s] Level 1:colcon.colcon_core.package_identification:_identify(src/utils) by extensions ['python_setup_py']
[0.158s] Level 1:colcon.colcon_core.package_identification:_identify(src/utils) by extension 'python_setup_py'
[0.158s] Level 1:colcon.colcon_core.package_identification:_identify(src/utils/__pycache__) by extensions ['ignore', 'ignore_ament_install']
[0.158s] Level 1:colcon.colcon_core.package_identification:_identify(src/utils/__pycache__) by extension 'ignore'
[0.158s] Level 1:colcon.colcon_core.package_identification:_identify(src/utils/__pycache__) by extension 'ignore_ament_install'
[0.158s] Level 1:colcon.colcon_core.package_identification:_identify(src/utils/__pycache__) by extensions ['colcon_pkg']
[0.158s] Level 1:colcon.colcon_core.package_identification:_identify(src/utils/__pycache__) by extension 'colcon_pkg'
[0.158s] Level 1:colcon.colcon_core.package_identification:_identify(src/utils/__pycache__) by extensions ['colcon_meta']
[0.158s] Level 1:colcon.colcon_core.package_identification:_identify(src/utils/__pycache__) by extension 'colcon_meta'
[0.158s] Level 1:colcon.colcon_core.package_identification:_identify(src/utils/__pycache__) by extensions ['ros']
[0.158s] Level 1:colcon.colcon_core.package_identification:_identify(src/utils/__pycache__) by extension 'ros'
[0.158s] Level 1:colcon.colcon_core.package_identification:_identify(src/utils/__pycache__) by extensions ['cmake', 'python']
[0.158s] Level 1:colcon.colcon_core.package_identification:_identify(src/utils/__pycache__) by extension 'cmake'
[0.158s] Level 1:colcon.colcon_core.package_identification:_identify(src/utils/__pycache__) by extension 'python'
[0.158s] Level 1:colcon.colcon_core.package_identification:_identify(src/utils/__pycache__) by extensions ['python_setup_py']
[0.158s] Level 1:colcon.colcon_core.package_identification:_identify(src/utils/__pycache__) by extension 'python_setup_py'
[0.158s] Level 1:colcon.colcon_core.package_identification:_identify(traces) by extensions ['ignore', 'ignore_ament_install']
[0.158s] Level 1:colcon.colcon_core.package_identification:_identify(traces) by extension 'ignore'
[0.158s] Level 1:colcon.colcon_core.package_identification:_identify(traces) by extension 'ignore_ament_install'
[0.158s] Level 1:colcon.colcon_core.package_identification:_identify(traces) by extensions ['colcon_pkg']
[0.158s] Level 1:colcon.colcon_core.package_identification:_identify(traces) by extension 'colcon_pkg'
[0.158s] Level 1:colcon.colcon_core.package_identification:_identify(traces) by extensions ['colcon_meta']
[0.158s] Level 1:colcon.colcon_core.package_identification:_identify(traces) by extension 'colcon_meta'
[0.158s] Level 1:colcon.colcon_core.package_identification:_identify(traces) by extensions ['ros']
[0.158s] Level 1:colcon.colcon_core.package_identification:_identify(traces) by extension 'ros'
[0.158s] Level 1:colcon.colcon_core.package_identification:_identify(traces) by extensions ['cmake', 'python']
[0.158s] Level 1:colcon.colcon_core.package_identification:_identify(traces) by extension 'cmake'
[0.158s] Level 1:colcon.colcon_core.package_identification:_identify(traces) by extension 'python'
[0.158s] Level 1:colcon.colcon_core.package_identification:_identify(traces) by extensions ['python_setup_py']
[0.158s] Level 1:colcon.colcon_core.package_identification:_identify(traces) by extension 'python_setup_py'
[0.158s] Level 1:colcon.colcon_core.package_discovery:discover_packages(recursive) using defaults
[0.158s] Level 1:colcon.colcon_core.package_discovery:discover_packages(ignore) discover
[0.158s] Level 1:colcon.colcon_core.package_discovery:discover_packages(ignore) using defaults
[0.158s] Level 1:colcon.colcon_core.package_discovery:discover_packages(path) discover
[0.158s] Level 1:colcon.colcon_core.package_discovery:discover_packages(path) using defaults
[0.168s] Level 1:colcon.colcon_core.package_discovery:discover_packages(prefix_path) check parameters
[0.168s] Level 1:colcon.colcon_core.package_discovery:discover_packages(prefix_path) discover
[0.169s] DEBUG:colcon.colcon_installed_package_information.package_discovery:Found 3 installed packages in /home/iserran1/Documents/tfg/install
[0.170s] DEBUG:colcon.colcon_installed_package_information.package_discovery:Found 270 installed packages in /opt/ros/humble
[0.170s] Level 1:colcon.colcon_core.package_discovery:discover_packages(prefix_path) using defaults
[0.186s] Level 5:colcon.colcon_core.verb:set package 'custom_interface' build argument 'cmake_args' from command line to 'None'
[0.186s] Level 5:colcon.colcon_core.verb:set package 'custom_interface' build argument 'cmake_target' from command line to 'None'
[0.186s] Level 5:colcon.colcon_core.verb:set package 'custom_interface' build argument 'cmake_target_skip_unavailable' from command line to 'False'
[0.186s] Level 5:colcon.colcon_core.verb:set package 'custom_interface' build argument 'cmake_clean_cache' from command line to 'False'
[0.186s] Level 5:colcon.colcon_core.verb:set package 'custom_interface' build argument 'cmake_clean_first' from command line to 'False'
[0.186s] Level 5:colcon.colcon_core.verb:set package 'custom_interface' build argument 'cmake_force_configure' from command line to 'False'
[0.186s] Level 5:colcon.colcon_core.verb:set package 'custom_interface' build argument 'ament_cmake_args' from command line to 'None'
[0.186s] Level 5:colcon.colcon_core.verb:set package 'custom_interface' build argument 'catkin_cmake_args' from command line to 'None'
[0.186s] Level 5:colcon.colcon_core.verb:set package 'custom_interface' build argument 'catkin_skip_building_tests' from command line to 'False'
[0.186s] DEBUG:colcon.colcon_core.verb:Building package 'custom_interface' with the following arguments: {'ament_cmake_args': None, 'build_base': '/home/iserran1/Documents/tfg/build/custom_interface', 'catkin_cmake_args': None, 'catkin_skip_building_tests': False, 'cmake_args': None, 'cmake_clean_cache': False, 'cmake_clean_first': False, 'cmake_force_configure': False, 'cmake_target': None, 'cmake_target_skip_unavailable': False, 'install_base': '/home/iserran1/Documents/tfg/install/custom_interface', 'merge_install': False, 'path': '/home/iserran1/Documents/tfg/src/custom_interface', 'symlink_install': False, 'test_result_base': None}
[0.186s] Level 5:colcon.colcon_core.verb:set package 'main' build argument 'cmake_args' from command line to 'None'
[0.186s] Level 5:colcon.colcon_core.verb:set package 'main' build argument 'cmake_target' from command line to 'None'
[0.186s] Level 5:colcon.colcon_core.verb:set package 'main' build argument 'cmake_target_skip_unavailable' from command line to 'False'
[0.186s] Level 5:colcon.colcon_core.verb:set package 'main' build argument 'cmake_clean_cache' from command line to 'False'
[0.186s] Level 5:colcon.colcon_core.verb:set package 'main' build argument 'cmake_clean_first' from command line to 'False'
[0.186s] Level 5:colcon.colcon_core.verb:set package 'main' build argument 'cmake_force_configure' from command line to 'False'
[0.186s] Level 5:colcon.colcon_core.verb:set package 'main' build argument 'ament_cmake_args' from command line to 'None'
[0.186s] Level 5:colcon.colcon_core.verb:set package 'main' build argument 'catkin_cmake_args' from command line to 'None'
[0.186s] Level 5:colcon.colcon_core.verb:set package 'main' build argument 'catkin_skip_building_tests' from command line to 'False'
[0.186s] DEBUG:colcon.colcon_core.verb:Building package 'main' with the following arguments: {'ament_cmake_args': None, 'build_base': '/home/iserran1/Documents/tfg/build/main', 'catkin_cmake_args': None, 'catkin_skip_building_tests': False, 'cmake_args': None, 'cmake_clean_cache': False, 'cmake_clean_first': False, 'cmake_force_configure': False, 'cmake_target': None, 'cmake_target_skip_unavailable': False, 'install_base': '/home/iserran1/Documents/tfg/install/main', 'merge_install': False, 'path': '/home/iserran1/Documents/tfg/src/main', 'symlink_install': False, 'test_result_base': None}
[0.187s] Level 5:colcon.colcon_core.verb:set package 'bringup' build argument 'cmake_args' from command line to 'None'
[0.187s] Level 5:colcon.colcon_core.verb:set package 'bringup' build argument 'cmake_target' from command line to 'None'
[0.187s] Level 5:colcon.colcon_core.verb:set package 'bringup' build argument 'cmake_target_skip_unavailable' from command line to 'False'
[0.187s] Level 5:colcon.colcon_core.verb:set package 'bringup' build argument 'cmake_clean_cache' from command line to 'False'
[0.187s] Level 5:colcon.colcon_core.verb:set package 'bringup' build argument 'cmake_clean_first' from command line to 'False'
[0.187s] Level 5:colcon.colcon_core.verb:set package 'bringup' build argument 'cmake_force_configure' from command line to 'False'
[0.187s] Level 5:colcon.colcon_core.verb:set package 'bringup' build argument 'ament_cmake_args' from command line to 'None'
[0.187s] Level 5:colcon.colcon_core.verb:set package 'bringup' build argument 'catkin_cmake_args' from command line to 'None'
[0.187s] Level 5:colcon.colcon_core.verb:set package 'bringup' build argument 'catkin_skip_building_tests' from command line to 'False'
[0.187s] DEBUG:colcon.colcon_core.verb:Building package 'bringup' with the following arguments: {'ament_cmake_args': None, 'build_base': '/home/iserran1/Documents/tfg/build/bringup', 'catkin_cmake_args': None, 'catkin_skip_building_tests': False, 'cmake_args': None, 'cmake_clean_cache': False, 'cmake_clean_first': False, 'cmake_force_configure': False, 'cmake_target': None, 'cmake_target_skip_unavailable': False, 'install_base': '/home/iserran1/Documents/tfg/install/bringup', 'merge_install': False, 'path': '/home/iserran1/Documents/tfg/src/bringup', 'symlink_install': False, 'test_result_base': None}
[0.187s] INFO:colcon.colcon_core.executor:Executing jobs using 'parallel' executor
[0.187s] DEBUG:colcon.colcon_parallel_executor.executor.parallel:run_until_complete
[0.188s] INFO:colcon.colcon_ros.task.ament_cmake.build:Building ROS package in '/home/iserran1/Documents/tfg/src/custom_interface' with build type 'ament_cmake'
[0.188s] INFO:colcon.colcon_cmake.task.cmake.build:Building CMake package in '/home/iserran1/Documents/tfg/src/custom_interface'
[0.188s] INFO:colcon.colcon_core.plugin_system:Skipping extension 'colcon_core.shell.bat': Not used on non-Windows systems
[0.189s] INFO:colcon.colcon_core.shell:Skip shell extension 'powershell' for command environment: Not usable outside of PowerShell
[0.189s] DEBUG:colcon.colcon_core.shell:Skip shell extension 'dsv' for command environment
[0.193s] DEBUG:colcon.colcon_core.event_handler.log_command:Invoking command in '/home/iserran1/Documents/tfg/build/custom_interface': CMAKE_PREFIX_PATH=${CMAKE_PREFIX_PATH}:/home/iserran1/Documents/tfg/install/main:/opt/ros/humble /usr/bin/cmake --build /home/iserran1/Documents/tfg/build/custom_interface -- -j12 -l12
[0.392s] DEBUG:colcon.colcon_core.event_handler.log_command:Invoked command in '/home/iserran1/Documents/tfg/build/custom_interface' returned '0': CMAKE_PREFIX_PATH=${CMAKE_PREFIX_PATH}:/home/iserran1/Documents/tfg/install/main:/opt/ros/humble /usr/bin/cmake --build /home/iserran1/Documents/tfg/build/custom_interface -- -j12 -l12
[0.424s] DEBUG:colcon.colcon_core.event_handler.log_command:Invoking command in '/home/iserran1/Documents/tfg/build/custom_interface': CMAKE_PREFIX_PATH=${CMAKE_PREFIX_PATH}:/home/iserran1/Documents/tfg/install/main:/opt/ros/humble /usr/bin/cmake --install /home/iserran1/Documents/tfg/build/custom_interface
[0.452s] Level 1:colcon.colcon_core.environment:create_environment_scripts_only(custom_interface)
[0.452s] DEBUG:colcon.colcon_core.event_handler.log_command:Invoked command in '/home/iserran1/Documents/tfg/build/custom_interface' returned '0': CMAKE_PREFIX_PATH=${CMAKE_PREFIX_PATH}:/home/iserran1/Documents/tfg/install/main:/opt/ros/humble /usr/bin/cmake --install /home/iserran1/Documents/tfg/build/custom_interface
[0.453s] Level 1:colcon.colcon_core.environment:checking '/home/iserran1/Documents/tfg/install/custom_interface' for CMake module files
[0.453s] Level 1:colcon.colcon_core.environment:checking '/home/iserran1/Documents/tfg/install/custom_interface' for CMake config files
[0.454s] Level 1:colcon.colcon_core.shell:create_environment_hook('custom_interface', 'cmake_prefix_path')
[0.454s] INFO:colcon.colcon_core.shell:Creating environment hook '/home/iserran1/Documents/tfg/install/custom_interface/share/custom_interface/hook/cmake_prefix_path.ps1'
[0.454s] INFO:colcon.colcon_core.shell:Creating environment descriptor '/home/iserran1/Documents/tfg/install/custom_interface/share/custom_interface/hook/cmake_prefix_path.dsv'
[0.454s] INFO:colcon.colcon_core.shell:Creating environment hook '/home/iserran1/Documents/tfg/install/custom_interface/share/custom_interface/hook/cmake_prefix_path.sh'
[0.455s] Level 1:colcon.colcon_core.environment:checking '/home/iserran1/Documents/tfg/install/custom_interface/lib'
[0.455s] Level 1:colcon.colcon_core.shell:create_environment_hook('custom_interface', 'ld_library_path_lib')
[0.455s] INFO:colcon.colcon_core.shell:Creating environment hook '/home/iserran1/Documents/tfg/install/custom_interface/share/custom_interface/hook/ld_library_path_lib.ps1'
[0.455s] INFO:colcon.colcon_core.shell:Creating environment descriptor '/home/iserran1/Documents/tfg/install/custom_interface/share/custom_interface/hook/ld_library_path_lib.dsv'
[0.455s] INFO:colcon.colcon_core.shell:Creating environment hook '/home/iserran1/Documents/tfg/install/custom_interface/share/custom_interface/hook/ld_library_path_lib.sh'
[0.455s] Level 1:colcon.colcon_core.environment:checking '/home/iserran1/Documents/tfg/install/custom_interface/bin'
[0.455s] Level 1:colcon.colcon_core.environment:checking '/home/iserran1/Documents/tfg/install/custom_interface/lib/pkgconfig/custom_interface.pc'
[0.455s] Level 1:colcon.colcon_core.environment:checking '/home/iserran1/Documents/tfg/install/custom_interface/lib/python3.10/site-packages'
[0.456s] Level 1:colcon.colcon_core.environment:checking '/home/iserran1/Documents/tfg/install/custom_interface/bin'
[0.456s] INFO:colcon.colcon_core.shell:Creating package script '/home/iserran1/Documents/tfg/install/custom_interface/share/custom_interface/package.ps1'
[0.456s] INFO:colcon.colcon_core.shell:Creating package descriptor '/home/iserran1/Documents/tfg/install/custom_interface/share/custom_interface/package.dsv'
[0.456s] INFO:colcon.colcon_core.shell:Creating package script '/home/iserran1/Documents/tfg/install/custom_interface/share/custom_interface/package.sh'
[0.457s] INFO:colcon.colcon_core.shell:Creating package script '/home/iserran1/Documents/tfg/install/custom_interface/share/custom_interface/package.bash'
[0.457s] INFO:colcon.colcon_core.shell:Creating package script '/home/iserran1/Documents/tfg/install/custom_interface/share/custom_interface/package.zsh'
[0.457s] Level 1:colcon.colcon_core.environment:create_file_with_runtime_dependencies(/home/iserran1/Documents/tfg/install/custom_interface/share/colcon-core/packages/custom_interface)
[0.482s] Level 1:colcon.colcon_core.environment:create_environment_scripts_only(custom_interface)
[0.482s] Level 1:colcon.colcon_core.environment:checking '/home/iserran1/Documents/tfg/install/custom_interface' for CMake module files
[0.483s] Level 1:colcon.colcon_core.environment:checking '/home/iserran1/Documents/tfg/install/custom_interface' for CMake config files
[0.483s] Level 1:colcon.colcon_core.shell:create_environment_hook('custom_interface', 'cmake_prefix_path')
[0.483s] INFO:colcon.colcon_core.shell:Creating environment hook '/home/iserran1/Documents/tfg/install/custom_interface/share/custom_interface/hook/cmake_prefix_path.ps1'
[0.484s] INFO:colcon.colcon_core.shell:Creating environment descriptor '/home/iserran1/Documents/tfg/install/custom_interface/share/custom_interface/hook/cmake_prefix_path.dsv'
[0.484s] INFO:colcon.colcon_core.shell:Creating environment hook '/home/iserran1/Documents/tfg/install/custom_interface/share/custom_interface/hook/cmake_prefix_path.sh'
[0.484s] Level 1:colcon.colcon_core.environment:checking '/home/iserran1/Documents/tfg/install/custom_interface/lib'
[0.484s] Level 1:colcon.colcon_core.shell:create_environment_hook('custom_interface', 'ld_library_path_lib')
[0.484s] INFO:colcon.colcon_core.shell:Creating environment hook '/home/iserran1/Documents/tfg/install/custom_interface/share/custom_interface/hook/ld_library_path_lib.ps1'
[0.485s] INFO:colcon.colcon_core.shell:Creating environment descriptor '/home/iserran1/Documents/tfg/install/custom_interface/share/custom_interface/hook/ld_library_path_lib.dsv'
[0.485s] INFO:colcon.colcon_core.shell:Creating environment hook '/home/iserran1/Documents/tfg/install/custom_interface/share/custom_interface/hook/ld_library_path_lib.sh'
[0.485s] Level 1:colcon.colcon_core.environment:checking '/home/iserran1/Documents/tfg/install/custom_interface/bin'
[0.485s] Level 1:colcon.colcon_core.environment:checking '/home/iserran1/Documents/tfg/install/custom_interface/lib/pkgconfig/custom_interface.pc'
[0.485s] Level 1:colcon.colcon_core.environment:checking '/home/iserran1/Documents/tfg/install/custom_interface/lib/python3.10/site-packages'
[0.486s] Level 1:colcon.colcon_core.environment:checking '/home/iserran1/Documents/tfg/install/custom_interface/bin'
[0.486s] INFO:colcon.colcon_core.shell:Creating package script '/home/iserran1/Documents/tfg/install/custom_interface/share/custom_interface/package.ps1'
[0.486s] INFO:colcon.colcon_core.shell:Creating package descriptor '/home/iserran1/Documents/tfg/install/custom_interface/share/custom_interface/package.dsv'
[0.487s] INFO:colcon.colcon_core.shell:Creating package script '/home/iserran1/Documents/tfg/install/custom_interface/share/custom_interface/package.sh'
[0.487s] INFO:colcon.colcon_core.shell:Creating package script '/home/iserran1/Documents/tfg/install/custom_interface/share/custom_interface/package.bash'
[0.487s] INFO:colcon.colcon_core.shell:Creating package script '/home/iserran1/Documents/tfg/install/custom_interface/share/custom_interface/package.zsh'
[0.488s] Level 1:colcon.colcon_core.environment:create_file_with_runtime_dependencies(/home/iserran1/Documents/tfg/install/custom_interface/share/colcon-core/packages/custom_interface)
[0.488s] INFO:colcon.colcon_ros.task.ament_python.build:Building ROS package in '/home/iserran1/Documents/tfg/src/main' with build type 'ament_python'
[0.488s] Level 1:colcon.colcon_core.shell:create_environment_hook('main', 'ament_prefix_path')
[0.488s] INFO:colcon.colcon_core.shell:Creating environment hook '/home/iserran1/Documents/tfg/install/main/share/main/hook/ament_prefix_path.ps1'
[0.488s] INFO:colcon.colcon_core.shell:Creating environment descriptor '/home/iserran1/Documents/tfg/install/main/share/main/hook/ament_prefix_path.dsv'
[0.489s] INFO:colcon.colcon_core.shell:Creating environment hook '/home/iserran1/Documents/tfg/install/main/share/main/hook/ament_prefix_path.sh'
[0.489s] INFO:colcon.colcon_core.shell:Skip shell extension 'powershell' for command environment: Not usable outside of PowerShell
[0.489s] DEBUG:colcon.colcon_core.shell:Skip shell extension 'dsv' for command environment
[0.646s] INFO:colcon.colcon_core.task.python.build:Building Python package in '/home/iserran1/Documents/tfg/src/main'
[0.647s] INFO:colcon.colcon_core.shell:Skip shell extension 'powershell' for command environment: Not usable outside of PowerShell
[0.647s] DEBUG:colcon.colcon_core.shell:Skip shell extension 'dsv' for command environment
[0.852s] DEBUG:colcon.colcon_core.event_handler.log_command:Invoking command in '/home/iserran1/Documents/tfg/src/main': CMAKE_PREFIX_PATH=/home/iserran1/Documents/tfg/install/custom_interface:/home/iserran1/Documents/tfg/install/bringup PYTHONPATH=/home/iserran1/Documents/tfg/build/main/prefix_override:/home/iserran1/Documents/tfg/install/main/lib/python3.10/site-packages:${PYTHONPATH} /usr/bin/python3 -W ignore:setup.py install is deprecated setup.py egg_info --egg-base ../../build/main build --build-base /home/iserran1/Documents/tfg/build/main/build install --record /home/iserran1/Documents/tfg/build/main/install.log --single-version-externally-managed install_data
[1.025s] Level 1:colcon.colcon_core.environment:checking '/home/iserran1/Documents/tfg/install/main' for CMake module files
[1.026s] DEBUG:colcon.colcon_core.event_handler.log_command:Invoked command in '/home/iserran1/Documents/tfg/src/main' returned '0': CMAKE_PREFIX_PATH=/home/iserran1/Documents/tfg/install/custom_interface:/home/iserran1/Documents/tfg/install/bringup PYTHONPATH=/home/iserran1/Documents/tfg/build/main/prefix_override:/home/iserran1/Documents/tfg/install/main/lib/python3.10/site-packages:${PYTHONPATH} /usr/bin/python3 -W ignore:setup.py install is deprecated setup.py egg_info --egg-base ../../build/main build --build-base /home/iserran1/Documents/tfg/build/main/build install --record /home/iserran1/Documents/tfg/build/main/install.log --single-version-externally-managed install_data
[1.026s] Level 1:colcon.colcon_core.environment:checking '/home/iserran1/Documents/tfg/install/main' for CMake config files
[1.026s] Level 1:colcon.colcon_core.environment:checking '/home/iserran1/Documents/tfg/install/main/lib'
[1.026s] Level 1:colcon.colcon_core.environment:checking '/home/iserran1/Documents/tfg/install/main/bin'
[1.026s] Level 1:colcon.colcon_core.environment:checking '/home/iserran1/Documents/tfg/install/main/lib/pkgconfig/main.pc'
[1.027s] Level 1:colcon.colcon_core.environment:checking '/home/iserran1/Documents/tfg/install/main/lib/python3.10/site-packages'
[1.027s] Level 1:colcon.colcon_core.shell:create_environment_hook('main', 'pythonpath')
[1.027s] INFO:colcon.colcon_core.shell:Creating environment hook '/home/iserran1/Documents/tfg/install/main/share/main/hook/pythonpath.ps1'
[1.027s] INFO:colcon.colcon_core.shell:Creating environment descriptor '/home/iserran1/Documents/tfg/install/main/share/main/hook/pythonpath.dsv'
[1.028s] INFO:colcon.colcon_core.shell:Creating environment hook '/home/iserran1/Documents/tfg/install/main/share/main/hook/pythonpath.sh'
[1.028s] Level 1:colcon.colcon_core.environment:checking '/home/iserran1/Documents/tfg/install/main/bin'
[1.028s] Level 1:colcon.colcon_core.environment:create_environment_scripts_only(main)
[1.028s] INFO:colcon.colcon_core.shell:Creating package script '/home/iserran1/Documents/tfg/install/main/share/main/package.ps1'
[1.028s] INFO:colcon.colcon_core.shell:Creating package descriptor '/home/iserran1/Documents/tfg/install/main/share/main/package.dsv'
[1.029s] INFO:colcon.colcon_core.shell:Creating package script '/home/iserran1/Documents/tfg/install/main/share/main/package.sh'
[1.029s] INFO:colcon.colcon_core.shell:Creating package script '/home/iserran1/Documents/tfg/install/main/share/main/package.bash'
[1.029s] INFO:colcon.colcon_core.shell:Creating package script '/home/iserran1/Documents/tfg/install/main/share/main/package.zsh'
[1.029s] Level 1:colcon.colcon_core.environment:create_file_with_runtime_dependencies(/home/iserran1/Documents/tfg/install/main/share/colcon-core/packages/main)
[1.029s] INFO:colcon.colcon_ros.task.ament_cmake.build:Building ROS package in '/home/iserran1/Documents/tfg/src/bringup' with build type 'ament_cmake'
[1.029s] INFO:colcon.colcon_cmake.task.cmake.build:Building CMake package in '/home/iserran1/Documents/tfg/src/bringup'
[1.029s] INFO:colcon.colcon_core.shell:Skip shell extension 'powershell' for command environment: Not usable outside of PowerShell
[1.029s] DEBUG:colcon.colcon_core.shell:Skip shell extension 'dsv' for command environment
[1.036s] DEBUG:colcon.colcon_core.event_handler.log_command:Invoking command in '/home/iserran1/Documents/tfg/build/bringup': AMENT_PREFIX_PATH=/home/iserran1/Documents/tfg/install/main:/home/iserran1/Documents/tfg/install/bringup:/home/iserran1/Documents/tfg/install/custom_interface:/opt/ros/humble CMAKE_PREFIX_PATH=/home/iserran1/Documents/tfg/install/custom_interface:/home/iserran1/Documents/tfg/install/bringup:/home/iserran1/Documents/tfg/install/main:/opt/ros/humble /usr/bin/cmake --build /home/iserran1/Documents/tfg/build/bringup -- -j12 -l12
[1.056s] DEBUG:colcon.colcon_core.event_handler.log_command:Invoked command in '/home/iserran1/Documents/tfg/build/bringup' returned '0': AMENT_PREFIX_PATH=/home/iserran1/Documents/tfg/install/main:/home/iserran1/Documents/tfg/install/bringup:/home/iserran1/Documents/tfg/install/custom_interface:/opt/ros/humble CMAKE_PREFIX_PATH=/home/iserran1/Documents/tfg/install/custom_interface:/home/iserran1/Documents/tfg/install/bringup:/home/iserran1/Documents/tfg/install/main:/opt/ros/humble /usr/bin/cmake --build /home/iserran1/Documents/tfg/build/bringup -- -j12 -l12
[1.068s] DEBUG:colcon.colcon_core.event_handler.log_command:Invoking command in '/home/iserran1/Documents/tfg/build/bringup': AMENT_PREFIX_PATH=/home/iserran1/Documents/tfg/install/main:/home/iserran1/Documents/tfg/install/bringup:/home/iserran1/Documents/tfg/install/custom_interface:/opt/ros/humble CMAKE_PREFIX_PATH=/home/iserran1/Documents/tfg/install/custom_interface:/home/iserran1/Documents/tfg/install/bringup:/home/iserran1/Documents/tfg/install/main:/opt/ros/humble /usr/bin/cmake --install /home/iserran1/Documents/tfg/build/bringup
[1.073s] Level 1:colcon.colcon_core.environment:create_environment_scripts_only(bringup)
[1.073s] DEBUG:colcon.colcon_core.event_handler.log_command:Invoked command in '/home/iserran1/Documents/tfg/build/bringup' returned '0': AMENT_PREFIX_PATH=/home/iserran1/Documents/tfg/install/main:/home/iserran1/Documents/tfg/install/bringup:/home/iserran1/Documents/tfg/install/custom_interface:/opt/ros/humble CMAKE_PREFIX_PATH=/home/iserran1/Documents/tfg/install/custom_interface:/home/iserran1/Documents/tfg/install/bringup:/home/iserran1/Documents/tfg/install/main:/opt/ros/humble /usr/bin/cmake --install /home/iserran1/Documents/tfg/build/bringup
[1.073s] Level 1:colcon.colcon_core.environment:checking '/home/iserran1/Documents/tfg/install/bringup' for CMake module files
[1.073s] Level 1:colcon.colcon_core.environment:checking '/home/iserran1/Documents/tfg/install/bringup' for CMake config files
[1.074s] Level 1:colcon.colcon_core.shell:create_environment_hook('bringup', 'cmake_prefix_path')
[1.074s] INFO:colcon.colcon_core.shell:Creating environment hook '/home/iserran1/Documents/tfg/install/bringup/share/bringup/hook/cmake_prefix_path.ps1'
[1.074s] INFO:colcon.colcon_core.shell:Creating environment descriptor '/home/iserran1/Documents/tfg/install/bringup/share/bringup/hook/cmake_prefix_path.dsv'
[1.074s] INFO:colcon.colcon_core.shell:Creating environment hook '/home/iserran1/Documents/tfg/install/bringup/share/bringup/hook/cmake_prefix_path.sh'
[1.075s] Level 1:colcon.colcon_core.environment:checking '/home/iserran1/Documents/tfg/install/bringup/bin'
[1.075s] Level 1:colcon.colcon_core.environment:checking '/home/iserran1/Documents/tfg/install/bringup/lib/pkgconfig/bringup.pc'
[1.075s] Level 1:colcon.colcon_core.environment:checking '/home/iserran1/Documents/tfg/install/bringup/lib/python3.10/site-packages'
[1.075s] Level 1:colcon.colcon_core.environment:checking '/home/iserran1/Documents/tfg/install/bringup/bin'
[1.075s] INFO:colcon.colcon_core.shell:Creating package script '/home/iserran1/Documents/tfg/install/bringup/share/bringup/package.ps1'
[1.076s] INFO:colcon.colcon_core.shell:Creating package descriptor '/home/iserran1/Documents/tfg/install/bringup/share/bringup/package.dsv'
[1.076s] INFO:colcon.colcon_core.shell:Creating package script '/home/iserran1/Documents/tfg/install/bringup/share/bringup/package.sh'
[1.076s] INFO:colcon.colcon_core.shell:Creating package script '/home/iserran1/Documents/tfg/install/bringup/share/bringup/package.bash'
[1.077s] INFO:colcon.colcon_core.shell:Creating package script '/home/iserran1/Documents/tfg/install/bringup/share/bringup/package.zsh'
[1.077s] Level 1:colcon.colcon_core.environment:create_file_with_runtime_dependencies(/home/iserran1/Documents/tfg/install/bringup/share/colcon-core/packages/bringup)
[1.087s] Level 1:colcon.colcon_core.environment:create_environment_scripts_only(bringup)
[1.087s] Level 1:colcon.colcon_core.environment:checking '/home/iserran1/Documents/tfg/install/bringup' for CMake module files
[1.088s] Level 1:colcon.colcon_core.environment:checking '/home/iserran1/Documents/tfg/install/bringup' for CMake config files
[1.088s] Level 1:colcon.colcon_core.shell:create_environment_hook('bringup', 'cmake_prefix_path')
[1.088s] INFO:colcon.colcon_core.shell:Creating environment hook '/home/iserran1/Documents/tfg/install/bringup/share/bringup/hook/cmake_prefix_path.ps1'
[1.088s] INFO:colcon.colcon_core.shell:Creating environment descriptor '/home/iserran1/Documents/tfg/install/bringup/share/bringup/hook/cmake_prefix_path.dsv'
[1.089s] INFO:colcon.colcon_core.shell:Creating environment hook '/home/iserran1/Documents/tfg/install/bringup/share/bringup/hook/cmake_prefix_path.sh'
[1.089s] Level 1:colcon.colcon_core.environment:checking '/home/iserran1/Documents/tfg/install/bringup/bin'
[1.089s] Level 1:colcon.colcon_core.environment:checking '/home/iserran1/Documents/tfg/install/bringup/lib/pkgconfig/bringup.pc'
[1.089s] Level 1:colcon.colcon_core.environment:checking '/home/iserran1/Documents/tfg/install/bringup/lib/python3.10/site-packages'
[1.090s] Level 1:colcon.colcon_core.environment:checking '/home/iserran1/Documents/tfg/install/bringup/bin'
[1.090s] INFO:colcon.colcon_core.shell:Creating package script '/home/iserran1/Documents/tfg/install/bringup/share/bringup/package.ps1'
[1.090s] INFO:colcon.colcon_core.shell:Creating package descriptor '/home/iserran1/Documents/tfg/install/bringup/share/bringup/package.dsv'
[1.091s] INFO:colcon.colcon_core.shell:Creating package script '/home/iserran1/Documents/tfg/install/bringup/share/bringup/package.sh'
[1.091s] INFO:colcon.colcon_core.shell:Creating package script '/home/iserran1/Documents/tfg/install/bringup/share/bringup/package.bash'
[1.091s] INFO:colcon.colcon_core.shell:Creating package script '/home/iserran1/Documents/tfg/install/bringup/share/bringup/package.zsh'
[1.091s] Level 1:colcon.colcon_core.environment:create_file_with_runtime_dependencies(/home/iserran1/Documents/tfg/install/bringup/share/colcon-core/packages/bringup)
[1.092s] DEBUG:colcon.colcon_parallel_executor.executor.parallel:closing loop
[1.092s] DEBUG:colcon.colcon_parallel_executor.executor.parallel:loop closed
[1.092s] DEBUG:colcon.colcon_parallel_executor.executor.parallel:run_until_complete finished with '0'
[1.092s] DEBUG:colcon.colcon_core.event_reactor:joining thread
[1.095s] INFO:colcon.colcon_core.plugin_system:Skipping extension 'colcon_notification.desktop_notification.terminal_notifier': Not used on non-Darwin systems
[1.095s] INFO:colcon.colcon_core.plugin_system:Skipping extension 'colcon_notification.desktop_notification.win32': Not used on non-Windows systems
[1.095s] INFO:colcon.colcon_notification.desktop_notification:Sending desktop notification using 'notify2'
[1.106s] DEBUG:colcon.colcon_core.event_reactor:joined thread
[1.106s] INFO:colcon.colcon_core.shell:Creating prefix script '/home/iserran1/Documents/tfg/install/local_setup.ps1'
[1.107s] INFO:colcon.colcon_core.shell:Creating prefix util module '/home/iserran1/Documents/tfg/install/_local_setup_util_ps1.py'
[1.108s] INFO:colcon.colcon_core.shell:Creating prefix chain script '/home/iserran1/Documents/tfg/install/setup.ps1'
[1.109s] INFO:colcon.colcon_core.shell:Creating prefix script '/home/iserran1/Documents/tfg/install/local_setup.sh'
[1.109s] INFO:colcon.colcon_core.shell:Creating prefix util module '/home/iserran1/Documents/tfg/install/_local_setup_util_sh.py'
[1.109s] INFO:colcon.colcon_core.shell:Creating prefix chain script '/home/iserran1/Documents/tfg/install/setup.sh'
[1.109s] INFO:colcon.colcon_core.shell:Creating prefix script '/home/iserran1/Documents/tfg/install/local_setup.bash'
[1.110s] INFO:colcon.colcon_core.shell:Creating prefix chain script '/home/iserran1/Documents/tfg/install/setup.bash'
[1.110s] INFO:colcon.colcon_core.shell:Creating prefix script '/home/iserran1/Documents/tfg/install/local_setup.zsh'
[1.110s] INFO:colcon.colcon_core.shell:Creating prefix chain script '/home/iserran1/Documents/tfg/install/setup.zsh'
