[0.053s] DEBUG:colcon:Command line arguments: ['/usr/bin/colcon', 'build']
[0.053s] DEBUG:colcon:Parsed command line arguments: Namespace(log_base=None, log_level=None, verb_name='build', build_base='build', install_base='install', merge_install=False, symlink_install=False, test_result_base=None, continue_on_error=False, executor='parallel', parallel_workers=12, event_handlers=None, ignore_user_meta=False, metas=['./colcon.meta'], base_paths=['.'], packages_ignore=None, packages_ignore_regex=None, paths=None, packages_up_to=None, packages_up_to_regex=None, packages_above=None, packages_above_and_dependencies=None, packages_above_depth=None, packages_select_by_dep=None, packages_skip_by_dep=None, packages_skip_up_to=None, packages_select_build_failed=False, packages_skip_build_finished=False, packages_select_test_failures=False, packages_skip_test_passed=False, packages_select=None, packages_skip=None, packages_select_regex=None, packages_skip_regex=None, packages_start=None, packages_end=None, allow_overriding=[], cmake_args=None, cmake_target=None, cmake_target_skip_unavailable=False, cmake_clean_cache=False, cmake_clean_first=False, cmake_force_configure=False, ament_cmake_args=None, catkin_cmake_args=None, catkin_skip_building_tests=False, verb_parser=<colcon_defaults.argument_parser.defaults.DefaultArgumentsDecorator object at 0x732b9d6e1d20>, verb_extension=<colcon_core.verb.build.BuildVerb object at 0x732b9d8b3490>, main=<bound method BuildVerb.main of <colcon_core.verb.build.BuildVerb object at 0x732b9d8b3490>>)
[0.144s] Level 1:colcon.colcon_core.package_discovery:discover_packages(colcon_meta) check parameters
[0.144s] Level 1:colcon.colcon_core.package_discovery:discover_packages(recursive) check parameters
[0.144s] Level 1:colcon.colcon_core.package_discovery:discover_packages(ignore) check parameters
[0.144s] Level 1:colcon.colcon_core.package_discovery:discover_packages(path) check parameters
[0.144s] Level 1:colcon.colcon_core.package_discovery:discover_packages(colcon_meta) discover
[0.144s] Level 1:colcon.colcon_core.package_discovery:discover_packages(recursive) discover
[0.144s] INFO:colcon.colcon_core.package_discovery:Crawling recursively for packages in '/home/iserran1/Documents/tfg'
[0.144s] Level 1:colcon.colcon_core.package_identification:_identify(.) by extensions ['ignore', 'ignore_ament_install']
[0.144s] Level 1:colcon.colcon_core.package_identification:_identify(.) by extension 'ignore'
[0.145s] Level 1:colcon.colcon_core.package_identification:_identify(.) by extension 'ignore_ament_install'
[0.145s] Level 1:colcon.colcon_core.package_identification:_identify(.) by extensions ['colcon_pkg']
[0.145s] Level 1:colcon.colcon_core.package_identification:_identify(.) by extension 'colcon_pkg'
[0.145s] Level 1:colcon.colcon_core.package_identification:_identify(.) by extensions ['colcon_meta']
[0.145s] Level 1:colcon.colcon_core.package_identification:_identify(.) by extension 'colcon_meta'
[0.145s] Level 1:colcon.colcon_core.package_identification:_identify(.) by extensions ['ros']
[0.145s] Level 1:colcon.colcon_core.package_identification:_identify(.) by extension 'ros'
[0.156s] Level 1:colcon.colcon_core.package_identification:_identify(.) by extensions ['cmake', 'python']
[0.156s] Level 1:colcon.colcon_core.package_identification:_identify(.) by extension 'cmake'
[0.156s] Level 1:colcon.colcon_core.package_identification:_identify(.) by extension 'python'
[0.156s] Level 1:colcon.colcon_core.package_identification:_identify(.) by extensions ['python_setup_py']
[0.156s] Level 1:colcon.colcon_core.package_identification:_identify(.) by extension 'python_setup_py'
[0.156s] Level 1:colcon.colcon_core.package_identification:_identify(build) by extensions ['ignore', 'ignore_ament_install']
[0.156s] Level 1:colcon.colcon_core.package_identification:_identify(build) by extension 'ignore'
[0.156s] Level 1:colcon.colcon_core.package_identification:_identify(build) ignored
[0.156s] Level 1:colcon.colcon_core.package_identification:_identify(install) by extensions ['ignore', 'ignore_ament_install']
[0.156s] Level 1:colcon.colcon_core.package_identification:_identify(install) by extension 'ignore'
[0.156s] Level 1:colcon.colcon_core.package_identification:_identify(install) ignored
[0.156s] Level 1:colcon.colcon_core.package_identification:_identify(log) by extensions ['ignore', 'ignore_ament_install']
[0.156s] Level 1:colcon.colcon_core.package_identification:_identify(log) by extension 'ignore'
[0.156s] Level 1:colcon.colcon_core.package_identification:_identify(log) ignored
[0.156s] Level 1:colcon.colcon_core.package_identification:_identify(src) by extensions ['ignore', 'ignore_ament_install']
[0.156s] Level 1:colcon.colcon_core.package_identification:_identify(src) by extension 'ignore'
[0.156s] Level 1:colcon.colcon_core.package_identification:_identify(src) by extension 'ignore_ament_install'
[0.156s] Level 1:colcon.colcon_core.package_identification:_identify(src) by extensions ['colcon_pkg']
[0.156s] Level 1:colcon.colcon_core.package_identification:_identify(src) by extension 'colcon_pkg'
[0.156s] Level 1:colcon.colcon_core.package_identification:_identify(src) by extensions ['colcon_meta']
[0.156s] Level 1:colcon.colcon_core.package_identification:_identify(src) by extension 'colcon_meta'
[0.156s] Level 1:colcon.colcon_core.package_identification:_identify(src) by extensions ['ros']
[0.156s] Level 1:colcon.colcon_core.package_identification:_identify(src) by extension 'ros'
[0.156s] Level 1:colcon.colcon_core.package_identification:_identify(src) by extensions ['cmake', 'python']
[0.156s] Level 1:colcon.colcon_core.package_identification:_identify(src) by extension 'cmake'
[0.156s] Level 1:colcon.colcon_core.package_identification:_identify(src) by extension 'python'
[0.156s] Level 1:colcon.colcon_core.package_identification:_identify(src) by extensions ['python_setup_py']
[0.156s] Level 1:colcon.colcon_core.package_identification:_identify(src) by extension 'python_setup_py'
[0.156s] Level 1:colcon.colcon_core.package_identification:_identify(src/bringup) by extensions ['ignore', 'ignore_ament_install']
[0.156s] Level 1:colcon.colcon_core.package_identification:_identify(src/bringup) by extension 'ignore'
[0.156s] Level 1:colcon.colcon_core.package_identification:_identify(src/bringup) by extension 'ignore_ament_install'
[0.156s] Level 1:colcon.colcon_core.package_identification:_identify(src/bringup) by extensions ['colcon_pkg']
[0.157s] Level 1:colcon.colcon_core.package_identification:_identify(src/bringup) by extension 'colcon_pkg'
[0.157s] Level 1:colcon.colcon_core.package_identification:_identify(src/bringup) by extensions ['colcon_meta']
[0.157s] Level 1:colcon.colcon_core.package_identification:_identify(src/bringup) by extension 'colcon_meta'
[0.157s] Level 1:colcon.colcon_core.package_identification:_identify(src/bringup) by extensions ['ros']
[0.157s] Level 1:colcon.colcon_core.package_identification:_identify(src/bringup) by extension 'ros'
[0.158s] DEBUG:colcon.colcon_core.package_identification:Package 'src/bringup' with type 'ros.ament_cmake' and name 'bringup'
[0.158s] Level 1:colcon.colcon_core.package_identification:_identify(src/custom_interface) by extensions ['ignore', 'ignore_ament_install']
[0.158s] Level 1:colcon.colcon_core.package_identification:_identify(src/custom_interface) by extension 'ignore'
[0.158s] Level 1:colcon.colcon_core.package_identification:_identify(src/custom_interface) by extension 'ignore_ament_install'
[0.158s] Level 1:colcon.colcon_core.package_identification:_identify(src/custom_interface) by extensions ['colcon_pkg']
[0.158s] Level 1:colcon.colcon_core.package_identification:_identify(src/custom_interface) by extension 'colcon_pkg'
[0.158s] Level 1:colcon.colcon_core.package_identification:_identify(src/custom_interface) by extensions ['colcon_meta']
[0.158s] Level 1:colcon.colcon_core.package_identification:_identify(src/custom_interface) by extension 'colcon_meta'
[0.158s] Level 1:colcon.colcon_core.package_identification:_identify(src/custom_interface) by extensions ['ros']
[0.158s] Level 1:colcon.colcon_core.package_identification:_identify(src/custom_interface) by extension 'ros'
[0.158s] DEBUG:colcon.colcon_core.package_identification:Package 'src/custom_interface' with type 'ros.ament_cmake' and name 'custom_interface'
[0.159s] Level 1:colcon.colcon_core.package_identification:_identify(src/log) by extensions ['ignore', 'ignore_ament_install']
[0.159s] Level 1:colcon.colcon_core.package_identification:_identify(src/log) by extension 'ignore'
[0.159s] Level 1:colcon.colcon_core.package_identification:_identify(src/log) ignored
[0.159s] Level 1:colcon.colcon_core.package_identification:_identify(src/main) by extensions ['ignore', 'ignore_ament_install']
[0.159s] Level 1:colcon.colcon_core.package_identification:_identify(src/main) by extension 'ignore'
[0.159s] Level 1:colcon.colcon_core.package_identification:_identify(src/main) by extension 'ignore_ament_install'
[0.159s] Level 1:colcon.colcon_core.package_identification:_identify(src/main) by extensions ['colcon_pkg']
[0.159s] Level 1:colcon.colcon_core.package_identification:_identify(src/main) by extension 'colcon_pkg'
[0.159s] Level 1:colcon.colcon_core.package_identification:_identify(src/main) by extensions ['colcon_meta']
[0.159s] Level 1:colcon.colcon_core.package_identification:_identify(src/main) by extension 'colcon_meta'
[0.159s] Level 1:colcon.colcon_core.package_identification:_identify(src/main) by extensions ['ros']
[0.159s] Level 1:colcon.colcon_core.package_identification:_identify(src/main) by extension 'ros'
[0.159s] DEBUG:colcon.colcon_core.package_identification:Package 'src/main' with type 'ros.ament_python' and name 'main'
[0.159s] Level 1:colcon.colcon_core.package_identification:_identify(src/models) by extensions ['ignore', 'ignore_ament_install']
[0.160s] Level 1:colcon.colcon_core.package_identification:_identify(src/models) by extension 'ignore'
[0.160s] Level 1:colcon.colcon_core.package_identification:_identify(src/models) by extension 'ignore_ament_install'
[0.160s] Level 1:colcon.colcon_core.package_identification:_identify(src/models) by extensions ['colcon_pkg']
[0.160s] Level 1:colcon.colcon_core.package_identification:_identify(src/models) by extension 'colcon_pkg'
[0.160s] Level 1:colcon.colcon_core.package_identification:_identify(src/models) by extensions ['colcon_meta']
[0.160s] Level 1:colcon.colcon_core.package_identification:_identify(src/models) by extension 'colcon_meta'
[0.160s] Level 1:colcon.colcon_core.package_identification:_identify(src/models) by extensions ['ros']
[0.160s] Level 1:colcon.colcon_core.package_identification:_identify(src/models) by extension 'ros'
[0.160s] Level 1:colcon.colcon_core.package_identification:_identify(src/models) by extensions ['cmake', 'python']
[0.160s] Level 1:colcon.colcon_core.package_identification:_identify(src/models) by extension 'cmake'
[0.160s] Level 1:colcon.colcon_core.package_identification:_identify(src/models) by extension 'python'
[0.160s] Level 1:colcon.colcon_core.package_identification:_identify(src/models) by extensions ['python_setup_py']
[0.160s] Level 1:colcon.colcon_core.package_identification:_identify(src/models) by extension 'python_setup_py'
[0.160s] Level 1:colcon.colcon_core.package_identification:_identify(src/models/__pycache__) by extensions ['ignore', 'ignore_ament_install']
[0.160s] Level 1:colcon.colcon_core.package_identification:_identify(src/models/__pycache__) by extension 'ignore'
[0.160s] Level 1:colcon.colcon_core.package_identification:_identify(src/models/__pycache__) by extension 'ignore_ament_install'
[0.160s] Level 1:colcon.colcon_core.package_identification:_identify(src/models/__pycache__) by extensions ['colcon_pkg']
[0.160s] Level 1:colcon.colcon_core.package_identification:_identify(src/models/__pycache__) by extension 'colcon_pkg'
[0.160s] Level 1:colcon.colcon_core.package_identification:_identify(src/models/__pycache__) by extensions ['colcon_meta']
[0.160s] Level 1:colcon.colcon_core.package_identification:_identify(src/models/__pycache__) by extension 'colcon_meta'
[0.160s] Level 1:colcon.colcon_core.package_identification:_identify(src/models/__pycache__) by extensions ['ros']
[0.160s] Level 1:colcon.colcon_core.package_identification:_identify(src/models/__pycache__) by extension 'ros'
[0.160s] Level 1:colcon.colcon_core.package_identification:_identify(src/models/__pycache__) by extensions ['cmake', 'python']
[0.160s] Level 1:colcon.colcon_core.package_identification:_identify(src/models/__pycache__) by extension 'cmake'
[0.160s] Level 1:colcon.colcon_core.package_identification:_identify(src/models/__pycache__) by extension 'python'
[0.160s] Level 1:colcon.colcon_core.package_identification:_identify(src/models/__pycache__) by extensions ['python_setup_py']
[0.160s] Level 1:colcon.colcon_core.package_identification:_identify(src/models/__pycache__) by extension 'python_setup_py'
[0.160s] Level 1:colcon.colcon_core.package_identification:_identify(src/utils) by extensions ['ignore', 'ignore_ament_install']
[0.160s] Level 1:colcon.colcon_core.package_identification:_identify(src/utils) by extension 'ignore'
[0.160s] Level 1:colcon.colcon_core.package_identification:_identify(src/utils) by extension 'ignore_ament_install'
[0.160s] Level 1:colcon.colcon_core.package_identification:_identify(src/utils) by extensions ['colcon_pkg']
[0.160s] Level 1:colcon.colcon_core.package_identification:_identify(src/utils) by extension 'colcon_pkg'
[0.160s] Level 1:colcon.colcon_core.package_identification:_identify(src/utils) by extensions ['colcon_meta']
[0.160s] Level 1:colcon.colcon_core.package_identification:_identify(src/utils) by extension 'colcon_meta'
[0.160s] Level 1:colcon.colcon_core.package_identification:_identify(src/utils) by extensions ['ros']
[0.160s] Level 1:colcon.colcon_core.package_identification:_identify(src/utils) by extension 'ros'
[0.160s] Level 1:colcon.colcon_core.package_identification:_identify(src/utils) by extensions ['cmake', 'python']
[0.160s] Level 1:colcon.colcon_core.package_identification:_identify(src/utils) by extension 'cmake'
[0.160s] Level 1:colcon.colcon_core.package_identification:_identify(src/utils) by extension 'python'
[0.160s] Level 1:colcon.colcon_core.package_identification:_identify(src/utils) by extensions ['python_setup_py']
[0.160s] Level 1:colcon.colcon_core.package_identification:_identify(src/utils) by extension 'python_setup_py'
[0.160s] Level 1:colcon.colcon_core.package_identification:_identify(src/utils/__pycache__) by extensions ['ignore', 'ignore_ament_install']
[0.160s] Level 1:colcon.colcon_core.package_identification:_identify(src/utils/__pycache__) by extension 'ignore'
[0.160s] Level 1:colcon.colcon_core.package_identification:_identify(src/utils/__pycache__) by extension 'ignore_ament_install'
[0.160s] Level 1:colcon.colcon_core.package_identification:_identify(src/utils/__pycache__) by extensions ['colcon_pkg']
[0.160s] Level 1:colcon.colcon_core.package_identification:_identify(src/utils/__pycache__) by extension 'colcon_pkg'
[0.160s] Level 1:colcon.colcon_core.package_identification:_identify(src/utils/__pycache__) by extensions ['colcon_meta']
[0.160s] Level 1:colcon.colcon_core.package_identification:_identify(src/utils/__pycache__) by extension 'colcon_meta'
[0.160s] Level 1:colcon.colcon_core.package_identification:_identify(src/utils/__pycache__) by extensions ['ros']
[0.160s] Level 1:colcon.colcon_core.package_identification:_identify(src/utils/__pycache__) by extension 'ros'
[0.160s] Level 1:colcon.colcon_core.package_identification:_identify(src/utils/__pycache__) by extensions ['cmake', 'python']
[0.160s] Level 1:colcon.colcon_core.package_identification:_identify(src/utils/__pycache__) by extension 'cmake'
[0.161s] Level 1:colcon.colcon_core.package_identification:_identify(src/utils/__pycache__) by extension 'python'
[0.161s] Level 1:colcon.colcon_core.package_identification:_identify(src/utils/__pycache__) by extensions ['python_setup_py']
[0.161s] Level 1:colcon.colcon_core.package_identification:_identify(src/utils/__pycache__) by extension 'python_setup_py'
[0.161s] Level 1:colcon.colcon_core.package_identification:_identify(traces) by extensions ['ignore', 'ignore_ament_install']
[0.161s] Level 1:colcon.colcon_core.package_identification:_identify(traces) by extension 'ignore'
[0.161s] Level 1:colcon.colcon_core.package_identification:_identify(traces) by extension 'ignore_ament_install'
[0.161s] Level 1:colcon.colcon_core.package_identification:_identify(traces) by extensions ['colcon_pkg']
[0.161s] Level 1:colcon.colcon_core.package_identification:_identify(traces) by extension 'colcon_pkg'
[0.161s] Level 1:colcon.colcon_core.package_identification:_identify(traces) by extensions ['colcon_meta']
[0.161s] Level 1:colcon.colcon_core.package_identification:_identify(traces) by extension 'colcon_meta'
[0.161s] Level 1:colcon.colcon_core.package_identification:_identify(traces) by extensions ['ros']
[0.161s] Level 1:colcon.colcon_core.package_identification:_identify(traces) by extension 'ros'
[0.161s] Level 1:colcon.colcon_core.package_identification:_identify(traces) by extensions ['cmake', 'python']
[0.161s] Level 1:colcon.colcon_core.package_identification:_identify(traces) by extension 'cmake'
[0.161s] Level 1:colcon.colcon_core.package_identification:_identify(traces) by extension 'python'
[0.161s] Level 1:colcon.colcon_core.package_identification:_identify(traces) by extensions ['python_setup_py']
[0.161s] Level 1:colcon.colcon_core.package_identification:_identify(traces) by extension 'python_setup_py'
[0.161s] Level 1:colcon.colcon_core.package_discovery:discover_packages(recursive) using defaults
[0.161s] Level 1:colcon.colcon_core.package_discovery:discover_packages(ignore) discover
[0.161s] Level 1:colcon.colcon_core.package_discovery:discover_packages(ignore) using defaults
[0.161s] Level 1:colcon.colcon_core.package_discovery:discover_packages(path) discover
[0.161s] Level 1:colcon.colcon_core.package_discovery:discover_packages(path) using defaults
[0.172s] Level 1:colcon.colcon_core.package_discovery:discover_packages(prefix_path) check parameters
[0.172s] Level 1:colcon.colcon_core.package_discovery:discover_packages(prefix_path) discover
[0.174s] DEBUG:colcon.colcon_installed_package_information.package_discovery:Found 270 installed packages in /opt/ros/humble
[0.174s] Level 1:colcon.colcon_core.package_discovery:discover_packages(prefix_path) using defaults
[0.190s] Level 5:colcon.colcon_core.verb:set package 'custom_interface' build argument 'cmake_args' from command line to 'None'
[0.190s] Level 5:colcon.colcon_core.verb:set package 'custom_interface' build argument 'cmake_target' from command line to 'None'
[0.190s] Level 5:colcon.colcon_core.verb:set package 'custom_interface' build argument 'cmake_target_skip_unavailable' from command line to 'False'
[0.190s] Level 5:colcon.colcon_core.verb:set package 'custom_interface' build argument 'cmake_clean_cache' from command line to 'False'
[0.190s] Level 5:colcon.colcon_core.verb:set package 'custom_interface' build argument 'cmake_clean_first' from command line to 'False'
[0.190s] Level 5:colcon.colcon_core.verb:set package 'custom_interface' build argument 'cmake_force_configure' from command line to 'False'
[0.190s] Level 5:colcon.colcon_core.verb:set package 'custom_interface' build argument 'ament_cmake_args' from command line to 'None'
[0.190s] Level 5:colcon.colcon_core.verb:set package 'custom_interface' build argument 'catkin_cmake_args' from command line to 'None'
[0.190s] Level 5:colcon.colcon_core.verb:set package 'custom_interface' build argument 'catkin_skip_building_tests' from command line to 'False'
[0.190s] DEBUG:colcon.colcon_core.verb:Building package 'custom_interface' with the following arguments: {'ament_cmake_args': None, 'build_base': '/home/iserran1/Documents/tfg/build/custom_interface', 'catkin_cmake_args': None, 'catkin_skip_building_tests': False, 'cmake_args': None, 'cmake_clean_cache': False, 'cmake_clean_first': False, 'cmake_force_configure': False, 'cmake_target': None, 'cmake_target_skip_unavailable': False, 'install_base': '/home/iserran1/Documents/tfg/install/custom_interface', 'merge_install': False, 'path': '/home/iserran1/Documents/tfg/src/custom_interface', 'symlink_install': False, 'test_result_base': None}
[0.191s] Level 5:colcon.colcon_core.verb:set package 'main' build argument 'cmake_args' from command line to 'None'
[0.191s] Level 5:colcon.colcon_core.verb:set package 'main' build argument 'cmake_target' from command line to 'None'
[0.191s] Level 5:colcon.colcon_core.verb:set package 'main' build argument 'cmake_target_skip_unavailable' from command line to 'False'
[0.191s] Level 5:colcon.colcon_core.verb:set package 'main' build argument 'cmake_clean_cache' from command line to 'False'
[0.191s] Level 5:colcon.colcon_core.verb:set package 'main' build argument 'cmake_clean_first' from command line to 'False'
[0.191s] Level 5:colcon.colcon_core.verb:set package 'main' build argument 'cmake_force_configure' from command line to 'False'
[0.191s] Level 5:colcon.colcon_core.verb:set package 'main' build argument 'ament_cmake_args' from command line to 'None'
[0.191s] Level 5:colcon.colcon_core.verb:set package 'main' build argument 'catkin_cmake_args' from command line to 'None'
[0.191s] Level 5:colcon.colcon_core.verb:set package 'main' build argument 'catkin_skip_building_tests' from command line to 'False'
[0.191s] DEBUG:colcon.colcon_core.verb:Building package 'main' with the following arguments: {'ament_cmake_args': None, 'build_base': '/home/iserran1/Documents/tfg/build/main', 'catkin_cmake_args': None, 'catkin_skip_building_tests': False, 'cmake_args': None, 'cmake_clean_cache': False, 'cmake_clean_first': False, 'cmake_force_configure': False, 'cmake_target': None, 'cmake_target_skip_unavailable': False, 'install_base': '/home/iserran1/Documents/tfg/install/main', 'merge_install': False, 'path': '/home/iserran1/Documents/tfg/src/main', 'symlink_install': False, 'test_result_base': None}
[0.191s] Level 5:colcon.colcon_core.verb:set package 'bringup' build argument 'cmake_args' from command line to 'None'
[0.191s] Level 5:colcon.colcon_core.verb:set package 'bringup' build argument 'cmake_target' from command line to 'None'
[0.191s] Level 5:colcon.colcon_core.verb:set package 'bringup' build argument 'cmake_target_skip_unavailable' from command line to 'False'
[0.191s] Level 5:colcon.colcon_core.verb:set package 'bringup' build argument 'cmake_clean_cache' from command line to 'False'
[0.191s] Level 5:colcon.colcon_core.verb:set package 'bringup' build argument 'cmake_clean_first' from command line to 'False'
[0.191s] Level 5:colcon.colcon_core.verb:set package 'bringup' build argument 'cmake_force_configure' from command line to 'False'
[0.191s] Level 5:colcon.colcon_core.verb:set package 'bringup' build argument 'ament_cmake_args' from command line to 'None'
[0.191s] Level 5:colcon.colcon_core.verb:set package 'bringup' build argument 'catkin_cmake_args' from command line to 'None'
[0.191s] Level 5:colcon.colcon_core.verb:set package 'bringup' build argument 'catkin_skip_building_tests' from command line to 'False'
[0.191s] DEBUG:colcon.colcon_core.verb:Building package 'bringup' with the following arguments: {'ament_cmake_args': None, 'build_base': '/home/iserran1/Documents/tfg/build/bringup', 'catkin_cmake_args': None, 'catkin_skip_building_tests': False, 'cmake_args': None, 'cmake_clean_cache': False, 'cmake_clean_first': False, 'cmake_force_configure': False, 'cmake_target': None, 'cmake_target_skip_unavailable': False, 'install_base': '/home/iserran1/Documents/tfg/install/bringup', 'merge_install': False, 'path': '/home/iserran1/Documents/tfg/src/bringup', 'symlink_install': False, 'test_result_base': None}
[0.191s] INFO:colcon.colcon_core.executor:Executing jobs using 'parallel' executor
[0.191s] DEBUG:colcon.colcon_parallel_executor.executor.parallel:run_until_complete
[0.192s] INFO:colcon.colcon_ros.task.ament_cmake.build:Building ROS package in '/home/iserran1/Documents/tfg/src/custom_interface' with build type 'ament_cmake'
[0.192s] INFO:colcon.colcon_cmake.task.cmake.build:Building CMake package in '/home/iserran1/Documents/tfg/src/custom_interface'
[0.194s] INFO:colcon.colcon_core.plugin_system:Skipping extension 'colcon_core.shell.bat': Not used on non-Windows systems
[0.194s] INFO:colcon.colcon_core.shell:Skip shell extension 'powershell' for command environment: Not usable outside of PowerShell
[0.194s] DEBUG:colcon.colcon_core.shell:Skip shell extension 'dsv' for command environment
[0.198s] DEBUG:colcon.colcon_core.event_handler.log_command:Invoking command in '/home/iserran1/Documents/tfg/build/custom_interface': CMAKE_PREFIX_PATH=/opt/ros/humble /usr/bin/cmake --build /home/iserran1/Documents/tfg/build/custom_interface -- -j12 -l12
[0.410s] DEBUG:colcon.colcon_core.event_handler.log_command:Invoked command in '/home/iserran1/Documents/tfg/build/custom_interface' returned '0': CMAKE_PREFIX_PATH=/opt/ros/humble /usr/bin/cmake --build /home/iserran1/Documents/tfg/build/custom_interface -- -j12 -l12
[0.440s] DEBUG:colcon.colcon_core.event_handler.log_command:Invoking command in '/home/iserran1/Documents/tfg/build/custom_interface': CMAKE_PREFIX_PATH=/opt/ros/humble /usr/bin/cmake --install /home/iserran1/Documents/tfg/build/custom_interface
[0.477s] Level 1:colcon.colcon_core.environment:create_environment_scripts_only(custom_interface)
[0.479s] DEBUG:colcon.colcon_core.event_handler.log_command:Invoked command in '/home/iserran1/Documents/tfg/build/custom_interface' returned '0': CMAKE_PREFIX_PATH=/opt/ros/humble /usr/bin/cmake --install /home/iserran1/Documents/tfg/build/custom_interface
[0.480s] Level 1:colcon.colcon_core.environment:checking '/home/iserran1/Documents/tfg/install/custom_interface' for CMake module files
[0.480s] Level 1:colcon.colcon_core.environment:checking '/home/iserran1/Documents/tfg/install/custom_interface' for CMake config files
[0.480s] Level 1:colcon.colcon_core.shell:create_environment_hook('custom_interface', 'cmake_prefix_path')
[0.480s] INFO:colcon.colcon_core.shell:Creating environment hook '/home/iserran1/Documents/tfg/install/custom_interface/share/custom_interface/hook/cmake_prefix_path.ps1'
[0.480s] INFO:colcon.colcon_core.shell:Creating environment descriptor '/home/iserran1/Documents/tfg/install/custom_interface/share/custom_interface/hook/cmake_prefix_path.dsv'
[0.481s] INFO:colcon.colcon_core.shell:Creating environment hook '/home/iserran1/Documents/tfg/install/custom_interface/share/custom_interface/hook/cmake_prefix_path.sh'
[0.481s] Level 1:colcon.colcon_core.environment:checking '/home/iserran1/Documents/tfg/install/custom_interface/lib'
[0.481s] Level 1:colcon.colcon_core.shell:create_environment_hook('custom_interface', 'ld_library_path_lib')
[0.481s] INFO:colcon.colcon_core.shell:Creating environment hook '/home/iserran1/Documents/tfg/install/custom_interface/share/custom_interface/hook/ld_library_path_lib.ps1'
[0.481s] INFO:colcon.colcon_core.shell:Creating environment descriptor '/home/iserran1/Documents/tfg/install/custom_interface/share/custom_interface/hook/ld_library_path_lib.dsv'
[0.482s] INFO:colcon.colcon_core.shell:Creating environment hook '/home/iserran1/Documents/tfg/install/custom_interface/share/custom_interface/hook/ld_library_path_lib.sh'
[0.482s] Level 1:colcon.colcon_core.environment:checking '/home/iserran1/Documents/tfg/install/custom_interface/bin'
[0.482s] Level 1:colcon.colcon_core.environment:checking '/home/iserran1/Documents/tfg/install/custom_interface/lib/pkgconfig/custom_interface.pc'
[0.482s] Level 1:colcon.colcon_core.environment:checking '/home/iserran1/Documents/tfg/install/custom_interface/lib/python3.10/site-packages'
[0.482s] Level 1:colcon.colcon_core.environment:checking '/home/iserran1/Documents/tfg/install/custom_interface/bin'
[0.482s] INFO:colcon.colcon_core.shell:Creating package script '/home/iserran1/Documents/tfg/install/custom_interface/share/custom_interface/package.ps1'
[0.482s] INFO:colcon.colcon_core.shell:Creating package descriptor '/home/iserran1/Documents/tfg/install/custom_interface/share/custom_interface/package.dsv'
[0.483s] INFO:colcon.colcon_core.shell:Creating package script '/home/iserran1/Documents/tfg/install/custom_interface/share/custom_interface/package.sh'
[0.483s] INFO:colcon.colcon_core.shell:Creating package script '/home/iserran1/Documents/tfg/install/custom_interface/share/custom_interface/package.bash'
[0.483s] INFO:colcon.colcon_core.shell:Creating package script '/home/iserran1/Documents/tfg/install/custom_interface/share/custom_interface/package.zsh'
[0.484s] Level 1:colcon.colcon_core.environment:create_file_with_runtime_dependencies(/home/iserran1/Documents/tfg/install/custom_interface/share/colcon-core/packages/custom_interface)
[0.508s] Level 1:colcon.colcon_core.environment:create_environment_scripts_only(custom_interface)
[0.508s] Level 1:colcon.colcon_core.environment:checking '/home/iserran1/Documents/tfg/install/custom_interface' for CMake module files
[0.509s] Level 1:colcon.colcon_core.environment:checking '/home/iserran1/Documents/tfg/install/custom_interface' for CMake config files
[0.509s] Level 1:colcon.colcon_core.shell:create_environment_hook('custom_interface', 'cmake_prefix_path')
[0.509s] INFO:colcon.colcon_core.shell:Creating environment hook '/home/iserran1/Documents/tfg/install/custom_interface/share/custom_interface/hook/cmake_prefix_path.ps1'
[0.509s] INFO:colcon.colcon_core.shell:Creating environment descriptor '/home/iserran1/Documents/tfg/install/custom_interface/share/custom_interface/hook/cmake_prefix_path.dsv'
[0.510s] INFO:colcon.colcon_core.shell:Creating environment hook '/home/iserran1/Documents/tfg/install/custom_interface/share/custom_interface/hook/cmake_prefix_path.sh'
[0.510s] Level 1:colcon.colcon_core.environment:checking '/home/iserran1/Documents/tfg/install/custom_interface/lib'
[0.510s] Level 1:colcon.colcon_core.shell:create_environment_hook('custom_interface', 'ld_library_path_lib')
[0.510s] INFO:colcon.colcon_core.shell:Creating environment hook '/home/iserran1/Documents/tfg/install/custom_interface/share/custom_interface/hook/ld_library_path_lib.ps1'
[0.511s] INFO:colcon.colcon_core.shell:Creating environment descriptor '/home/iserran1/Documents/tfg/install/custom_interface/share/custom_interface/hook/ld_library_path_lib.dsv'
[0.511s] INFO:colcon.colcon_core.shell:Creating environment hook '/home/iserran1/Documents/tfg/install/custom_interface/share/custom_interface/hook/ld_library_path_lib.sh'
[0.511s] Level 1:colcon.colcon_core.environment:checking '/home/iserran1/Documents/tfg/install/custom_interface/bin'
[0.511s] Level 1:colcon.colcon_core.environment:checking '/home/iserran1/Documents/tfg/install/custom_interface/lib/pkgconfig/custom_interface.pc'
[0.511s] Level 1:colcon.colcon_core.environment:checking '/home/iserran1/Documents/tfg/install/custom_interface/lib/python3.10/site-packages'
[0.512s] Level 1:colcon.colcon_core.environment:checking '/home/iserran1/Documents/tfg/install/custom_interface/bin'
[0.512s] INFO:colcon.colcon_core.shell:Creating package script '/home/iserran1/Documents/tfg/install/custom_interface/share/custom_interface/package.ps1'
[0.512s] INFO:colcon.colcon_core.shell:Creating package descriptor '/home/iserran1/Documents/tfg/install/custom_interface/share/custom_interface/package.dsv'
[0.513s] INFO:colcon.colcon_core.shell:Creating package script '/home/iserran1/Documents/tfg/install/custom_interface/share/custom_interface/package.sh'
[0.513s] INFO:colcon.colcon_core.shell:Creating package script '/home/iserran1/Documents/tfg/install/custom_interface/share/custom_interface/package.bash'
[0.513s] INFO:colcon.colcon_core.shell:Creating package script '/home/iserran1/Documents/tfg/install/custom_interface/share/custom_interface/package.zsh'
[0.514s] Level 1:colcon.colcon_core.environment:create_file_with_runtime_dependencies(/home/iserran1/Documents/tfg/install/custom_interface/share/colcon-core/packages/custom_interface)
[0.514s] INFO:colcon.colcon_ros.task.ament_python.build:Building ROS package in '/home/iserran1/Documents/tfg/src/main' with build type 'ament_python'
[0.514s] Level 1:colcon.colcon_core.shell:create_environment_hook('main', 'ament_prefix_path')
[0.514s] INFO:colcon.colcon_core.shell:Creating environment hook '/home/iserran1/Documents/tfg/install/main/share/main/hook/ament_prefix_path.ps1'
[0.515s] INFO:colcon.colcon_core.shell:Creating environment descriptor '/home/iserran1/Documents/tfg/install/main/share/main/hook/ament_prefix_path.dsv'
[0.515s] INFO:colcon.colcon_core.shell:Creating environment hook '/home/iserran1/Documents/tfg/install/main/share/main/hook/ament_prefix_path.sh'
[0.515s] INFO:colcon.colcon_core.shell:Skip shell extension 'powershell' for command environment: Not usable outside of PowerShell
[0.515s] DEBUG:colcon.colcon_core.shell:Skip shell extension 'dsv' for command environment
[0.670s] INFO:colcon.colcon_core.task.python.build:Building Python package in '/home/iserran1/Documents/tfg/src/main'
[0.670s] INFO:colcon.colcon_core.shell:Skip shell extension 'powershell' for command environment: Not usable outside of PowerShell
[0.671s] DEBUG:colcon.colcon_core.shell:Skip shell extension 'dsv' for command environment
[0.895s] DEBUG:colcon.colcon_core.event_handler.log_command:Invoking command in '/home/iserran1/Documents/tfg/src/main': AMENT_PREFIX_PATH=/home/iserran1/Documents/tfg/install/custom_interface:${AMENT_PREFIX_PATH} CMAKE_PREFIX_PATH=/home/iserran1/Documents/tfg/install/custom_interface LD_LIBRARY_PATH=/home/iserran1/Documents/tfg/install/custom_interface/lib:${LD_LIBRARY_PATH} PYTHONPATH=/home/iserran1/Documents/tfg/build/main/prefix_override:/home/iserran1/Documents/tfg/install/main/lib/python3.10/site-packages:/home/iserran1/Documents/tfg/install/custom_interface/local/lib/python3.10/dist-packages:${PYTHONPATH} /usr/bin/python3 -W ignore:setup.py install is deprecated setup.py egg_info --egg-base ../../build/main build --build-base /home/iserran1/Documents/tfg/build/main/build install --record /home/iserran1/Documents/tfg/build/main/install.log --single-version-externally-managed install_data
[1.089s] Level 1:colcon.colcon_core.environment:checking '/home/iserran1/Documents/tfg/install/main' for CMake module files
[1.090s] DEBUG:colcon.colcon_core.event_handler.log_command:Invoked command in '/home/iserran1/Documents/tfg/src/main' returned '0': AMENT_PREFIX_PATH=/home/iserran1/Documents/tfg/install/custom_interface:${AMENT_PREFIX_PATH} CMAKE_PREFIX_PATH=/home/iserran1/Documents/tfg/install/custom_interface LD_LIBRARY_PATH=/home/iserran1/Documents/tfg/install/custom_interface/lib:${LD_LIBRARY_PATH} PYTHONPATH=/home/iserran1/Documents/tfg/build/main/prefix_override:/home/iserran1/Documents/tfg/install/main/lib/python3.10/site-packages:/home/iserran1/Documents/tfg/install/custom_interface/local/lib/python3.10/dist-packages:${PYTHONPATH} /usr/bin/python3 -W ignore:setup.py install is deprecated setup.py egg_info --egg-base ../../build/main build --build-base /home/iserran1/Documents/tfg/build/main/build install --record /home/iserran1/Documents/tfg/build/main/install.log --single-version-externally-managed install_data
[1.090s] Level 1:colcon.colcon_core.environment:checking '/home/iserran1/Documents/tfg/install/main' for CMake config files
[1.091s] Level 1:colcon.colcon_core.environment:checking '/home/iserran1/Documents/tfg/install/main/lib'
[1.091s] Level 1:colcon.colcon_core.environment:checking '/home/iserran1/Documents/tfg/install/main/bin'
[1.091s] Level 1:colcon.colcon_core.environment:checking '/home/iserran1/Documents/tfg/install/main/lib/pkgconfig/main.pc'
[1.091s] Level 1:colcon.colcon_core.environment:checking '/home/iserran1/Documents/tfg/install/main/lib/python3.10/site-packages'
[1.091s] Level 1:colcon.colcon_core.shell:create_environment_hook('main', 'pythonpath')
[1.091s] INFO:colcon.colcon_core.shell:Creating environment hook '/home/iserran1/Documents/tfg/install/main/share/main/hook/pythonpath.ps1'
[1.091s] INFO:colcon.colcon_core.shell:Creating environment descriptor '/home/iserran1/Documents/tfg/install/main/share/main/hook/pythonpath.dsv'
[1.092s] INFO:colcon.colcon_core.shell:Creating environment hook '/home/iserran1/Documents/tfg/install/main/share/main/hook/pythonpath.sh'
[1.092s] Level 1:colcon.colcon_core.environment:checking '/home/iserran1/Documents/tfg/install/main/bin'
[1.092s] Level 1:colcon.colcon_core.environment:create_environment_scripts_only(main)
[1.092s] INFO:colcon.colcon_core.shell:Creating package script '/home/iserran1/Documents/tfg/install/main/share/main/package.ps1'
[1.093s] INFO:colcon.colcon_core.shell:Creating package descriptor '/home/iserran1/Documents/tfg/install/main/share/main/package.dsv'
[1.093s] INFO:colcon.colcon_core.shell:Creating package script '/home/iserran1/Documents/tfg/install/main/share/main/package.sh'
[1.094s] INFO:colcon.colcon_core.shell:Creating package script '/home/iserran1/Documents/tfg/install/main/share/main/package.bash'
[1.094s] INFO:colcon.colcon_core.shell:Creating package script '/home/iserran1/Documents/tfg/install/main/share/main/package.zsh'
[1.094s] Level 1:colcon.colcon_core.environment:create_file_with_runtime_dependencies(/home/iserran1/Documents/tfg/install/main/share/colcon-core/packages/main)
[1.094s] INFO:colcon.colcon_ros.task.ament_cmake.build:Building ROS package in '/home/iserran1/Documents/tfg/src/bringup' with build type 'ament_cmake'
[1.095s] INFO:colcon.colcon_cmake.task.cmake.build:Building CMake package in '/home/iserran1/Documents/tfg/src/bringup'
[1.095s] INFO:colcon.colcon_core.shell:Skip shell extension 'powershell' for command environment: Not usable outside of PowerShell
[1.095s] DEBUG:colcon.colcon_core.shell:Skip shell extension 'dsv' for command environment
[1.101s] DEBUG:colcon.colcon_core.event_handler.log_command:Invoking command in '/home/iserran1/Documents/tfg/build/bringup': AMENT_PREFIX_PATH=/home/iserran1/Documents/tfg/install/main:/home/iserran1/Documents/tfg/install/custom_interface:${AMENT_PREFIX_PATH} CMAKE_PREFIX_PATH=/home/iserran1/Documents/tfg/install/custom_interface:/opt/ros/humble LD_LIBRARY_PATH=/home/iserran1/Documents/tfg/install/custom_interface/lib:${LD_LIBRARY_PATH} PYTHONPATH=/home/iserran1/Documents/tfg/install/main/lib/python3.10/site-packages:/home/iserran1/Documents/tfg/install/custom_interface/local/lib/python3.10/dist-packages:${PYTHONPATH} /usr/bin/cmake --build /home/iserran1/Documents/tfg/build/bringup -- -j12 -l12
[1.124s] DEBUG:colcon.colcon_core.event_handler.log_command:Invoked command in '/home/iserran1/Documents/tfg/build/bringup' returned '0': AMENT_PREFIX_PATH=/home/iserran1/Documents/tfg/install/main:/home/iserran1/Documents/tfg/install/custom_interface:${AMENT_PREFIX_PATH} CMAKE_PREFIX_PATH=/home/iserran1/Documents/tfg/install/custom_interface:/opt/ros/humble LD_LIBRARY_PATH=/home/iserran1/Documents/tfg/install/custom_interface/lib:${LD_LIBRARY_PATH} PYTHONPATH=/home/iserran1/Documents/tfg/install/main/lib/python3.10/site-packages:/home/iserran1/Documents/tfg/install/custom_interface/local/lib/python3.10/dist-packages:${PYTHONPATH} /usr/bin/cmake --build /home/iserran1/Documents/tfg/build/bringup -- -j12 -l12
[1.136s] DEBUG:colcon.colcon_core.event_handler.log_command:Invoking command in '/home/iserran1/Documents/tfg/build/bringup': AMENT_PREFIX_PATH=/home/iserran1/Documents/tfg/install/main:/home/iserran1/Documents/tfg/install/custom_interface:${AMENT_PREFIX_PATH} CMAKE_PREFIX_PATH=/home/iserran1/Documents/tfg/install/custom_interface:/opt/ros/humble LD_LIBRARY_PATH=/home/iserran1/Documents/tfg/install/custom_interface/lib:${LD_LIBRARY_PATH} PYTHONPATH=/home/iserran1/Documents/tfg/install/main/lib/python3.10/site-packages:/home/iserran1/Documents/tfg/install/custom_interface/local/lib/python3.10/dist-packages:${PYTHONPATH} /usr/bin/cmake --install /home/iserran1/Documents/tfg/build/bringup
[1.142s] Level 1:colcon.colcon_core.environment:create_environment_scripts_only(bringup)
[1.142s] Level 1:colcon.colcon_core.environment:checking '/home/iserran1/Documents/tfg/install/bringup' for CMake module files
[1.143s] DEBUG:colcon.colcon_core.event_handler.log_command:Invoked command in '/home/iserran1/Documents/tfg/build/bringup' returned '0': AMENT_PREFIX_PATH=/home/iserran1/Documents/tfg/install/main:/home/iserran1/Documents/tfg/install/custom_interface:${AMENT_PREFIX_PATH} CMAKE_PREFIX_PATH=/home/iserran1/Documents/tfg/install/custom_interface:/opt/ros/humble LD_LIBRARY_PATH=/home/iserran1/Documents/tfg/install/custom_interface/lib:${LD_LIBRARY_PATH} PYTHONPATH=/home/iserran1/Documents/tfg/install/main/lib/python3.10/site-packages:/home/iserran1/Documents/tfg/install/custom_interface/local/lib/python3.10/dist-packages:${PYTHONPATH} /usr/bin/cmake --install /home/iserran1/Documents/tfg/build/bringup
[1.143s] Level 1:colcon.colcon_core.environment:checking '/home/iserran1/Documents/tfg/install/bringup' for CMake config files
[1.143s] Level 1:colcon.colcon_core.shell:create_environment_hook('bringup', 'cmake_prefix_path')
[1.144s] INFO:colcon.colcon_core.shell:Creating environment hook '/home/iserran1/Documents/tfg/install/bringup/share/bringup/hook/cmake_prefix_path.ps1'
[1.144s] INFO:colcon.colcon_core.shell:Creating environment descriptor '/home/iserran1/Documents/tfg/install/bringup/share/bringup/hook/cmake_prefix_path.dsv'
[1.144s] INFO:colcon.colcon_core.shell:Creating environment hook '/home/iserran1/Documents/tfg/install/bringup/share/bringup/hook/cmake_prefix_path.sh'
[1.145s] Level 1:colcon.colcon_core.environment:checking '/home/iserran1/Documents/tfg/install/bringup/bin'
[1.145s] Level 1:colcon.colcon_core.environment:checking '/home/iserran1/Documents/tfg/install/bringup/lib/pkgconfig/bringup.pc'
[1.145s] Level 1:colcon.colcon_core.environment:checking '/home/iserran1/Documents/tfg/install/bringup/lib/python3.10/site-packages'
[1.145s] Level 1:colcon.colcon_core.environment:checking '/home/iserran1/Documents/tfg/install/bringup/bin'
[1.145s] INFO:colcon.colcon_core.shell:Creating package script '/home/iserran1/Documents/tfg/install/bringup/share/bringup/package.ps1'
[1.145s] INFO:colcon.colcon_core.shell:Creating package descriptor '/home/iserran1/Documents/tfg/install/bringup/share/bringup/package.dsv'
[1.145s] INFO:colcon.colcon_core.shell:Creating package script '/home/iserran1/Documents/tfg/install/bringup/share/bringup/package.sh'
[1.146s] INFO:colcon.colcon_core.shell:Creating package script '/home/iserran1/Documents/tfg/install/bringup/share/bringup/package.bash'
[1.146s] INFO:colcon.colcon_core.shell:Creating package script '/home/iserran1/Documents/tfg/install/bringup/share/bringup/package.zsh'
[1.146s] Level 1:colcon.colcon_core.environment:create_file_with_runtime_dependencies(/home/iserran1/Documents/tfg/install/bringup/share/colcon-core/packages/bringup)
[1.156s] Level 1:colcon.colcon_core.environment:create_environment_scripts_only(bringup)
[1.157s] Level 1:colcon.colcon_core.environment:checking '/home/iserran1/Documents/tfg/install/bringup' for CMake module files
[1.157s] Level 1:colcon.colcon_core.environment:checking '/home/iserran1/Documents/tfg/install/bringup' for CMake config files
[1.157s] Level 1:colcon.colcon_core.shell:create_environment_hook('bringup', 'cmake_prefix_path')
[1.157s] INFO:colcon.colcon_core.shell:Creating environment hook '/home/iserran1/Documents/tfg/install/bringup/share/bringup/hook/cmake_prefix_path.ps1'
[1.158s] INFO:colcon.colcon_core.shell:Creating environment descriptor '/home/iserran1/Documents/tfg/install/bringup/share/bringup/hook/cmake_prefix_path.dsv'
[1.158s] INFO:colcon.colcon_core.shell:Creating environment hook '/home/iserran1/Documents/tfg/install/bringup/share/bringup/hook/cmake_prefix_path.sh'
[1.158s] Level 1:colcon.colcon_core.environment:checking '/home/iserran1/Documents/tfg/install/bringup/bin'
[1.158s] Level 1:colcon.colcon_core.environment:checking '/home/iserran1/Documents/tfg/install/bringup/lib/pkgconfig/bringup.pc'
[1.158s] Level 1:colcon.colcon_core.environment:checking '/home/iserran1/Documents/tfg/install/bringup/lib/python3.10/site-packages'
[1.158s] Level 1:colcon.colcon_core.environment:checking '/home/iserran1/Documents/tfg/install/bringup/bin'
[1.158s] INFO:colcon.colcon_core.shell:Creating package script '/home/iserran1/Documents/tfg/install/bringup/share/bringup/package.ps1'
[1.159s] INFO:colcon.colcon_core.shell:Creating package descriptor '/home/iserran1/Documents/tfg/install/bringup/share/bringup/package.dsv'
[1.159s] INFO:colcon.colcon_core.shell:Creating package script '/home/iserran1/Documents/tfg/install/bringup/share/bringup/package.sh'
[1.159s] INFO:colcon.colcon_core.shell:Creating package script '/home/iserran1/Documents/tfg/install/bringup/share/bringup/package.bash'
[1.159s] INFO:colcon.colcon_core.shell:Creating package script '/home/iserran1/Documents/tfg/install/bringup/share/bringup/package.zsh'
[1.159s] Level 1:colcon.colcon_core.environment:create_file_with_runtime_dependencies(/home/iserran1/Documents/tfg/install/bringup/share/colcon-core/packages/bringup)
[1.159s] DEBUG:colcon.colcon_parallel_executor.executor.parallel:closing loop
[1.159s] DEBUG:colcon.colcon_parallel_executor.executor.parallel:loop closed
[1.160s] DEBUG:colcon.colcon_parallel_executor.executor.parallel:run_until_complete finished with '0'
[1.160s] DEBUG:colcon.colcon_core.event_reactor:joining thread
[1.165s] INFO:colcon.colcon_core.plugin_system:Skipping extension 'colcon_notification.desktop_notification.terminal_notifier': Not used on non-Darwin systems
[1.165s] INFO:colcon.colcon_core.plugin_system:Skipping extension 'colcon_notification.desktop_notification.win32': Not used on non-Windows systems
[1.165s] INFO:colcon.colcon_notification.desktop_notification:Sending desktop notification using 'notify2'
[1.178s] DEBUG:colcon.colcon_core.event_reactor:joined thread
[1.178s] INFO:colcon.colcon_core.shell:Creating prefix script '/home/iserran1/Documents/tfg/install/local_setup.ps1'
[1.179s] INFO:colcon.colcon_core.shell:Creating prefix util module '/home/iserran1/Documents/tfg/install/_local_setup_util_ps1.py'
[1.180s] INFO:colcon.colcon_core.shell:Creating prefix chain script '/home/iserran1/Documents/tfg/install/setup.ps1'
[1.180s] INFO:colcon.colcon_core.shell:Creating prefix script '/home/iserran1/Documents/tfg/install/local_setup.sh'
[1.180s] INFO:colcon.colcon_core.shell:Creating prefix util module '/home/iserran1/Documents/tfg/install/_local_setup_util_sh.py'
[1.181s] INFO:colcon.colcon_core.shell:Creating prefix chain script '/home/iserran1/Documents/tfg/install/setup.sh'
[1.182s] INFO:colcon.colcon_core.shell:Creating prefix script '/home/iserran1/Documents/tfg/install/local_setup.bash'
[1.182s] INFO:colcon.colcon_core.shell:Creating prefix chain script '/home/iserran1/Documents/tfg/install/setup.bash'
[1.183s] INFO:colcon.colcon_core.shell:Creating prefix script '/home/iserran1/Documents/tfg/install/local_setup.zsh'
[1.184s] INFO:colcon.colcon_core.shell:Creating prefix chain script '/home/iserran1/Documents/tfg/install/setup.zsh'
