[0.353s] Invoking command in '/home/iserran1/Documents/tfg/src/main': CMAKE_PREFIX_PATH=/home/iserran1/Documents/tfg/install/custom_interface:/home/iserran1/Documents/tfg/install/bringup PYTHONPATH=/home/iserran1/Documents/tfg/build/main/prefix_override:/home/iserran1/Documents/tfg/install/main/lib/python3.10/site-packages:${PYTHONPATH} /usr/bin/python3 -W ignore:setup.py install is deprecated setup.py egg_info --egg-base ../../build/main build --build-base /home/iserran1/Documents/tfg/build/main/build install --record /home/iserran1/Documents/tfg/build/main/install.log --single-version-externally-managed install_data
[0.480s] running egg_info
[0.480s] writing ../../build/main/main.egg-info/PKG-INFO
[0.480s] writing dependency_links to ../../build/main/main.egg-info/dependency_links.txt
[0.480s] writing entry points to ../../build/main/main.egg-info/entry_points.txt
[0.480s] writing requirements to ../../build/main/main.egg-info/requires.txt
[0.480s] writing top-level names to ../../build/main/main.egg-info/top_level.txt
[0.481s] reading manifest file '../../build/main/main.egg-info/SOURCES.txt'
[0.482s] writing manifest file '../../build/main/main.egg-info/SOURCES.txt'
[0.482s] running build
[0.482s] running build_py
[0.482s] running install
[0.482s] running install_lib
[0.483s] running install_data
[0.483s] running install_egg_info
[0.484s] removing '/home/iserran1/Documents/tfg/install/main/lib/python3.10/site-packages/main-0.0.0-py3.10.egg-info' (and everything under it)
[0.484s] Copying ../../build/main/main.egg-info to /home/iserran1/Documents/tfg/install/main/lib/python3.10/site-packages/main-0.0.0-py3.10.egg-info
[0.485s] running install_scripts
[0.497s] Installing main_subscriber script to /home/iserran1/Documents/tfg/install/main/lib/main
[0.497s] Installing publisher script to /home/iserran1/Documents/tfg/install/main/lib/main
[0.497s] Installing reviewer script to /home/iserran1/Documents/tfg/install/main/lib/main
[0.497s] Installing tiebreaker script to /home/iserran1/Documents/tfg/install/main/lib/main
[0.497s] Installing trail_subscriber script to /home/iserran1/Documents/tfg/install/main/lib/main
[0.497s] writing list of installed files to '/home/iserran1/Documents/tfg/build/main/install.log'
[0.512s] Invoked command in '/home/iserran1/Documents/tfg/src/main' returned '0': CMAKE_PREFIX_PATH=/home/iserran1/Documents/tfg/install/custom_interface:/home/iserran1/Documents/tfg/install/bringup PYTHONPATH=/home/iserran1/Documents/tfg/build/main/prefix_override:/home/iserran1/Documents/tfg/install/main/lib/python3.10/site-packages:${PYTHONPATH} /usr/bin/python3 -W ignore:setup.py install is deprecated setup.py egg_info --egg-base ../../build/main build --build-base /home/iserran1/Documents/tfg/build/main/build install --record /home/iserran1/Documents/tfg/build/main/install.log --single-version-externally-managed install_data
