running egg_info
writing ../../build/main/main.egg-info/PKG-INFO
writing dependency_links to ../../build/main/main.egg-info/dependency_links.txt
writing entry points to ../../build/main/main.egg-info/entry_points.txt
writing requirements to ../../build/main/main.egg-info/requires.txt
writing top-level names to ../../build/main/main.egg-info/top_level.txt
reading manifest file '../../build/main/main.egg-info/SOURCES.txt'
writing manifest file '../../build/main/main.egg-info/SOURCES.txt'
running build
running build_py
copying reviewer/reviewer.py -> /home/iserran1/Documents/tfg/build/main/build/lib/reviewer
running install
running install_lib
copying /home/iserran1/Documents/tfg/build/main/build/lib/reviewer/reviewer.py -> /home/iserran1/Documents/tfg/install/main/lib/python3.10/site-packages/reviewer
byte-compiling /home/iserran1/Documents/tfg/install/main/lib/python3.10/site-packages/reviewer/reviewer.py to reviewer.cpython-310.pyc
running install_data
running install_egg_info
removing '/home/iserran1/Documents/tfg/install/main/lib/python3.10/site-packages/main-0.0.0-py3.10.egg-info' (and everything under it)
Copying ../../build/main/main.egg-info to /home/iserran1/Documents/tfg/install/main/lib/python3.10/site-packages/main-0.0.0-py3.10.egg-info
running install_scripts
Installing main_subscriber script to /home/iserran1/Documents/tfg/install/main/lib/main
Installing publisher script to /home/iserran1/Documents/tfg/install/main/lib/main
Installing reviewer script to /home/iserran1/Documents/tfg/install/main/lib/main
Installing tiebreaker script to /home/iserran1/Documents/tfg/install/main/lib/main
Installing trail_subscriber script to /home/iserran1/Documents/tfg/install/main/lib/main
writing list of installed files to '/home/iserran1/Documents/tfg/build/main/install.log'
