[0.006s] Invoking command in '/home/iserran1/Documents/tfg/build/custom_interface': CMAKE_PREFIX_PATH=${CMAKE_PREFIX_PATH}:/home/iserran1/Documents/tfg/install/main:/home/iserran1/Documents/testService/install/main:/opt/ros/humble /usr/bin/cmake --build /home/iserran1/Documents/tfg/build/custom_interface -- -j12 -l12
[0.019s] -- Found ament_cmake: 1.3.8 (/opt/ros/humble/share/ament_cmake/cmake)
[0.087s] -- Found rosidl_default_generators: 1.2.0 (/opt/ros/humble/share/rosidl_default_generators/cmake)
[0.088s] -- Using all available rosidl_typesupport_c: rosidl_typesupport_fastrtps_c;rosidl_typesupport_introspection_c
[0.089s] -- Found rosidl_adapter: 3.1.5 (/opt/ros/humble/share/rosidl_adapter/cmake)
[0.104s] -- Using all available rosidl_typesupport_cpp: rosidl_typesupport_fastrtps_cpp;rosidl_typesupport_introspection_cpp
[0.250s] -- Found ament_cmake_ros: 0.10.0 (/opt/ros/humble/share/ament_cmake_ros/cmake)
[0.365s] -- Using all available rosidl_typesupport_c: rosidl_typesupport_fastrtps_c;rosidl_typesupport_introspection_c
[0.505s] -- Using all available rosidl_typesupport_cpp: rosidl_typesupport_fastrtps_cpp;rosidl_typesupport_introspection_cpp
[0.518s] -- Found python_cmake_module: 0.10.0 (/opt/ros/humble/share/python_cmake_module/cmake)
[0.532s] -- Using PYTHON_EXECUTABLE: /usr/bin/python3
[0.532s] -- Using PYTHON_INCLUDE_DIRS: /usr/include/python3.10
[0.532s] -- Using PYTHON_LIBRARIES: /usr/lib/x86_64-linux-gnu/libpython3.10.so
[0.546s] -- Configuring done
[0.560s] -- Generating done
[0.561s] -- Build files have been written to: /home/iserran1/Documents/tfg/build/custom_interface
[0.574s] [35m[1mConsolidate compiler generated dependencies of target custom_interface__rosidl_generator_c[0m
[0.579s] [  3%] Built target custom_interface__cpp
[0.580s] [ 12%] Built target custom_interface__rosidl_generator_c
[0.585s] [35m[1mConsolidate compiler generated dependencies of target custom_interface__rosidl_typesupport_cpp[0m
[0.585s] [35m[1mConsolidate compiler generated dependencies of target custom_interface__rosidl_typesupport_fastrtps_cpp[0m
[0.587s] [35m[1mConsolidate compiler generated dependencies of target custom_interface__rosidl_typesupport_introspection_cpp[0m
[0.593s] [ 22%] Built target custom_interface__rosidl_typesupport_cpp
[0.593s] [ 22%] Built target ament_cmake_python_copy_custom_interface
[0.594s] [ 32%] Built target custom_interface__rosidl_typesupport_fastrtps_cpp
[0.597s] [ 41%] Built target custom_interface__rosidl_typesupport_introspection_cpp
[0.599s] [35m[1mConsolidate compiler generated dependencies of target custom_interface__rosidl_typesupport_fastrtps_c[0m
[0.599s] [35m[1mConsolidate compiler generated dependencies of target custom_interface__rosidl_typesupport_introspection_c[0m
[0.602s] [35m[1mConsolidate compiler generated dependencies of target custom_interface__rosidl_typesupport_c[0m
[0.606s] [ 61%] Built target custom_interface__rosidl_typesupport_introspection_c
[0.606s] [ 61%] Built target custom_interface__rosidl_typesupport_fastrtps_c
[0.611s] [ 70%] Built target custom_interface__rosidl_typesupport_c
[0.622s] [ 70%] Built target custom_interface
[0.633s] [ 74%] Built target custom_interface__py
[0.639s] [35m[1mConsolidate compiler generated dependencies of target custom_interface__rosidl_generator_py[0m
[0.647s] [ 80%] Built target custom_interface__rosidl_generator_py
[0.653s] [35m[1mConsolidate compiler generated dependencies of target custom_interface__rosidl_typesupport_fastrtps_c__pyext[0m
[0.655s] [35m[1mConsolidate compiler generated dependencies of target custom_interface__rosidl_typesupport_introspection_c__pyext[0m
[0.655s] [35m[1mConsolidate compiler generated dependencies of target custom_interface__rosidl_typesupport_c__pyext[0m
[0.661s] [ 87%] Built target custom_interface__rosidl_typesupport_fastrtps_c__pyext
[0.667s] [100%] Built target custom_interface__rosidl_typesupport_c__pyext
[0.667s] [100%] Built target custom_interface__rosidl_typesupport_introspection_c__pyext
[0.736s] running egg_info
[0.737s] writing custom_interface.egg-info/PKG-INFO
[0.737s] writing dependency_links to custom_interface.egg-info/dependency_links.txt
[0.737s] writing top-level names to custom_interface.egg-info/top_level.txt
[0.738s] reading manifest file 'custom_interface.egg-info/SOURCES.txt'
[0.738s] writing manifest file 'custom_interface.egg-info/SOURCES.txt'
[0.754s] [100%] Built target ament_cmake_python_build_custom_interface_egg
[0.761s] Invoked command in '/home/iserran1/Documents/tfg/build/custom_interface' returned '0': CMAKE_PREFIX_PATH=${CMAKE_PREFIX_PATH}:/home/iserran1/Documents/tfg/install/main:/home/iserran1/Documents/testService/install/main:/opt/ros/humble /usr/bin/cmake --build /home/iserran1/Documents/tfg/build/custom_interface -- -j12 -l12
[0.795s] Invoking command in '/home/iserran1/Documents/tfg/build/custom_interface': CMAKE_PREFIX_PATH=${CMAKE_PREFIX_PATH}:/home/iserran1/Documents/tfg/install/main:/home/iserran1/Documents/testService/install/main:/opt/ros/humble /usr/bin/cmake --install /home/iserran1/Documents/tfg/build/custom_interface
[0.799s] -- Install configuration: ""
[0.799s] -- Up-to-date: /home/iserran1/Documents/tfg/install/custom_interface/share/ament_index/resource_index/rosidl_interfaces/custom_interface
[0.799s] -- Up-to-date: /home/iserran1/Documents/tfg/install/custom_interface/include/custom_interface/custom_interface
[0.799s] -- Up-to-date: /home/iserran1/Documents/tfg/install/custom_interface/include/custom_interface/custom_interface/srv
[0.799s] -- Up-to-date: /home/iserran1/Documents/tfg/install/custom_interface/include/custom_interface/custom_interface/srv/frame_info.h
[0.799s] -- Up-to-date: /home/iserran1/Documents/tfg/install/custom_interface/include/custom_interface/custom_interface/srv/detail
[0.799s] -- Up-to-date: /home/iserran1/Documents/tfg/install/custom_interface/include/custom_interface/custom_interface/srv/detail/frame_info__type_support.h
[0.799s] -- Up-to-date: /home/iserran1/Documents/tfg/install/custom_interface/include/custom_interface/custom_interface/srv/detail/frame_info__functions.h
[0.799s] -- Up-to-date: /home/iserran1/Documents/tfg/install/custom_interface/include/custom_interface/custom_interface/srv/detail/frame_info__functions.c
[0.799s] -- Up-to-date: /home/iserran1/Documents/tfg/install/custom_interface/include/custom_interface/custom_interface/srv/detail/frame_info__struct.h
[0.800s] -- Up-to-date: /home/iserran1/Documents/tfg/install/custom_interface/include/custom_interface/custom_interface/msg
[0.800s] -- Up-to-date: /home/iserran1/Documents/tfg/install/custom_interface/include/custom_interface/custom_interface/msg/rosidl_generator_c__visibility_control.h
[0.800s] -- Up-to-date: /home/iserran1/Documents/tfg/install/custom_interface/share/custom_interface/environment/library_path.sh
[0.800s] -- Installing: /home/iserran1/Documents/tfg/install/custom_interface/share/custom_interface/environment/library_path.dsv
[0.800s] -- Up-to-date: /home/iserran1/Documents/tfg/install/custom_interface/lib/libcustom_interface__rosidl_generator_c.so
[0.800s] -- Up-to-date: /home/iserran1/Documents/tfg/install/custom_interface/include/custom_interface/custom_interface
[0.800s] -- Up-to-date: /home/iserran1/Documents/tfg/install/custom_interface/include/custom_interface/custom_interface/srv
[0.800s] -- Up-to-date: /home/iserran1/Documents/tfg/install/custom_interface/include/custom_interface/custom_interface/srv/detail
[0.800s] -- Up-to-date: /home/iserran1/Documents/tfg/install/custom_interface/include/custom_interface/custom_interface/srv/detail/frame_info__rosidl_typesupport_fastrtps_c.h
[0.800s] -- Up-to-date: /home/iserran1/Documents/tfg/install/custom_interface/include/custom_interface/custom_interface/msg
[0.800s] -- Up-to-date: /home/iserran1/Documents/tfg/install/custom_interface/include/custom_interface/custom_interface/msg/rosidl_typesupport_fastrtps_c__visibility_control.h
[0.800s] -- Up-to-date: /home/iserran1/Documents/tfg/install/custom_interface/lib/libcustom_interface__rosidl_typesupport_fastrtps_c.so
[0.800s] -- Up-to-date: /home/iserran1/Documents/tfg/install/custom_interface/include/custom_interface/custom_interface
[0.800s] -- Up-to-date: /home/iserran1/Documents/tfg/install/custom_interface/include/custom_interface/custom_interface/srv
[0.801s] -- Up-to-date: /home/iserran1/Documents/tfg/install/custom_interface/include/custom_interface/custom_interface/srv/detail
[0.801s] -- Up-to-date: /home/iserran1/Documents/tfg/install/custom_interface/include/custom_interface/custom_interface/srv/detail/frame_info__rosidl_typesupport_introspection_c.h
[0.801s] -- Up-to-date: /home/iserran1/Documents/tfg/install/custom_interface/include/custom_interface/custom_interface/srv/detail/frame_info__type_support.c
[0.801s] -- Up-to-date: /home/iserran1/Documents/tfg/install/custom_interface/include/custom_interface/custom_interface/msg
[0.801s] -- Up-to-date: /home/iserran1/Documents/tfg/install/custom_interface/include/custom_interface/custom_interface/msg/rosidl_typesupport_introspection_c__visibility_control.h
[0.801s] -- Up-to-date: /home/iserran1/Documents/tfg/install/custom_interface/lib/libcustom_interface__rosidl_typesupport_introspection_c.so
[0.801s] -- Up-to-date: /home/iserran1/Documents/tfg/install/custom_interface/lib/libcustom_interface__rosidl_typesupport_c.so
[0.801s] -- Up-to-date: /home/iserran1/Documents/tfg/install/custom_interface/include/custom_interface/custom_interface
[0.801s] -- Up-to-date: /home/iserran1/Documents/tfg/install/custom_interface/include/custom_interface/custom_interface/srv
[0.801s] -- Up-to-date: /home/iserran1/Documents/tfg/install/custom_interface/include/custom_interface/custom_interface/srv/frame_info.hpp
[0.801s] -- Up-to-date: /home/iserran1/Documents/tfg/install/custom_interface/include/custom_interface/custom_interface/srv/detail
[0.801s] -- Up-to-date: /home/iserran1/Documents/tfg/install/custom_interface/include/custom_interface/custom_interface/srv/detail/frame_info__traits.hpp
[0.801s] -- Up-to-date: /home/iserran1/Documents/tfg/install/custom_interface/include/custom_interface/custom_interface/srv/detail/frame_info__struct.hpp
[0.801s] -- Up-to-date: /home/iserran1/Documents/tfg/install/custom_interface/include/custom_interface/custom_interface/srv/detail/frame_info__builder.hpp
[0.801s] -- Up-to-date: /home/iserran1/Documents/tfg/install/custom_interface/include/custom_interface/custom_interface
[0.801s] -- Up-to-date: /home/iserran1/Documents/tfg/install/custom_interface/include/custom_interface/custom_interface/srv
[0.802s] -- Up-to-date: /home/iserran1/Documents/tfg/install/custom_interface/include/custom_interface/custom_interface/srv/detail
[0.802s] -- Up-to-date: /home/iserran1/Documents/tfg/install/custom_interface/include/custom_interface/custom_interface/srv/detail/frame_info__rosidl_typesupport_fastrtps_cpp.hpp
[0.802s] -- Up-to-date: /home/iserran1/Documents/tfg/install/custom_interface/include/custom_interface/custom_interface/srv/detail/dds_fastrtps
[0.802s] -- Up-to-date: /home/iserran1/Documents/tfg/install/custom_interface/include/custom_interface/custom_interface/msg
[0.802s] -- Up-to-date: /home/iserran1/Documents/tfg/install/custom_interface/include/custom_interface/custom_interface/msg/rosidl_typesupport_fastrtps_cpp__visibility_control.h
[0.802s] -- Up-to-date: /home/iserran1/Documents/tfg/install/custom_interface/lib/libcustom_interface__rosidl_typesupport_fastrtps_cpp.so
[0.802s] -- Up-to-date: /home/iserran1/Documents/tfg/install/custom_interface/include/custom_interface/custom_interface
[0.802s] -- Up-to-date: /home/iserran1/Documents/tfg/install/custom_interface/include/custom_interface/custom_interface/srv
[0.802s] -- Up-to-date: /home/iserran1/Documents/tfg/install/custom_interface/include/custom_interface/custom_interface/srv/detail
[0.802s] -- Up-to-date: /home/iserran1/Documents/tfg/install/custom_interface/include/custom_interface/custom_interface/srv/detail/frame_info__type_support.cpp
[0.802s] -- Up-to-date: /home/iserran1/Documents/tfg/install/custom_interface/include/custom_interface/custom_interface/srv/detail/frame_info__rosidl_typesupport_introspection_cpp.hpp
[0.802s] -- Up-to-date: /home/iserran1/Documents/tfg/install/custom_interface/lib/libcustom_interface__rosidl_typesupport_introspection_cpp.so
[0.802s] -- Up-to-date: /home/iserran1/Documents/tfg/install/custom_interface/lib/libcustom_interface__rosidl_typesupport_cpp.so
[0.802s] -- Up-to-date: /home/iserran1/Documents/tfg/install/custom_interface/share/custom_interface/environment/pythonpath.sh
[0.802s] -- Installing: /home/iserran1/Documents/tfg/install/custom_interface/share/custom_interface/environment/pythonpath.dsv
[0.802s] -- Up-to-date: /home/iserran1/Documents/tfg/install/custom_interface/local/lib/python3.10/dist-packages/custom_interface-0.0.0-py3.10.egg-info
[0.802s] -- Installing: /home/iserran1/Documents/tfg/install/custom_interface/local/lib/python3.10/dist-packages/custom_interface-0.0.0-py3.10.egg-info/SOURCES.txt
[0.802s] -- Installing: /home/iserran1/Documents/tfg/install/custom_interface/local/lib/python3.10/dist-packages/custom_interface-0.0.0-py3.10.egg-info/dependency_links.txt
[0.803s] -- Installing: /home/iserran1/Documents/tfg/install/custom_interface/local/lib/python3.10/dist-packages/custom_interface-0.0.0-py3.10.egg-info/top_level.txt
[0.803s] -- Installing: /home/iserran1/Documents/tfg/install/custom_interface/local/lib/python3.10/dist-packages/custom_interface-0.0.0-py3.10.egg-info/PKG-INFO
[0.803s] -- Up-to-date: /home/iserran1/Documents/tfg/install/custom_interface/local/lib/python3.10/dist-packages/custom_interface
[0.803s] -- Up-to-date: /home/iserran1/Documents/tfg/install/custom_interface/local/lib/python3.10/dist-packages/custom_interface/custom_interface_s__rosidl_typesupport_fastrtps_c.cpython-310-x86_64-linux-gnu.so
[0.803s] -- Up-to-date: /home/iserran1/Documents/tfg/install/custom_interface/local/lib/python3.10/dist-packages/custom_interface/_custom_interface_s.ep.rosidl_typesupport_c.c
[0.803s] -- Up-to-date: /home/iserran1/Documents/tfg/install/custom_interface/local/lib/python3.10/dist-packages/custom_interface/libcustom_interface__rosidl_generator_py.so
[0.803s] -- Installing: /home/iserran1/Documents/tfg/install/custom_interface/local/lib/python3.10/dist-packages/custom_interface/__init__.py
[0.803s] -- Up-to-date: /home/iserran1/Documents/tfg/install/custom_interface/local/lib/python3.10/dist-packages/custom_interface/srv
[0.803s] -- Up-to-date: /home/iserran1/Documents/tfg/install/custom_interface/local/lib/python3.10/dist-packages/custom_interface/srv/__init__.py
[0.803s] -- Up-to-date: /home/iserran1/Documents/tfg/install/custom_interface/local/lib/python3.10/dist-packages/custom_interface/srv/_frame_info_s.c
[0.803s] -- Up-to-date: /home/iserran1/Documents/tfg/install/custom_interface/local/lib/python3.10/dist-packages/custom_interface/srv/_frame_info.py
[0.803s] -- Up-to-date: /home/iserran1/Documents/tfg/install/custom_interface/local/lib/python3.10/dist-packages/custom_interface/_custom_interface_s.ep.rosidl_typesupport_fastrtps_c.c
[0.803s] -- Up-to-date: /home/iserran1/Documents/tfg/install/custom_interface/local/lib/python3.10/dist-packages/custom_interface/custom_interface_s__rosidl_typesupport_introspection_c.cpython-310-x86_64-linux-gnu.so
[0.803s] -- Up-to-date: /home/iserran1/Documents/tfg/install/custom_interface/local/lib/python3.10/dist-packages/custom_interface/_custom_interface_s.ep.rosidl_typesupport_introspection_c.c
[0.804s] -- Up-to-date: /home/iserran1/Documents/tfg/install/custom_interface/local/lib/python3.10/dist-packages/custom_interface/custom_interface_s__rosidl_typesupport_c.cpython-310-x86_64-linux-gnu.so
[0.819s] Listing '/home/iserran1/Documents/tfg/install/custom_interface/local/lib/python3.10/dist-packages/custom_interface'...
[0.819s] Compiling '/home/iserran1/Documents/tfg/install/custom_interface/local/lib/python3.10/dist-packages/custom_interface/__init__.py'...
[0.819s] Listing '/home/iserran1/Documents/tfg/install/custom_interface/local/lib/python3.10/dist-packages/custom_interface/srv'...
[0.821s] -- Up-to-date: /home/iserran1/Documents/tfg/install/custom_interface/local/lib/python3.10/dist-packages/custom_interface/custom_interface_s__rosidl_typesupport_fastrtps_c.cpython-310-x86_64-linux-gnu.so
[0.821s] -- Up-to-date: /home/iserran1/Documents/tfg/install/custom_interface/local/lib/python3.10/dist-packages/custom_interface/custom_interface_s__rosidl_typesupport_introspection_c.cpython-310-x86_64-linux-gnu.so
[0.821s] -- Up-to-date: /home/iserran1/Documents/tfg/install/custom_interface/local/lib/python3.10/dist-packages/custom_interface/custom_interface_s__rosidl_typesupport_c.cpython-310-x86_64-linux-gnu.so
[0.822s] -- Up-to-date: /home/iserran1/Documents/tfg/install/custom_interface/lib/libcustom_interface__rosidl_generator_py.so
[0.822s] -- Up-to-date: /home/iserran1/Documents/tfg/install/custom_interface/share/custom_interface/srv/FrameInfo.idl
[0.822s] -- Up-to-date: /home/iserran1/Documents/tfg/install/custom_interface/share/custom_interface/srv/FrameInfo.srv
[0.822s] -- Up-to-date: /home/iserran1/Documents/tfg/install/custom_interface/share/custom_interface/srv/FrameInfo_Request.msg
[0.822s] -- Up-to-date: /home/iserran1/Documents/tfg/install/custom_interface/share/custom_interface/srv/FrameInfo_Response.msg
[0.822s] -- Up-to-date: /home/iserran1/Documents/tfg/install/custom_interface/share/ament_index/resource_index/package_run_dependencies/custom_interface
[0.822s] -- Installing: /home/iserran1/Documents/tfg/install/custom_interface/share/ament_index/resource_index/parent_prefix_path/custom_interface
[0.822s] -- Up-to-date: /home/iserran1/Documents/tfg/install/custom_interface/share/custom_interface/environment/ament_prefix_path.sh
[0.822s] -- Installing: /home/iserran1/Documents/tfg/install/custom_interface/share/custom_interface/environment/ament_prefix_path.dsv
[0.822s] -- Up-to-date: /home/iserran1/Documents/tfg/install/custom_interface/share/custom_interface/environment/path.sh
[0.822s] -- Installing: /home/iserran1/Documents/tfg/install/custom_interface/share/custom_interface/environment/path.dsv
[0.822s] -- Up-to-date: /home/iserran1/Documents/tfg/install/custom_interface/share/custom_interface/local_setup.bash
[0.822s] -- Up-to-date: /home/iserran1/Documents/tfg/install/custom_interface/share/custom_interface/local_setup.sh
[0.822s] -- Up-to-date: /home/iserran1/Documents/tfg/install/custom_interface/share/custom_interface/local_setup.zsh
[0.823s] -- Installing: /home/iserran1/Documents/tfg/install/custom_interface/share/custom_interface/local_setup.dsv
[0.823s] -- Installing: /home/iserran1/Documents/tfg/install/custom_interface/share/custom_interface/package.dsv
[0.823s] -- Up-to-date: /home/iserran1/Documents/tfg/install/custom_interface/share/ament_index/resource_index/packages/custom_interface
[0.823s] -- Up-to-date: /home/iserran1/Documents/tfg/install/custom_interface/share/custom_interface/cmake/export_custom_interface__rosidl_generator_cExport.cmake
[0.823s] -- Up-to-date: /home/iserran1/Documents/tfg/install/custom_interface/share/custom_interface/cmake/export_custom_interface__rosidl_generator_cExport-noconfig.cmake
[0.823s] -- Up-to-date: /home/iserran1/Documents/tfg/install/custom_interface/share/custom_interface/cmake/export_custom_interface__rosidl_typesupport_fastrtps_cExport.cmake
[0.823s] -- Up-to-date: /home/iserran1/Documents/tfg/install/custom_interface/share/custom_interface/cmake/export_custom_interface__rosidl_typesupport_fastrtps_cExport-noconfig.cmake
[0.823s] -- Up-to-date: /home/iserran1/Documents/tfg/install/custom_interface/share/custom_interface/cmake/custom_interface__rosidl_typesupport_introspection_cExport.cmake
[0.823s] -- Up-to-date: /home/iserran1/Documents/tfg/install/custom_interface/share/custom_interface/cmake/custom_interface__rosidl_typesupport_introspection_cExport-noconfig.cmake
[0.823s] -- Up-to-date: /home/iserran1/Documents/tfg/install/custom_interface/share/custom_interface/cmake/custom_interface__rosidl_typesupport_cExport.cmake
[0.823s] -- Up-to-date: /home/iserran1/Documents/tfg/install/custom_interface/share/custom_interface/cmake/custom_interface__rosidl_typesupport_cExport-noconfig.cmake
[0.823s] -- Up-to-date: /home/iserran1/Documents/tfg/install/custom_interface/share/custom_interface/cmake/export_custom_interface__rosidl_generator_cppExport.cmake
[0.823s] -- Up-to-date: /home/iserran1/Documents/tfg/install/custom_interface/share/custom_interface/cmake/export_custom_interface__rosidl_typesupport_fastrtps_cppExport.cmake
[0.823s] -- Up-to-date: /home/iserran1/Documents/tfg/install/custom_interface/share/custom_interface/cmake/export_custom_interface__rosidl_typesupport_fastrtps_cppExport-noconfig.cmake
[0.823s] -- Up-to-date: /home/iserran1/Documents/tfg/install/custom_interface/share/custom_interface/cmake/custom_interface__rosidl_typesupport_introspection_cppExport.cmake
[0.823s] -- Up-to-date: /home/iserran1/Documents/tfg/install/custom_interface/share/custom_interface/cmake/custom_interface__rosidl_typesupport_introspection_cppExport-noconfig.cmake
[0.823s] -- Up-to-date: /home/iserran1/Documents/tfg/install/custom_interface/share/custom_interface/cmake/custom_interface__rosidl_typesupport_cppExport.cmake
[0.823s] -- Up-to-date: /home/iserran1/Documents/tfg/install/custom_interface/share/custom_interface/cmake/custom_interface__rosidl_typesupport_cppExport-noconfig.cmake
[0.823s] -- Up-to-date: /home/iserran1/Documents/tfg/install/custom_interface/share/custom_interface/cmake/export_custom_interface__rosidl_generator_pyExport.cmake
[0.823s] -- Up-to-date: /home/iserran1/Documents/tfg/install/custom_interface/share/custom_interface/cmake/export_custom_interface__rosidl_generator_pyExport-noconfig.cmake
[0.823s] -- Up-to-date: /home/iserran1/Documents/tfg/install/custom_interface/share/custom_interface/cmake/rosidl_cmake-extras.cmake
[0.823s] -- Up-to-date: /home/iserran1/Documents/tfg/install/custom_interface/share/custom_interface/cmake/ament_cmake_export_include_directories-extras.cmake
[0.823s] -- Up-to-date: /home/iserran1/Documents/tfg/install/custom_interface/share/custom_interface/cmake/ament_cmake_export_libraries-extras.cmake
[0.823s] -- Up-to-date: /home/iserran1/Documents/tfg/install/custom_interface/share/custom_interface/cmake/ament_cmake_export_targets-extras.cmake
[0.824s] -- Up-to-date: /home/iserran1/Documents/tfg/install/custom_interface/share/custom_interface/cmake/rosidl_cmake_export_typesupport_targets-extras.cmake
[0.824s] -- Up-to-date: /home/iserran1/Documents/tfg/install/custom_interface/share/custom_interface/cmake/ament_cmake_export_dependencies-extras.cmake
[0.824s] -- Up-to-date: /home/iserran1/Documents/tfg/install/custom_interface/share/custom_interface/cmake/rosidl_cmake_export_typesupport_libraries-extras.cmake
[0.824s] -- Up-to-date: /home/iserran1/Documents/tfg/install/custom_interface/share/custom_interface/cmake/custom_interfaceConfig.cmake
[0.824s] -- Up-to-date: /home/iserran1/Documents/tfg/install/custom_interface/share/custom_interface/cmake/custom_interfaceConfig-version.cmake
[0.824s] -- Up-to-date: /home/iserran1/Documents/tfg/install/custom_interface/share/custom_interface/package.xml
[0.824s] Invoked command in '/home/iserran1/Documents/tfg/build/custom_interface' returned '0': CMAKE_PREFIX_PATH=${CMAKE_PREFIX_PATH}:/home/iserran1/Documents/tfg/install/main:/home/iserran1/Documents/testService/install/main:/opt/ros/humble /usr/bin/cmake --install /home/iserran1/Documents/tfg/build/custom_interface
