/home/iserran1/Documents/tfg/install/main/lib/python3.10/site-packages/main_subscriber/__init__.py
/home/iserran1/Documents/tfg/install/main/lib/python3.10/site-packages/main_subscriber/instance1.py
/home/iserran1/Documents/tfg/install/main/lib/python3.10/site-packages/pub/publisher.py
/home/iserran1/Documents/tfg/install/main/lib/python3.10/site-packages/pub/__init__.py
/home/iserran1/Documents/tfg/install/main/lib/python3.10/site-packages/reviewer/__init__.py
/home/iserran1/Documents/tfg/install/main/lib/python3.10/site-packages/reviewer/reviewer.py
/home/iserran1/Documents/tfg/install/main/lib/python3.10/site-packages/trail_subscriber/__init__.py
/home/iserran1/Documents/tfg/install/main/lib/python3.10/site-packages/trail_subscriber/instance2.py
/home/iserran1/Documents/tfg/install/main/lib/python3.10/site-packages/main_subscriber/__pycache__/__init__.cpython-310.pyc
/home/iserran1/Documents/tfg/install/main/lib/python3.10/site-packages/main_subscriber/__pycache__/instance1.cpython-310.pyc
/home/iserran1/Documents/tfg/install/main/lib/python3.10/site-packages/pub/__pycache__/publisher.cpython-310.pyc
/home/iserran1/Documents/tfg/install/main/lib/python3.10/site-packages/pub/__pycache__/__init__.cpython-310.pyc
/home/iserran1/Documents/tfg/install/main/lib/python3.10/site-packages/reviewer/__pycache__/__init__.cpython-310.pyc
/home/iserran1/Documents/tfg/install/main/lib/python3.10/site-packages/reviewer/__pycache__/reviewer.cpython-310.pyc
/home/iserran1/Documents/tfg/install/main/lib/python3.10/site-packages/trail_subscriber/__pycache__/__init__.cpython-310.pyc
/home/iserran1/Documents/tfg/install/main/lib/python3.10/site-packages/trail_subscriber/__pycache__/instance2.cpython-310.pyc
/home/iserran1/Documents/tfg/install/main/share/ament_index/resource_index/packages/main
/home/iserran1/Documents/tfg/install/main/share/main/package.xml
/home/iserran1/Documents/tfg/install/main/lib/python3.10/site-packages/main-0.0.0-py3.10.egg-info/entry_points.txt
/home/iserran1/Documents/tfg/install/main/lib/python3.10/site-packages/main-0.0.0-py3.10.egg-info/SOURCES.txt
/home/iserran1/Documents/tfg/install/main/lib/python3.10/site-packages/main-0.0.0-py3.10.egg-info/dependency_links.txt
/home/iserran1/Documents/tfg/install/main/lib/python3.10/site-packages/main-0.0.0-py3.10.egg-info/requires.txt
/home/iserran1/Documents/tfg/install/main/lib/python3.10/site-packages/main-0.0.0-py3.10.egg-info/zip-safe
/home/iserran1/Documents/tfg/install/main/lib/python3.10/site-packages/main-0.0.0-py3.10.egg-info/top_level.txt
/home/iserran1/Documents/tfg/install/main/lib/python3.10/site-packages/main-0.0.0-py3.10.egg-info/PKG-INFO
/home/iserran1/Documents/tfg/install/main/lib/main/main_subscriber
/home/iserran1/Documents/tfg/install/main/lib/main/publisher
/home/iserran1/Documents/tfg/install/main/lib/main/reviewer
/home/iserran1/Documents/tfg/install/main/lib/main/trail_subscriber
