[0.340s] Invoking command in '/home/iserran1/Documents/tfg/src/main': CMAKE_PREFIX_PATH=/home/iserran1/Documents/tfg/install/custom_interface:/home/iserran1/Documents/tfg/install/my_interface:/home/iserran1/Documents/testService/install/my_interface LD_LIBRARY_PATH=/home/iserran1/Documents/tfg/install/custom_interface/lib:/home/iserran1/Documents/tfg/install/my_interface/lib:/home/iserran1/Documents/testService/install/my_interface/lib:/opt/ros/humble/opt/rviz_ogre_vendor/lib:/opt/ros/humble/lib/x86_64-linux-gnu:/opt/ros/humble/lib PYTHONPATH=/home/iserran1/Documents/tfg/build/main/prefix_override:/home/iserran1/Documents/tfg/install/main/lib/python3.10/site-packages:${PYTHONPATH} /usr/bin/python3 -W ignore:setup.py install is deprecated setup.py egg_info --egg-base ../../build/main build --build-base /home/iserran1/Documents/tfg/build/main/build install --record /home/iserran1/Documents/tfg/build/main/install.log --single-version-externally-managed install_data
[0.466s] running egg_info
[0.466s] writing ../../build/main/main.egg-info/PKG-INFO
[0.466s] writing dependency_links to ../../build/main/main.egg-info/dependency_links.txt
[0.466s] writing entry points to ../../build/main/main.egg-info/entry_points.txt
[0.466s] writing requirements to ../../build/main/main.egg-info/requires.txt
[0.466s] writing top-level names to ../../build/main/main.egg-info/top_level.txt
[0.467s] reading manifest file '../../build/main/main.egg-info/SOURCES.txt'
[0.467s] writing manifest file '../../build/main/main.egg-info/SOURCES.txt'
[0.468s] running build
[0.468s] running build_py
[0.468s] copying main_subscriber/instance1.py -> /home/iserran1/Documents/tfg/build/main/build/lib/main_subscriber
[0.468s] copying pub/publisher.py -> /home/iserran1/Documents/tfg/build/main/build/lib/pub
[0.468s] copying reviewer/reviewer.py -> /home/iserran1/Documents/tfg/build/main/build/lib/reviewer
[0.468s] copying trail_subscriber/instance2.py -> /home/iserran1/Documents/tfg/build/main/build/lib/trail_subscriber
[0.469s] running install
[0.469s] running install_lib
[0.470s] copying /home/iserran1/Documents/tfg/build/main/build/lib/main_subscriber/instance1.py -> /home/iserran1/Documents/tfg/install/main/lib/python3.10/site-packages/main_subscriber
[0.470s] copying /home/iserran1/Documents/tfg/build/main/build/lib/pub/publisher.py -> /home/iserran1/Documents/tfg/install/main/lib/python3.10/site-packages/pub
[0.470s] copying /home/iserran1/Documents/tfg/build/main/build/lib/reviewer/reviewer.py -> /home/iserran1/Documents/tfg/install/main/lib/python3.10/site-packages/reviewer
[0.470s] copying /home/iserran1/Documents/tfg/build/main/build/lib/trail_subscriber/instance2.py -> /home/iserran1/Documents/tfg/install/main/lib/python3.10/site-packages/trail_subscriber
[0.471s] byte-compiling /home/iserran1/Documents/tfg/install/main/lib/python3.10/site-packages/main_subscriber/instance1.py to instance1.cpython-310.pyc
[0.472s] byte-compiling /home/iserran1/Documents/tfg/install/main/lib/python3.10/site-packages/pub/publisher.py to publisher.cpython-310.pyc
[0.473s] byte-compiling /home/iserran1/Documents/tfg/install/main/lib/python3.10/site-packages/reviewer/reviewer.py to reviewer.cpython-310.pyc
[0.473s] byte-compiling /home/iserran1/Documents/tfg/install/main/lib/python3.10/site-packages/trail_subscriber/instance2.py to instance2.cpython-310.pyc
[0.474s] running install_data
[0.474s] copying package.xml -> /home/iserran1/Documents/tfg/install/main/share/main
[0.475s] running install_egg_info
[0.476s] removing '/home/iserran1/Documents/tfg/install/main/lib/python3.10/site-packages/main-0.0.0-py3.10.egg-info' (and everything under it)
[0.476s] Copying ../../build/main/main.egg-info to /home/iserran1/Documents/tfg/install/main/lib/python3.10/site-packages/main-0.0.0-py3.10.egg-info
[0.477s] running install_scripts
[0.491s] Installing main_subscriber script to /home/iserran1/Documents/tfg/install/main/lib/main
[0.491s] Installing publisher script to /home/iserran1/Documents/tfg/install/main/lib/main
[0.491s] Installing reviewer script to /home/iserran1/Documents/tfg/install/main/lib/main
[0.491s] Installing trail_subscriber script to /home/iserran1/Documents/tfg/install/main/lib/main
[0.492s] writing list of installed files to '/home/iserran1/Documents/tfg/build/main/install.log'
[0.514s] Invoked command in '/home/iserran1/Documents/tfg/src/main' returned '0': CMAKE_PREFIX_PATH=/home/iserran1/Documents/tfg/install/custom_interface:/home/iserran1/Documents/tfg/install/my_interface:/home/iserran1/Documents/testService/install/my_interface LD_LIBRARY_PATH=/home/iserran1/Documents/tfg/install/custom_interface/lib:/home/iserran1/Documents/tfg/install/my_interface/lib:/home/iserran1/Documents/testService/install/my_interface/lib:/opt/ros/humble/opt/rviz_ogre_vendor/lib:/opt/ros/humble/lib/x86_64-linux-gnu:/opt/ros/humble/lib PYTHONPATH=/home/iserran1/Documents/tfg/build/main/prefix_override:/home/iserran1/Documents/tfg/install/main/lib/python3.10/site-packages:${PYTHONPATH} /usr/bin/python3 -W ignore:setup.py install is deprecated setup.py egg_info --egg-base ../../build/main build --build-base /home/iserran1/Documents/tfg/build/main/build install --record /home/iserran1/Documents/tfg/build/main/install.log --single-version-externally-managed install_data
