[0.006s] Invoking command in '/home/iserran1/Documents/tfg/build/bringup': AMENT_PREFIX_PATH=/home/iserran1/Documents/tfg/install/main:/home/iserran1/Documents/tfg/install/bringup:/home/iserran1/Documents/tfg/install/custom_interface:/opt/ros/humble CMAKE_PREFIX_PATH=/home/iserran1/Documents/tfg/install/custom_interface:/home/iserran1/Documents/tfg/install/bringup:/home/iserran1/Documents/tfg/install/main:/opt/ros/humble /usr/bin/cmake --build /home/iserran1/Documents/tfg/build/bringup -- -j12 -l12
[0.026s] Invoked command in '/home/iserran1/Documents/tfg/build/bringup' returned '0': AMENT_PREFIX_PATH=/home/iserran1/Documents/tfg/install/main:/home/iserran1/Documents/tfg/install/bringup:/home/iserran1/Documents/tfg/install/custom_interface:/opt/ros/humble CMAKE_PREFIX_PATH=/home/iserran1/Documents/tfg/install/custom_interface:/home/iserran1/Documents/tfg/install/bringup:/home/iserran1/Documents/tfg/install/main:/opt/ros/humble /usr/bin/cmake --build /home/iserran1/Documents/tfg/build/bringup -- -j12 -l12
[0.036s] Invoking command in '/home/iserran1/Documents/tfg/build/bringup': AMENT_PREFIX_PATH=/home/iserran1/Documents/tfg/install/main:/home/iserran1/Documents/tfg/install/bringup:/home/iserran1/Documents/tfg/install/custom_interface:/opt/ros/humble CMAKE_PREFIX_PATH=/home/iserran1/Documents/tfg/install/custom_interface:/home/iserran1/Documents/tfg/install/bringup:/home/iserran1/Documents/tfg/install/main:/opt/ros/humble /usr/bin/cmake --install /home/iserran1/Documents/tfg/build/bringup
[0.040s] -- Install configuration: ""
[0.041s] -- Up-to-date: /home/iserran1/Documents/tfg/install/bringup/share/bringup/launch
[0.041s] -- Up-to-date: /home/iserran1/Documents/tfg/install/bringup/share/bringup/launch/bringup.launch.py
[0.041s] -- Up-to-date: /home/iserran1/Documents/tfg/install/bringup/share/ament_index/resource_index/package_run_dependencies/bringup
[0.041s] -- Up-to-date: /home/iserran1/Documents/tfg/install/bringup/share/ament_index/resource_index/parent_prefix_path/bringup
[0.041s] -- Up-to-date: /home/iserran1/Documents/tfg/install/bringup/share/bringup/environment/ament_prefix_path.sh
[0.041s] -- Up-to-date: /home/iserran1/Documents/tfg/install/bringup/share/bringup/environment/ament_prefix_path.dsv
[0.041s] -- Up-to-date: /home/iserran1/Documents/tfg/install/bringup/share/bringup/environment/path.sh
[0.041s] -- Up-to-date: /home/iserran1/Documents/tfg/install/bringup/share/bringup/environment/path.dsv
[0.041s] -- Up-to-date: /home/iserran1/Documents/tfg/install/bringup/share/bringup/local_setup.bash
[0.041s] -- Up-to-date: /home/iserran1/Documents/tfg/install/bringup/share/bringup/local_setup.sh
[0.041s] -- Up-to-date: /home/iserran1/Documents/tfg/install/bringup/share/bringup/local_setup.zsh
[0.041s] -- Up-to-date: /home/iserran1/Documents/tfg/install/bringup/share/bringup/local_setup.dsv
[0.041s] -- Installing: /home/iserran1/Documents/tfg/install/bringup/share/bringup/package.dsv
[0.041s] -- Up-to-date: /home/iserran1/Documents/tfg/install/bringup/share/ament_index/resource_index/packages/bringup
[0.041s] -- Up-to-date: /home/iserran1/Documents/tfg/install/bringup/share/bringup/cmake/bringupConfig.cmake
[0.042s] -- Up-to-date: /home/iserran1/Documents/tfg/install/bringup/share/bringup/cmake/bringupConfig-version.cmake
[0.042s] -- Up-to-date: /home/iserran1/Documents/tfg/install/bringup/share/bringup/package.xml
[0.042s] Invoked command in '/home/iserran1/Documents/tfg/build/bringup' returned '0': AMENT_PREFIX_PATH=/home/iserran1/Documents/tfg/install/main:/home/iserran1/Documents/tfg/install/bringup:/home/iserran1/Documents/tfg/install/custom_interface:/opt/ros/humble CMAKE_PREFIX_PATH=/home/iserran1/Documents/tfg/install/custom_interface:/home/iserran1/Documents/tfg/install/bringup:/home/iserran1/Documents/tfg/install/main:/opt/ros/humble /usr/bin/cmake --install /home/iserran1/Documents/tfg/build/bringup
