[0.007s] Invoking command in '/home/iserran1/Documents/tfg/build/custom_interface': CMAKE_PREFIX_PATH=${CMAKE_PREFIX_PATH}:/home/iserran1/Documents/tfg/install/main:/opt/ros/humble /usr/bin/cmake --build /home/iserran1/Documents/tfg/build/custom_interface -- -j12 -l12
[0.038s] [  3%] Built target custom_interface__cpp
[0.038s] [ 12%] Built target custom_interface__rosidl_generator_c
[0.053s] [ 12%] Built target ament_cmake_python_copy_custom_interface
[0.056s] [ 22%] Built target custom_interface__rosidl_typesupport_cpp
[0.060s] [ 32%] Built target custom_interface__rosidl_typesupport_fastrtps_cpp
[0.062s] [ 41%] Built target custom_interface__rosidl_typesupport_introspection_cpp
[0.062s] [ 51%] Built target custom_interface__rosidl_typesupport_introspection_c
[0.062s] [ 70%] Built target custom_interface__rosidl_typesupport_fastrtps_c
[0.062s] [ 70%] Built target custom_interface__rosidl_typesupport_c
[0.076s] [ 70%] Built target custom_interface
[0.089s] [ 74%] Built target custom_interface__py
[0.102s] [ 80%] Built target custom_interface__rosidl_generator_py
[0.116s] [ 87%] Built target custom_interface__rosidl_typesupport_fastrtps_c__pyext
[0.123s] [ 93%] Built target custom_interface__rosidl_typesupport_c__pyext
[0.127s] [100%] Built target custom_interface__rosidl_typesupport_introspection_c__pyext
[0.240s] running egg_info
[0.240s] writing custom_interface.egg-info/PKG-INFO
[0.240s] writing dependency_links to custom_interface.egg-info/dependency_links.txt
[0.240s] writing top-level names to custom_interface.egg-info/top_level.txt
[0.242s] reading manifest file 'custom_interface.egg-info/SOURCES.txt'
[0.243s] writing manifest file 'custom_interface.egg-info/SOURCES.txt'
[0.265s] [100%] Built target ament_cmake_python_build_custom_interface_egg
[0.278s] Invoked command in '/home/iserran1/Documents/tfg/build/custom_interface' returned '0': CMAKE_PREFIX_PATH=${CMAKE_PREFIX_PATH}:/home/iserran1/Documents/tfg/install/main:/opt/ros/humble /usr/bin/cmake --build /home/iserran1/Documents/tfg/build/custom_interface -- -j12 -l12
[0.312s] Invoking command in '/home/iserran1/Documents/tfg/build/custom_interface': CMAKE_PREFIX_PATH=${CMAKE_PREFIX_PATH}:/home/iserran1/Documents/tfg/install/main:/opt/ros/humble /usr/bin/cmake --install /home/iserran1/Documents/tfg/build/custom_interface
[0.318s] -- Install configuration: ""
[0.318s] -- Up-to-date: /home/iserran1/Documents/tfg/install/custom_interface/share/ament_index/resource_index/rosidl_interfaces/custom_interface
[0.318s] -- Up-to-date: /home/iserran1/Documents/tfg/install/custom_interface/include/custom_interface/custom_interface
[0.318s] -- Up-to-date: /home/iserran1/Documents/tfg/install/custom_interface/include/custom_interface/custom_interface/srv
[0.318s] -- Up-to-date: /home/iserran1/Documents/tfg/install/custom_interface/include/custom_interface/custom_interface/srv/frame_info.h
[0.318s] -- Up-to-date: /home/iserran1/Documents/tfg/install/custom_interface/include/custom_interface/custom_interface/srv/detail
[0.319s] -- Up-to-date: /home/iserran1/Documents/tfg/install/custom_interface/include/custom_interface/custom_interface/srv/detail/frame_info__type_support.h
[0.319s] -- Up-to-date: /home/iserran1/Documents/tfg/install/custom_interface/include/custom_interface/custom_interface/srv/detail/frame_info__functions.h
[0.319s] -- Up-to-date: /home/iserran1/Documents/tfg/install/custom_interface/include/custom_interface/custom_interface/srv/detail/frame_info__functions.c
[0.319s] -- Up-to-date: /home/iserran1/Documents/tfg/install/custom_interface/include/custom_interface/custom_interface/srv/detail/frame_info__struct.h
[0.319s] -- Up-to-date: /home/iserran1/Documents/tfg/install/custom_interface/include/custom_interface/custom_interface/msg
[0.319s] -- Up-to-date: /home/iserran1/Documents/tfg/install/custom_interface/include/custom_interface/custom_interface/msg/rosidl_generator_c__visibility_control.h
[0.319s] -- Up-to-date: /home/iserran1/Documents/tfg/install/custom_interface/share/custom_interface/environment/library_path.sh
[0.319s] -- Up-to-date: /home/iserran1/Documents/tfg/install/custom_interface/share/custom_interface/environment/library_path.dsv
[0.320s] -- Up-to-date: /home/iserran1/Documents/tfg/install/custom_interface/lib/libcustom_interface__rosidl_generator_c.so
[0.320s] -- Up-to-date: /home/iserran1/Documents/tfg/install/custom_interface/include/custom_interface/custom_interface
[0.320s] -- Up-to-date: /home/iserran1/Documents/tfg/install/custom_interface/include/custom_interface/custom_interface/srv
[0.320s] -- Up-to-date: /home/iserran1/Documents/tfg/install/custom_interface/include/custom_interface/custom_interface/srv/detail
[0.320s] -- Up-to-date: /home/iserran1/Documents/tfg/install/custom_interface/include/custom_interface/custom_interface/srv/detail/frame_info__rosidl_typesupport_fastrtps_c.h
[0.320s] -- Up-to-date: /home/iserran1/Documents/tfg/install/custom_interface/include/custom_interface/custom_interface/msg
[0.320s] -- Up-to-date: /home/iserran1/Documents/tfg/install/custom_interface/include/custom_interface/custom_interface/msg/rosidl_typesupport_fastrtps_c__visibility_control.h
[0.320s] -- Up-to-date: /home/iserran1/Documents/tfg/install/custom_interface/lib/libcustom_interface__rosidl_typesupport_fastrtps_c.so
[0.320s] -- Up-to-date: /home/iserran1/Documents/tfg/install/custom_interface/include/custom_interface/custom_interface
[0.320s] -- Up-to-date: /home/iserran1/Documents/tfg/install/custom_interface/include/custom_interface/custom_interface/srv
[0.320s] -- Up-to-date: /home/iserran1/Documents/tfg/install/custom_interface/include/custom_interface/custom_interface/srv/detail
[0.321s] -- Up-to-date: /home/iserran1/Documents/tfg/install/custom_interface/include/custom_interface/custom_interface/srv/detail/frame_info__rosidl_typesupport_introspection_c.h
[0.321s] -- Up-to-date: /home/iserran1/Documents/tfg/install/custom_interface/include/custom_interface/custom_interface/srv/detail/frame_info__type_support.c
[0.321s] -- Up-to-date: /home/iserran1/Documents/tfg/install/custom_interface/include/custom_interface/custom_interface/msg
[0.321s] -- Up-to-date: /home/iserran1/Documents/tfg/install/custom_interface/include/custom_interface/custom_interface/msg/rosidl_typesupport_introspection_c__visibility_control.h
[0.321s] -- Up-to-date: /home/iserran1/Documents/tfg/install/custom_interface/lib/libcustom_interface__rosidl_typesupport_introspection_c.so
[0.321s] -- Up-to-date: /home/iserran1/Documents/tfg/install/custom_interface/lib/libcustom_interface__rosidl_typesupport_c.so
[0.321s] -- Up-to-date: /home/iserran1/Documents/tfg/install/custom_interface/include/custom_interface/custom_interface
[0.321s] -- Up-to-date: /home/iserran1/Documents/tfg/install/custom_interface/include/custom_interface/custom_interface/srv
[0.321s] -- Up-to-date: /home/iserran1/Documents/tfg/install/custom_interface/include/custom_interface/custom_interface/srv/frame_info.hpp
[0.321s] -- Up-to-date: /home/iserran1/Documents/tfg/install/custom_interface/include/custom_interface/custom_interface/srv/detail
[0.321s] -- Up-to-date: /home/iserran1/Documents/tfg/install/custom_interface/include/custom_interface/custom_interface/srv/detail/frame_info__traits.hpp
[0.321s] -- Up-to-date: /home/iserran1/Documents/tfg/install/custom_interface/include/custom_interface/custom_interface/srv/detail/frame_info__struct.hpp
[0.322s] -- Up-to-date: /home/iserran1/Documents/tfg/install/custom_interface/include/custom_interface/custom_interface/srv/detail/frame_info__builder.hpp
[0.322s] -- Up-to-date: /home/iserran1/Documents/tfg/install/custom_interface/include/custom_interface/custom_interface
[0.322s] -- Up-to-date: /home/iserran1/Documents/tfg/install/custom_interface/include/custom_interface/custom_interface/srv
[0.322s] -- Up-to-date: /home/iserran1/Documents/tfg/install/custom_interface/include/custom_interface/custom_interface/srv/detail
[0.322s] -- Up-to-date: /home/iserran1/Documents/tfg/install/custom_interface/include/custom_interface/custom_interface/srv/detail/frame_info__rosidl_typesupport_fastrtps_cpp.hpp
[0.322s] -- Up-to-date: /home/iserran1/Documents/tfg/install/custom_interface/include/custom_interface/custom_interface/srv/detail/dds_fastrtps
[0.322s] -- Up-to-date: /home/iserran1/Documents/tfg/install/custom_interface/include/custom_interface/custom_interface/msg
[0.322s] -- Up-to-date: /home/iserran1/Documents/tfg/install/custom_interface/include/custom_interface/custom_interface/msg/rosidl_typesupport_fastrtps_cpp__visibility_control.h
[0.322s] -- Up-to-date: /home/iserran1/Documents/tfg/install/custom_interface/lib/libcustom_interface__rosidl_typesupport_fastrtps_cpp.so
[0.322s] -- Up-to-date: /home/iserran1/Documents/tfg/install/custom_interface/include/custom_interface/custom_interface
[0.322s] -- Up-to-date: /home/iserran1/Documents/tfg/install/custom_interface/include/custom_interface/custom_interface/srv
[0.323s] -- Up-to-date: /home/iserran1/Documents/tfg/install/custom_interface/include/custom_interface/custom_interface/srv/detail
[0.323s] -- Up-to-date: /home/iserran1/Documents/tfg/install/custom_interface/include/custom_interface/custom_interface/srv/detail/frame_info__type_support.cpp
[0.323s] -- Up-to-date: /home/iserran1/Documents/tfg/install/custom_interface/include/custom_interface/custom_interface/srv/detail/frame_info__rosidl_typesupport_introspection_cpp.hpp
[0.323s] -- Up-to-date: /home/iserran1/Documents/tfg/install/custom_interface/lib/libcustom_interface__rosidl_typesupport_introspection_cpp.so
[0.323s] -- Up-to-date: /home/iserran1/Documents/tfg/install/custom_interface/lib/libcustom_interface__rosidl_typesupport_cpp.so
[0.323s] -- Up-to-date: /home/iserran1/Documents/tfg/install/custom_interface/share/custom_interface/environment/pythonpath.sh
[0.323s] -- Up-to-date: /home/iserran1/Documents/tfg/install/custom_interface/share/custom_interface/environment/pythonpath.dsv
[0.323s] -- Up-to-date: /home/iserran1/Documents/tfg/install/custom_interface/local/lib/python3.10/dist-packages/custom_interface-0.0.0-py3.10.egg-info
[0.323s] -- Installing: /home/iserran1/Documents/tfg/install/custom_interface/local/lib/python3.10/dist-packages/custom_interface-0.0.0-py3.10.egg-info/SOURCES.txt
[0.323s] -- Installing: /home/iserran1/Documents/tfg/install/custom_interface/local/lib/python3.10/dist-packages/custom_interface-0.0.0-py3.10.egg-info/dependency_links.txt
[0.323s] -- Installing: /home/iserran1/Documents/tfg/install/custom_interface/local/lib/python3.10/dist-packages/custom_interface-0.0.0-py3.10.egg-info/top_level.txt
[0.323s] -- Installing: /home/iserran1/Documents/tfg/install/custom_interface/local/lib/python3.10/dist-packages/custom_interface-0.0.0-py3.10.egg-info/PKG-INFO
[0.324s] -- Up-to-date: /home/iserran1/Documents/tfg/install/custom_interface/local/lib/python3.10/dist-packages/custom_interface
[0.324s] -- Up-to-date: /home/iserran1/Documents/tfg/install/custom_interface/local/lib/python3.10/dist-packages/custom_interface/custom_interface_s__rosidl_typesupport_fastrtps_c.cpython-310-x86_64-linux-gnu.so
[0.324s] -- Up-to-date: /home/iserran1/Documents/tfg/install/custom_interface/local/lib/python3.10/dist-packages/custom_interface/_custom_interface_s.ep.rosidl_typesupport_c.c
[0.324s] -- Up-to-date: /home/iserran1/Documents/tfg/install/custom_interface/local/lib/python3.10/dist-packages/custom_interface/libcustom_interface__rosidl_generator_py.so
[0.324s] -- Up-to-date: /home/iserran1/Documents/tfg/install/custom_interface/local/lib/python3.10/dist-packages/custom_interface/__init__.py
[0.324s] -- Up-to-date: /home/iserran1/Documents/tfg/install/custom_interface/local/lib/python3.10/dist-packages/custom_interface/srv
[0.324s] -- Up-to-date: /home/iserran1/Documents/tfg/install/custom_interface/local/lib/python3.10/dist-packages/custom_interface/srv/__init__.py
[0.324s] -- Up-to-date: /home/iserran1/Documents/tfg/install/custom_interface/local/lib/python3.10/dist-packages/custom_interface/srv/_frame_info_s.c
[0.324s] -- Up-to-date: /home/iserran1/Documents/tfg/install/custom_interface/local/lib/python3.10/dist-packages/custom_interface/srv/_frame_info.py
[0.324s] -- Up-to-date: /home/iserran1/Documents/tfg/install/custom_interface/local/lib/python3.10/dist-packages/custom_interface/_custom_interface_s.ep.rosidl_typesupport_fastrtps_c.c
[0.324s] -- Up-to-date: /home/iserran1/Documents/tfg/install/custom_interface/local/lib/python3.10/dist-packages/custom_interface/custom_interface_s__rosidl_typesupport_introspection_c.cpython-310-x86_64-linux-gnu.so
[0.324s] -- Up-to-date: /home/iserran1/Documents/tfg/install/custom_interface/local/lib/python3.10/dist-packages/custom_interface/_custom_interface_s.ep.rosidl_typesupport_introspection_c.c
[0.325s] -- Up-to-date: /home/iserran1/Documents/tfg/install/custom_interface/local/lib/python3.10/dist-packages/custom_interface/custom_interface_s__rosidl_typesupport_c.cpython-310-x86_64-linux-gnu.so
[0.349s] Listing '/home/iserran1/Documents/tfg/install/custom_interface/local/lib/python3.10/dist-packages/custom_interface'...
[0.349s] Listing '/home/iserran1/Documents/tfg/install/custom_interface/local/lib/python3.10/dist-packages/custom_interface/srv'...
[0.354s] -- Up-to-date: /home/iserran1/Documents/tfg/install/custom_interface/local/lib/python3.10/dist-packages/custom_interface/custom_interface_s__rosidl_typesupport_fastrtps_c.cpython-310-x86_64-linux-gnu.so
[0.354s] -- Up-to-date: /home/iserran1/Documents/tfg/install/custom_interface/local/lib/python3.10/dist-packages/custom_interface/custom_interface_s__rosidl_typesupport_introspection_c.cpython-310-x86_64-linux-gnu.so
[0.354s] -- Up-to-date: /home/iserran1/Documents/tfg/install/custom_interface/local/lib/python3.10/dist-packages/custom_interface/custom_interface_s__rosidl_typesupport_c.cpython-310-x86_64-linux-gnu.so
[0.354s] -- Up-to-date: /home/iserran1/Documents/tfg/install/custom_interface/lib/libcustom_interface__rosidl_generator_py.so
[0.355s] -- Up-to-date: /home/iserran1/Documents/tfg/install/custom_interface/share/custom_interface/srv/FrameInfo.idl
[0.355s] -- Up-to-date: /home/iserran1/Documents/tfg/install/custom_interface/share/custom_interface/srv/FrameInfo.srv
[0.355s] -- Up-to-date: /home/iserran1/Documents/tfg/install/custom_interface/share/custom_interface/srv/FrameInfo_Request.msg
[0.355s] -- Up-to-date: /home/iserran1/Documents/tfg/install/custom_interface/share/custom_interface/srv/FrameInfo_Response.msg
[0.355s] -- Up-to-date: /home/iserran1/Documents/tfg/install/custom_interface/share/ament_index/resource_index/package_run_dependencies/custom_interface
[0.356s] -- Up-to-date: /home/iserran1/Documents/tfg/install/custom_interface/share/ament_index/resource_index/parent_prefix_path/custom_interface
[0.356s] -- Up-to-date: /home/iserran1/Documents/tfg/install/custom_interface/share/custom_interface/environment/ament_prefix_path.sh
[0.356s] -- Up-to-date: /home/iserran1/Documents/tfg/install/custom_interface/share/custom_interface/environment/ament_prefix_path.dsv
[0.356s] -- Up-to-date: /home/iserran1/Documents/tfg/install/custom_interface/share/custom_interface/environment/path.sh
[0.356s] -- Up-to-date: /home/iserran1/Documents/tfg/install/custom_interface/share/custom_interface/environment/path.dsv
[0.356s] -- Up-to-date: /home/iserran1/Documents/tfg/install/custom_interface/share/custom_interface/local_setup.bash
[0.356s] -- Up-to-date: /home/iserran1/Documents/tfg/install/custom_interface/share/custom_interface/local_setup.sh
[0.356s] -- Up-to-date: /home/iserran1/Documents/tfg/install/custom_interface/share/custom_interface/local_setup.zsh
[0.356s] -- Up-to-date: /home/iserran1/Documents/tfg/install/custom_interface/share/custom_interface/local_setup.dsv
[0.357s] -- Installing: /home/iserran1/Documents/tfg/install/custom_interface/share/custom_interface/package.dsv
[0.357s] -- Up-to-date: /home/iserran1/Documents/tfg/install/custom_interface/share/ament_index/resource_index/packages/custom_interface
[0.357s] -- Up-to-date: /home/iserran1/Documents/tfg/install/custom_interface/share/custom_interface/cmake/export_custom_interface__rosidl_generator_cExport.cmake
[0.357s] -- Up-to-date: /home/iserran1/Documents/tfg/install/custom_interface/share/custom_interface/cmake/export_custom_interface__rosidl_generator_cExport-noconfig.cmake
[0.357s] -- Up-to-date: /home/iserran1/Documents/tfg/install/custom_interface/share/custom_interface/cmake/export_custom_interface__rosidl_typesupport_fastrtps_cExport.cmake
[0.357s] -- Up-to-date: /home/iserran1/Documents/tfg/install/custom_interface/share/custom_interface/cmake/export_custom_interface__rosidl_typesupport_fastrtps_cExport-noconfig.cmake
[0.357s] -- Up-to-date: /home/iserran1/Documents/tfg/install/custom_interface/share/custom_interface/cmake/custom_interface__rosidl_typesupport_introspection_cExport.cmake
[0.357s] -- Up-to-date: /home/iserran1/Documents/tfg/install/custom_interface/share/custom_interface/cmake/custom_interface__rosidl_typesupport_introspection_cExport-noconfig.cmake
[0.357s] -- Up-to-date: /home/iserran1/Documents/tfg/install/custom_interface/share/custom_interface/cmake/custom_interface__rosidl_typesupport_cExport.cmake
[0.357s] -- Up-to-date: /home/iserran1/Documents/tfg/install/custom_interface/share/custom_interface/cmake/custom_interface__rosidl_typesupport_cExport-noconfig.cmake
[0.357s] -- Up-to-date: /home/iserran1/Documents/tfg/install/custom_interface/share/custom_interface/cmake/export_custom_interface__rosidl_generator_cppExport.cmake
[0.358s] -- Up-to-date: /home/iserran1/Documents/tfg/install/custom_interface/share/custom_interface/cmake/export_custom_interface__rosidl_typesupport_fastrtps_cppExport.cmake
[0.358s] -- Up-to-date: /home/iserran1/Documents/tfg/install/custom_interface/share/custom_interface/cmake/export_custom_interface__rosidl_typesupport_fastrtps_cppExport-noconfig.cmake
[0.358s] -- Up-to-date: /home/iserran1/Documents/tfg/install/custom_interface/share/custom_interface/cmake/custom_interface__rosidl_typesupport_introspection_cppExport.cmake
[0.358s] -- Up-to-date: /home/iserran1/Documents/tfg/install/custom_interface/share/custom_interface/cmake/custom_interface__rosidl_typesupport_introspection_cppExport-noconfig.cmake
[0.358s] -- Up-to-date: /home/iserran1/Documents/tfg/install/custom_interface/share/custom_interface/cmake/custom_interface__rosidl_typesupport_cppExport.cmake
[0.358s] -- Up-to-date: /home/iserran1/Documents/tfg/install/custom_interface/share/custom_interface/cmake/custom_interface__rosidl_typesupport_cppExport-noconfig.cmake
[0.358s] -- Up-to-date: /home/iserran1/Documents/tfg/install/custom_interface/share/custom_interface/cmake/export_custom_interface__rosidl_generator_pyExport.cmake
[0.358s] -- Up-to-date: /home/iserran1/Documents/tfg/install/custom_interface/share/custom_interface/cmake/export_custom_interface__rosidl_generator_pyExport-noconfig.cmake
[0.358s] -- Up-to-date: /home/iserran1/Documents/tfg/install/custom_interface/share/custom_interface/cmake/rosidl_cmake-extras.cmake
[0.358s] -- Up-to-date: /home/iserran1/Documents/tfg/install/custom_interface/share/custom_interface/cmake/ament_cmake_export_include_directories-extras.cmake
[0.358s] -- Up-to-date: /home/iserran1/Documents/tfg/install/custom_interface/share/custom_interface/cmake/ament_cmake_export_libraries-extras.cmake
[0.358s] -- Up-to-date: /home/iserran1/Documents/tfg/install/custom_interface/share/custom_interface/cmake/ament_cmake_export_targets-extras.cmake
[0.359s] -- Up-to-date: /home/iserran1/Documents/tfg/install/custom_interface/share/custom_interface/cmake/rosidl_cmake_export_typesupport_targets-extras.cmake
[0.359s] -- Up-to-date: /home/iserran1/Documents/tfg/install/custom_interface/share/custom_interface/cmake/ament_cmake_export_dependencies-extras.cmake
[0.359s] -- Up-to-date: /home/iserran1/Documents/tfg/install/custom_interface/share/custom_interface/cmake/rosidl_cmake_export_typesupport_libraries-extras.cmake
[0.359s] -- Up-to-date: /home/iserran1/Documents/tfg/install/custom_interface/share/custom_interface/cmake/custom_interfaceConfig.cmake
[0.360s] -- Up-to-date: /home/iserran1/Documents/tfg/install/custom_interface/share/custom_interface/cmake/custom_interfaceConfig-version.cmake
[0.360s] -- Up-to-date: /home/iserran1/Documents/tfg/install/custom_interface/share/custom_interface/package.xml
[0.361s] Invoked command in '/home/iserran1/Documents/tfg/build/custom_interface' returned '0': CMAKE_PREFIX_PATH=${CMAKE_PREFIX_PATH}:/home/iserran1/Documents/tfg/install/main:/opt/ros/humble /usr/bin/cmake --install /home/iserran1/Documents/tfg/build/custom_interface
