[0.009s] Invoking command in '/home/iserran1/Documents/tfg/build/custom_interface': CMAKE_PREFIX_PATH=/opt/ros/humble /usr/bin/cmake --build /home/iserran1/Documents/tfg/build/custom_interface -- -j12 -l12
[0.031s] -- Found ament_cmake: 1.3.8 (/opt/ros/humble/share/ament_cmake/cmake)
[0.129s] -- Found rosidl_default_generators: 1.2.0 (/opt/ros/humble/share/rosidl_default_generators/cmake)
[0.130s] -- Using all available rosidl_typesupport_c: rosidl_typesupport_fastrtps_c;rosidl_typesupport_introspection_c
[0.132s] -- Found rosidl_adapter: 3.1.5 (/opt/ros/humble/share/rosidl_adapter/cmake)
[0.156s] -- Using all available rosidl_typesupport_cpp: rosidl_typesupport_fastrtps_cpp;rosidl_typesupport_introspection_cpp
[0.343s] -- Found ament_cmake_ros: 0.10.0 (/opt/ros/humble/share/ament_cmake_ros/cmake)
[0.480s] -- Using all available rosidl_typesupport_c: rosidl_typesupport_fastrtps_c;rosidl_typesupport_introspection_c
[0.662s] -- Using all available rosidl_typesupport_cpp: rosidl_typesupport_fastrtps_cpp;rosidl_typesupport_introspection_cpp
[0.680s] -- Found python_cmake_module: 0.10.0 (/opt/ros/humble/share/python_cmake_module/cmake)
[0.697s] -- Using PYTHON_EXECUTABLE: /usr/bin/python3
[0.697s] -- Using PYTHON_INCLUDE_DIRS: /usr/include/python3.10
[0.697s] -- Using PYTHON_LIBRARIES: /usr/lib/x86_64-linux-gnu/libpython3.10.so
[0.707s] -- Configuring done
[0.722s] -- Generating done
[0.724s] -- Build files have been written to: /home/iserran1/Documents/tfg/build/custom_interface
[0.739s] [35m[1mConsolidate compiler generated dependencies of target custom_interface__rosidl_generator_c[0m
[0.746s] [  3%] Built target custom_interface__cpp
[0.746s] [  6%] [32mBuilding C object CMakeFiles/custom_interface__rosidl_generator_c.dir/rosidl_generator_c/custom_interface/srv/detail/frame_info__functions.c.o[0m
[0.752s] [35m[1mConsolidate compiler generated dependencies of target custom_interface__rosidl_typesupport_introspection_cpp[0m
[0.753s] [35m[1mConsolidate compiler generated dependencies of target custom_interface__rosidl_typesupport_cpp[0m
[0.756s] [35m[1mConsolidate compiler generated dependencies of target custom_interface__rosidl_typesupport_fastrtps_cpp[0m
[0.760s] [  9%] [32mBuilding CXX object CMakeFiles/custom_interface__rosidl_typesupport_cpp.dir/rosidl_typesupport_cpp/custom_interface/srv/frame_info__type_support.cpp.o[0m
[0.761s] [ 12%] [32mBuilding CXX object CMakeFiles/custom_interface__rosidl_typesupport_introspection_cpp.dir/rosidl_typesupport_introspection_cpp/custom_interface/srv/detail/frame_info__type_support.cpp.o[0m
[0.765s] [ 12%] Built target ament_cmake_python_copy_custom_interface
[0.766s] [ 16%] [32mBuilding CXX object CMakeFiles/custom_interface__rosidl_typesupport_fastrtps_cpp.dir/rosidl_typesupport_fastrtps_cpp/custom_interface/srv/detail/dds_fastrtps/frame_info__type_support.cpp.o[0m
[0.827s] [ 19%] [32m[1mLinking C shared library libcustom_interface__rosidl_generator_c.so[0m
[0.870s] [ 22%] Built target custom_interface__rosidl_generator_c
[0.884s] [35m[1mConsolidate compiler generated dependencies of target custom_interface__rosidl_typesupport_c[0m
[0.884s] [35m[1mConsolidate compiler generated dependencies of target custom_interface__rosidl_typesupport_introspection_c[0m
[0.884s] [35m[1mConsolidate compiler generated dependencies of target custom_interface__rosidl_typesupport_fastrtps_c[0m
[0.897s] [ 32%] [32mBuilding C object CMakeFiles/custom_interface__rosidl_typesupport_introspection_c.dir/rosidl_typesupport_introspection_c/custom_interface/srv/detail/frame_info__type_support.c.o[0m
[0.897s] [ 32%] [32mBuilding CXX object CMakeFiles/custom_interface__rosidl_typesupport_c.dir/rosidl_typesupport_c/custom_interface/srv/frame_info__type_support.cpp.o[0m
[0.897s] [ 32%] [32mBuilding CXX object CMakeFiles/custom_interface__rosidl_typesupport_fastrtps_c.dir/rosidl_typesupport_fastrtps_c/custom_interface/srv/detail/frame_info__type_support_c.cpp.o[0m
[0.940s] [ 35%] [32m[1mLinking CXX shared library libcustom_interface__rosidl_typesupport_c.so[0m
[0.954s] [ 38%] [32m[1mLinking C shared library libcustom_interface__rosidl_typesupport_introspection_c.so[0m
[0.958s] [ 41%] [32m[1mLinking CXX shared library libcustom_interface__rosidl_typesupport_cpp.so[0m
[0.984s] [ 45%] Built target custom_interface__rosidl_typesupport_cpp
[0.986s] [ 48%] Built target custom_interface__rosidl_typesupport_c
[0.987s] [ 51%] Built target custom_interface__rosidl_typesupport_introspection_c
[1.108s] [ 54%] [32m[1mLinking CXX shared library libcustom_interface__rosidl_typesupport_fastrtps_cpp.so[0m
[1.123s] running egg_info
[1.123s] writing custom_interface.egg-info/PKG-INFO
[1.124s] writing dependency_links to custom_interface.egg-info/dependency_links.txt
[1.124s] writing top-level names to custom_interface.egg-info/top_level.txt
[1.127s] reading manifest file 'custom_interface.egg-info/SOURCES.txt'
[1.128s] writing manifest file 'custom_interface.egg-info/SOURCES.txt'
[1.163s] [ 58%] [32m[1mLinking CXX shared library libcustom_interface__rosidl_typesupport_fastrtps_c.so[0m
[1.166s] [ 61%] Built target custom_interface__rosidl_typesupport_fastrtps_cpp
[1.170s] [ 61%] Built target ament_cmake_python_build_custom_interface_egg
[1.211s] [ 64%] Built target custom_interface__rosidl_typesupport_fastrtps_c
[1.241s] [ 67%] [32m[1mLinking CXX shared library libcustom_interface__rosidl_typesupport_introspection_cpp.so[0m
[1.291s] [ 70%] Built target custom_interface__rosidl_typesupport_introspection_cpp
[1.304s] [ 70%] Built target custom_interface
[1.317s] [ 74%] Built target custom_interface__py
[1.323s] [35m[1mConsolidate compiler generated dependencies of target custom_interface__rosidl_generator_py[0m
[1.330s] [ 77%] [32mBuilding C object CMakeFiles/custom_interface__rosidl_generator_py.dir/rosidl_generator_py/custom_interface/srv/_frame_info_s.c.o[0m
[1.410s] [ 80%] [32m[1mLinking C shared library rosidl_generator_py/custom_interface/libcustom_interface__rosidl_generator_py.so[0m
[1.437s] [ 80%] Built target custom_interface__rosidl_generator_py
[1.444s] [35m[1mConsolidate compiler generated dependencies of target custom_interface__rosidl_typesupport_introspection_c__pyext[0m
[1.444s] [35m[1mConsolidate compiler generated dependencies of target custom_interface__rosidl_typesupport_fastrtps_c__pyext[0m
[1.448s] [35m[1mConsolidate compiler generated dependencies of target custom_interface__rosidl_typesupport_c__pyext[0m
[1.452s] [ 83%] [32mBuilding C object CMakeFiles/custom_interface__rosidl_typesupport_introspection_c__pyext.dir/rosidl_generator_py/custom_interface/_custom_interface_s.ep.rosidl_typesupport_introspection_c.c.o[0m
[1.453s] [ 87%] [32mBuilding C object CMakeFiles/custom_interface__rosidl_typesupport_fastrtps_c__pyext.dir/rosidl_generator_py/custom_interface/_custom_interface_s.ep.rosidl_typesupport_fastrtps_c.c.o[0m
[1.463s] [ 90%] [32mBuilding C object CMakeFiles/custom_interface__rosidl_typesupport_c__pyext.dir/rosidl_generator_py/custom_interface/_custom_interface_s.ep.rosidl_typesupport_c.c.o[0m
[1.513s] [ 93%] [32m[1mLinking C shared library rosidl_generator_py/custom_interface/custom_interface_s__rosidl_typesupport_fastrtps_c.cpython-310-x86_64-linux-gnu.so[0m
[1.515s] [ 96%] [32m[1mLinking C shared library rosidl_generator_py/custom_interface/custom_interface_s__rosidl_typesupport_introspection_c.cpython-310-x86_64-linux-gnu.so[0m
[1.535s] [ 96%] Built target custom_interface__rosidl_typesupport_fastrtps_c__pyext
[1.542s] [100%] [32m[1mLinking C shared library rosidl_generator_py/custom_interface/custom_interface_s__rosidl_typesupport_c.cpython-310-x86_64-linux-gnu.so[0m
[1.549s] [100%] Built target custom_interface__rosidl_typesupport_introspection_c__pyext
[1.564s] [100%] Built target custom_interface__rosidl_typesupport_c__pyext
[1.572s] Invoked command in '/home/iserran1/Documents/tfg/build/custom_interface' returned '0': CMAKE_PREFIX_PATH=/opt/ros/humble /usr/bin/cmake --build /home/iserran1/Documents/tfg/build/custom_interface -- -j12 -l12
[1.608s] Invoking command in '/home/iserran1/Documents/tfg/build/custom_interface': CMAKE_PREFIX_PATH=/opt/ros/humble /usr/bin/cmake --install /home/iserran1/Documents/tfg/build/custom_interface
[1.613s] -- Install configuration: ""
[1.613s] -- Up-to-date: /home/iserran1/Documents/tfg/install/custom_interface/share/ament_index/resource_index/rosidl_interfaces/custom_interface
[1.613s] -- Up-to-date: /home/iserran1/Documents/tfg/install/custom_interface/include/custom_interface/custom_interface
[1.613s] -- Up-to-date: /home/iserran1/Documents/tfg/install/custom_interface/include/custom_interface/custom_interface/srv
[1.613s] -- Up-to-date: /home/iserran1/Documents/tfg/install/custom_interface/include/custom_interface/custom_interface/srv/frame_info.h
[1.613s] -- Up-to-date: /home/iserran1/Documents/tfg/install/custom_interface/include/custom_interface/custom_interface/srv/detail
[1.613s] -- Up-to-date: /home/iserran1/Documents/tfg/install/custom_interface/include/custom_interface/custom_interface/srv/detail/frame_info__type_support.h
[1.614s] -- Up-to-date: /home/iserran1/Documents/tfg/install/custom_interface/include/custom_interface/custom_interface/srv/detail/frame_info__functions.h
[1.614s] -- Up-to-date: /home/iserran1/Documents/tfg/install/custom_interface/include/custom_interface/custom_interface/srv/detail/frame_info__functions.c
[1.614s] -- Up-to-date: /home/iserran1/Documents/tfg/install/custom_interface/include/custom_interface/custom_interface/srv/detail/frame_info__struct.h
[1.614s] -- Up-to-date: /home/iserran1/Documents/tfg/install/custom_interface/include/custom_interface/custom_interface/msg
[1.614s] -- Up-to-date: /home/iserran1/Documents/tfg/install/custom_interface/include/custom_interface/custom_interface/msg/rosidl_generator_c__visibility_control.h
[1.615s] -- Installing: /home/iserran1/Documents/tfg/install/custom_interface/share/custom_interface/environment/library_path.sh
[1.615s] -- Installing: /home/iserran1/Documents/tfg/install/custom_interface/share/custom_interface/environment/library_path.dsv
[1.615s] -- Installing: /home/iserran1/Documents/tfg/install/custom_interface/lib/libcustom_interface__rosidl_generator_c.so
[1.615s] -- Set runtime path of "/home/iserran1/Documents/tfg/install/custom_interface/lib/libcustom_interface__rosidl_generator_c.so" to ""
[1.615s] -- Up-to-date: /home/iserran1/Documents/tfg/install/custom_interface/include/custom_interface/custom_interface
[1.615s] -- Up-to-date: /home/iserran1/Documents/tfg/install/custom_interface/include/custom_interface/custom_interface/srv
[1.615s] -- Up-to-date: /home/iserran1/Documents/tfg/install/custom_interface/include/custom_interface/custom_interface/srv/detail
[1.615s] -- Up-to-date: /home/iserran1/Documents/tfg/install/custom_interface/include/custom_interface/custom_interface/srv/detail/frame_info__rosidl_typesupport_fastrtps_c.h
[1.616s] -- Up-to-date: /home/iserran1/Documents/tfg/install/custom_interface/include/custom_interface/custom_interface/msg
[1.616s] -- Up-to-date: /home/iserran1/Documents/tfg/install/custom_interface/include/custom_interface/custom_interface/msg/rosidl_typesupport_fastrtps_c__visibility_control.h
[1.616s] -- Installing: /home/iserran1/Documents/tfg/install/custom_interface/lib/libcustom_interface__rosidl_typesupport_fastrtps_c.so
[1.616s] -- Set runtime path of "/home/iserran1/Documents/tfg/install/custom_interface/lib/libcustom_interface__rosidl_typesupport_fastrtps_c.so" to ""
[1.616s] -- Up-to-date: /home/iserran1/Documents/tfg/install/custom_interface/include/custom_interface/custom_interface
[1.616s] -- Up-to-date: /home/iserran1/Documents/tfg/install/custom_interface/include/custom_interface/custom_interface/srv
[1.616s] -- Up-to-date: /home/iserran1/Documents/tfg/install/custom_interface/include/custom_interface/custom_interface/srv/detail
[1.616s] -- Up-to-date: /home/iserran1/Documents/tfg/install/custom_interface/include/custom_interface/custom_interface/srv/detail/frame_info__rosidl_typesupport_introspection_c.h
[1.616s] -- Up-to-date: /home/iserran1/Documents/tfg/install/custom_interface/include/custom_interface/custom_interface/srv/detail/frame_info__type_support.c
[1.616s] -- Up-to-date: /home/iserran1/Documents/tfg/install/custom_interface/include/custom_interface/custom_interface/msg
[1.616s] -- Up-to-date: /home/iserran1/Documents/tfg/install/custom_interface/include/custom_interface/custom_interface/msg/rosidl_typesupport_introspection_c__visibility_control.h
[1.617s] -- Installing: /home/iserran1/Documents/tfg/install/custom_interface/lib/libcustom_interface__rosidl_typesupport_introspection_c.so
[1.617s] -- Set runtime path of "/home/iserran1/Documents/tfg/install/custom_interface/lib/libcustom_interface__rosidl_typesupport_introspection_c.so" to ""
[1.617s] -- Installing: /home/iserran1/Documents/tfg/install/custom_interface/lib/libcustom_interface__rosidl_typesupport_c.so
[1.617s] -- Set runtime path of "/home/iserran1/Documents/tfg/install/custom_interface/lib/libcustom_interface__rosidl_typesupport_c.so" to ""
[1.617s] -- Up-to-date: /home/iserran1/Documents/tfg/install/custom_interface/include/custom_interface/custom_interface
[1.617s] -- Up-to-date: /home/iserran1/Documents/tfg/install/custom_interface/include/custom_interface/custom_interface/srv
[1.617s] -- Up-to-date: /home/iserran1/Documents/tfg/install/custom_interface/include/custom_interface/custom_interface/srv/frame_info.hpp
[1.617s] -- Up-to-date: /home/iserran1/Documents/tfg/install/custom_interface/include/custom_interface/custom_interface/srv/detail
[1.617s] -- Up-to-date: /home/iserran1/Documents/tfg/install/custom_interface/include/custom_interface/custom_interface/srv/detail/frame_info__traits.hpp
[1.617s] -- Up-to-date: /home/iserran1/Documents/tfg/install/custom_interface/include/custom_interface/custom_interface/srv/detail/frame_info__struct.hpp
[1.617s] -- Up-to-date: /home/iserran1/Documents/tfg/install/custom_interface/include/custom_interface/custom_interface/srv/detail/frame_info__builder.hpp
[1.617s] -- Up-to-date: /home/iserran1/Documents/tfg/install/custom_interface/include/custom_interface/custom_interface
[1.618s] -- Up-to-date: /home/iserran1/Documents/tfg/install/custom_interface/include/custom_interface/custom_interface/srv
[1.618s] -- Up-to-date: /home/iserran1/Documents/tfg/install/custom_interface/include/custom_interface/custom_interface/srv/detail
[1.618s] -- Up-to-date: /home/iserran1/Documents/tfg/install/custom_interface/include/custom_interface/custom_interface/srv/detail/frame_info__rosidl_typesupport_fastrtps_cpp.hpp
[1.618s] -- Installing: /home/iserran1/Documents/tfg/install/custom_interface/include/custom_interface/custom_interface/srv/detail/dds_fastrtps
[1.618s] -- Up-to-date: /home/iserran1/Documents/tfg/install/custom_interface/include/custom_interface/custom_interface/msg
[1.618s] -- Up-to-date: /home/iserran1/Documents/tfg/install/custom_interface/include/custom_interface/custom_interface/msg/rosidl_typesupport_fastrtps_cpp__visibility_control.h
[1.618s] -- Installing: /home/iserran1/Documents/tfg/install/custom_interface/lib/libcustom_interface__rosidl_typesupport_fastrtps_cpp.so
[1.618s] -- Set runtime path of "/home/iserran1/Documents/tfg/install/custom_interface/lib/libcustom_interface__rosidl_typesupport_fastrtps_cpp.so" to ""
[1.618s] -- Up-to-date: /home/iserran1/Documents/tfg/install/custom_interface/include/custom_interface/custom_interface
[1.618s] -- Up-to-date: /home/iserran1/Documents/tfg/install/custom_interface/include/custom_interface/custom_interface/srv
[1.618s] -- Up-to-date: /home/iserran1/Documents/tfg/install/custom_interface/include/custom_interface/custom_interface/srv/detail
[1.618s] -- Up-to-date: /home/iserran1/Documents/tfg/install/custom_interface/include/custom_interface/custom_interface/srv/detail/frame_info__type_support.cpp
[1.619s] -- Up-to-date: /home/iserran1/Documents/tfg/install/custom_interface/include/custom_interface/custom_interface/srv/detail/frame_info__rosidl_typesupport_introspection_cpp.hpp
[1.619s] -- Installing: /home/iserran1/Documents/tfg/install/custom_interface/lib/libcustom_interface__rosidl_typesupport_introspection_cpp.so
[1.619s] -- Set runtime path of "/home/iserran1/Documents/tfg/install/custom_interface/lib/libcustom_interface__rosidl_typesupport_introspection_cpp.so" to ""
[1.619s] -- Installing: /home/iserran1/Documents/tfg/install/custom_interface/lib/libcustom_interface__rosidl_typesupport_cpp.so
[1.619s] -- Set runtime path of "/home/iserran1/Documents/tfg/install/custom_interface/lib/libcustom_interface__rosidl_typesupport_cpp.so" to ""
[1.619s] -- Up-to-date: /home/iserran1/Documents/tfg/install/custom_interface/share/custom_interface/environment/pythonpath.sh
[1.619s] -- Installing: /home/iserran1/Documents/tfg/install/custom_interface/share/custom_interface/environment/pythonpath.dsv
[1.619s] -- Up-to-date: /home/iserran1/Documents/tfg/install/custom_interface/local/lib/python3.10/dist-packages/custom_interface-0.0.0-py3.10.egg-info
[1.619s] -- Installing: /home/iserran1/Documents/tfg/install/custom_interface/local/lib/python3.10/dist-packages/custom_interface-0.0.0-py3.10.egg-info/SOURCES.txt
[1.619s] -- Installing: /home/iserran1/Documents/tfg/install/custom_interface/local/lib/python3.10/dist-packages/custom_interface-0.0.0-py3.10.egg-info/dependency_links.txt
[1.619s] -- Installing: /home/iserran1/Documents/tfg/install/custom_interface/local/lib/python3.10/dist-packages/custom_interface-0.0.0-py3.10.egg-info/top_level.txt
[1.619s] -- Installing: /home/iserran1/Documents/tfg/install/custom_interface/local/lib/python3.10/dist-packages/custom_interface-0.0.0-py3.10.egg-info/PKG-INFO
[1.620s] -- Up-to-date: /home/iserran1/Documents/tfg/install/custom_interface/local/lib/python3.10/dist-packages/custom_interface
[1.620s] -- Installing: /home/iserran1/Documents/tfg/install/custom_interface/local/lib/python3.10/dist-packages/custom_interface/custom_interface_s__rosidl_typesupport_fastrtps_c.cpython-310-x86_64-linux-gnu.so
[1.620s] -- Up-to-date: /home/iserran1/Documents/tfg/install/custom_interface/local/lib/python3.10/dist-packages/custom_interface/_custom_interface_s.ep.rosidl_typesupport_c.c
[1.620s] -- Installing: /home/iserran1/Documents/tfg/install/custom_interface/local/lib/python3.10/dist-packages/custom_interface/libcustom_interface__rosidl_generator_py.so
[1.620s] -- Installing: /home/iserran1/Documents/tfg/install/custom_interface/local/lib/python3.10/dist-packages/custom_interface/__init__.py
[1.620s] -- Up-to-date: /home/iserran1/Documents/tfg/install/custom_interface/local/lib/python3.10/dist-packages/custom_interface/srv
[1.620s] -- Up-to-date: /home/iserran1/Documents/tfg/install/custom_interface/local/lib/python3.10/dist-packages/custom_interface/srv/__init__.py
[1.620s] -- Up-to-date: /home/iserran1/Documents/tfg/install/custom_interface/local/lib/python3.10/dist-packages/custom_interface/srv/_frame_info_s.c
[1.620s] -- Up-to-date: /home/iserran1/Documents/tfg/install/custom_interface/local/lib/python3.10/dist-packages/custom_interface/srv/_frame_info.py
[1.620s] -- Up-to-date: /home/iserran1/Documents/tfg/install/custom_interface/local/lib/python3.10/dist-packages/custom_interface/_custom_interface_s.ep.rosidl_typesupport_fastrtps_c.c
[1.620s] -- Installing: /home/iserran1/Documents/tfg/install/custom_interface/local/lib/python3.10/dist-packages/custom_interface/custom_interface_s__rosidl_typesupport_introspection_c.cpython-310-x86_64-linux-gnu.so
[1.620s] -- Up-to-date: /home/iserran1/Documents/tfg/install/custom_interface/local/lib/python3.10/dist-packages/custom_interface/_custom_interface_s.ep.rosidl_typesupport_introspection_c.c
[1.620s] -- Installing: /home/iserran1/Documents/tfg/install/custom_interface/local/lib/python3.10/dist-packages/custom_interface/custom_interface_s__rosidl_typesupport_c.cpython-310-x86_64-linux-gnu.so
[1.641s] Listing '/home/iserran1/Documents/tfg/install/custom_interface/local/lib/python3.10/dist-packages/custom_interface'...
[1.641s] Compiling '/home/iserran1/Documents/tfg/install/custom_interface/local/lib/python3.10/dist-packages/custom_interface/__init__.py'...
[1.641s] Listing '/home/iserran1/Documents/tfg/install/custom_interface/local/lib/python3.10/dist-packages/custom_interface/srv'...
[1.641s] Compiling '/home/iserran1/Documents/tfg/install/custom_interface/local/lib/python3.10/dist-packages/custom_interface/srv/__init__.py'...
[1.642s] Compiling '/home/iserran1/Documents/tfg/install/custom_interface/local/lib/python3.10/dist-packages/custom_interface/srv/_frame_info.py'...
[1.645s] -- Installing: /home/iserran1/Documents/tfg/install/custom_interface/local/lib/python3.10/dist-packages/custom_interface/custom_interface_s__rosidl_typesupport_fastrtps_c.cpython-310-x86_64-linux-gnu.so
[1.645s] -- Set runtime path of "/home/iserran1/Documents/tfg/install/custom_interface/local/lib/python3.10/dist-packages/custom_interface/custom_interface_s__rosidl_typesupport_fastrtps_c.cpython-310-x86_64-linux-gnu.so" to ""
[1.645s] -- Installing: /home/iserran1/Documents/tfg/install/custom_interface/local/lib/python3.10/dist-packages/custom_interface/custom_interface_s__rosidl_typesupport_introspection_c.cpython-310-x86_64-linux-gnu.so
[1.646s] -- Set runtime path of "/home/iserran1/Documents/tfg/install/custom_interface/local/lib/python3.10/dist-packages/custom_interface/custom_interface_s__rosidl_typesupport_introspection_c.cpython-310-x86_64-linux-gnu.so" to ""
[1.646s] -- Installing: /home/iserran1/Documents/tfg/install/custom_interface/local/lib/python3.10/dist-packages/custom_interface/custom_interface_s__rosidl_typesupport_c.cpython-310-x86_64-linux-gnu.so
[1.646s] -- Set runtime path of "/home/iserran1/Documents/tfg/install/custom_interface/local/lib/python3.10/dist-packages/custom_interface/custom_interface_s__rosidl_typesupport_c.cpython-310-x86_64-linux-gnu.so" to ""
[1.646s] -- Installing: /home/iserran1/Documents/tfg/install/custom_interface/lib/libcustom_interface__rosidl_generator_py.so
[1.646s] -- Set runtime path of "/home/iserran1/Documents/tfg/install/custom_interface/lib/libcustom_interface__rosidl_generator_py.so" to ""
[1.646s] -- Up-to-date: /home/iserran1/Documents/tfg/install/custom_interface/share/custom_interface/srv/FrameInfo.idl
[1.646s] -- Up-to-date: /home/iserran1/Documents/tfg/install/custom_interface/share/custom_interface/srv/FrameInfo.srv
[1.646s] -- Up-to-date: /home/iserran1/Documents/tfg/install/custom_interface/share/custom_interface/srv/FrameInfo_Request.msg
[1.647s] -- Up-to-date: /home/iserran1/Documents/tfg/install/custom_interface/share/custom_interface/srv/FrameInfo_Response.msg
[1.647s] -- Up-to-date: /home/iserran1/Documents/tfg/install/custom_interface/share/ament_index/resource_index/package_run_dependencies/custom_interface
[1.647s] -- Installing: /home/iserran1/Documents/tfg/install/custom_interface/share/ament_index/resource_index/parent_prefix_path/custom_interface
[1.647s] -- Installing: /home/iserran1/Documents/tfg/install/custom_interface/share/custom_interface/environment/ament_prefix_path.sh
[1.647s] -- Installing: /home/iserran1/Documents/tfg/install/custom_interface/share/custom_interface/environment/ament_prefix_path.dsv
[1.647s] -- Installing: /home/iserran1/Documents/tfg/install/custom_interface/share/custom_interface/environment/path.sh
[1.647s] -- Installing: /home/iserran1/Documents/tfg/install/custom_interface/share/custom_interface/environment/path.dsv
[1.647s] -- Up-to-date: /home/iserran1/Documents/tfg/install/custom_interface/share/custom_interface/local_setup.bash
[1.647s] -- Up-to-date: /home/iserran1/Documents/tfg/install/custom_interface/share/custom_interface/local_setup.sh
[1.647s] -- Up-to-date: /home/iserran1/Documents/tfg/install/custom_interface/share/custom_interface/local_setup.zsh
[1.648s] -- Installing: /home/iserran1/Documents/tfg/install/custom_interface/share/custom_interface/local_setup.dsv
[1.648s] -- Installing: /home/iserran1/Documents/tfg/install/custom_interface/share/custom_interface/package.dsv
[1.648s] -- Up-to-date: /home/iserran1/Documents/tfg/install/custom_interface/share/ament_index/resource_index/packages/custom_interface
[1.648s] -- Up-to-date: /home/iserran1/Documents/tfg/install/custom_interface/share/custom_interface/cmake/export_custom_interface__rosidl_generator_cExport.cmake
[1.648s] -- Up-to-date: /home/iserran1/Documents/tfg/install/custom_interface/share/custom_interface/cmake/export_custom_interface__rosidl_generator_cExport-noconfig.cmake
[1.648s] -- Up-to-date: /home/iserran1/Documents/tfg/install/custom_interface/share/custom_interface/cmake/export_custom_interface__rosidl_typesupport_fastrtps_cExport.cmake
[1.649s] -- Up-to-date: /home/iserran1/Documents/tfg/install/custom_interface/share/custom_interface/cmake/export_custom_interface__rosidl_typesupport_fastrtps_cExport-noconfig.cmake
[1.649s] -- Up-to-date: /home/iserran1/Documents/tfg/install/custom_interface/share/custom_interface/cmake/custom_interface__rosidl_typesupport_introspection_cExport.cmake
[1.650s] -- Up-to-date: /home/iserran1/Documents/tfg/install/custom_interface/share/custom_interface/cmake/custom_interface__rosidl_typesupport_introspection_cExport-noconfig.cmake
[1.650s] -- Up-to-date: /home/iserran1/Documents/tfg/install/custom_interface/share/custom_interface/cmake/custom_interface__rosidl_typesupport_cExport.cmake
[1.650s] -- Up-to-date: /home/iserran1/Documents/tfg/install/custom_interface/share/custom_interface/cmake/custom_interface__rosidl_typesupport_cExport-noconfig.cmake
[1.650s] -- Up-to-date: /home/iserran1/Documents/tfg/install/custom_interface/share/custom_interface/cmake/export_custom_interface__rosidl_generator_cppExport.cmake
[1.650s] -- Up-to-date: /home/iserran1/Documents/tfg/install/custom_interface/share/custom_interface/cmake/export_custom_interface__rosidl_typesupport_fastrtps_cppExport.cmake
[1.650s] -- Up-to-date: /home/iserran1/Documents/tfg/install/custom_interface/share/custom_interface/cmake/export_custom_interface__rosidl_typesupport_fastrtps_cppExport-noconfig.cmake
[1.650s] -- Up-to-date: /home/iserran1/Documents/tfg/install/custom_interface/share/custom_interface/cmake/custom_interface__rosidl_typesupport_introspection_cppExport.cmake
[1.651s] -- Up-to-date: /home/iserran1/Documents/tfg/install/custom_interface/share/custom_interface/cmake/custom_interface__rosidl_typesupport_introspection_cppExport-noconfig.cmake
[1.651s] -- Up-to-date: /home/iserran1/Documents/tfg/install/custom_interface/share/custom_interface/cmake/custom_interface__rosidl_typesupport_cppExport.cmake
[1.651s] -- Up-to-date: /home/iserran1/Documents/tfg/install/custom_interface/share/custom_interface/cmake/custom_interface__rosidl_typesupport_cppExport-noconfig.cmake
[1.651s] -- Up-to-date: /home/iserran1/Documents/tfg/install/custom_interface/share/custom_interface/cmake/export_custom_interface__rosidl_generator_pyExport.cmake
[1.651s] -- Up-to-date: /home/iserran1/Documents/tfg/install/custom_interface/share/custom_interface/cmake/export_custom_interface__rosidl_generator_pyExport-noconfig.cmake
[1.651s] -- Up-to-date: /home/iserran1/Documents/tfg/install/custom_interface/share/custom_interface/cmake/rosidl_cmake-extras.cmake
[1.652s] -- Up-to-date: /home/iserran1/Documents/tfg/install/custom_interface/share/custom_interface/cmake/ament_cmake_export_include_directories-extras.cmake
[1.652s] -- Up-to-date: /home/iserran1/Documents/tfg/install/custom_interface/share/custom_interface/cmake/ament_cmake_export_libraries-extras.cmake
[1.652s] -- Up-to-date: /home/iserran1/Documents/tfg/install/custom_interface/share/custom_interface/cmake/ament_cmake_export_targets-extras.cmake
[1.652s] -- Up-to-date: /home/iserran1/Documents/tfg/install/custom_interface/share/custom_interface/cmake/rosidl_cmake_export_typesupport_targets-extras.cmake
[1.652s] -- Up-to-date: /home/iserran1/Documents/tfg/install/custom_interface/share/custom_interface/cmake/ament_cmake_export_dependencies-extras.cmake
[1.652s] -- Up-to-date: /home/iserran1/Documents/tfg/install/custom_interface/share/custom_interface/cmake/rosidl_cmake_export_typesupport_libraries-extras.cmake
[1.652s] -- Up-to-date: /home/iserran1/Documents/tfg/install/custom_interface/share/custom_interface/cmake/custom_interfaceConfig.cmake
[1.653s] -- Up-to-date: /home/iserran1/Documents/tfg/install/custom_interface/share/custom_interface/cmake/custom_interfaceConfig-version.cmake
[1.653s] -- Up-to-date: /home/iserran1/Documents/tfg/install/custom_interface/share/custom_interface/package.xml
[1.653s] Invoked command in '/home/iserran1/Documents/tfg/build/custom_interface' returned '0': CMAKE_PREFIX_PATH=/opt/ros/humble /usr/bin/cmake --install /home/iserran1/Documents/tfg/build/custom_interface
