[0.070s] DEBUG:colcon:Command line arguments: ['/usr/bin/colcon', 'list', '-p', '--base-paths', '/home/iserran1/Documents/tfg']
[0.070s] DEBUG:colcon:Parsed command line arguments: Namespace(log_base=None, log_level=None, verb_name='list', build_base='build', ignore_user_meta=False, metas=['./colcon.meta'], base_paths=['/home/iserran1/Documents/tfg'], packages_ignore=None, packages_ignore_regex=None, paths=None, packages_up_to=None, packages_up_to_regex=None, packages_above=None, packages_above_and_dependencies=None, packages_above_depth=None, packages_select_by_dep=None, packages_skip_by_dep=None, packages_skip_up_to=None, packages_select_build_failed=False, packages_skip_build_finished=False, packages_select_test_failures=False, packages_skip_test_passed=False, packages_select=None, packages_skip=None, packages_select_regex=None, packages_skip_regex=None, packages_start=None, packages_end=None, allow_overriding=[], topological_order=False, names_only=False, paths_only=True, topological_graph=False, topological_graph_dot=False, topological_graph_density=False, topological_graph_legend=False, topological_graph_dot_cluster=False, topological_graph_dot_include_skipped=False, verb_parser=<colcon_defaults.argument_parser.defaults.DefaultArgumentsDecorator object at 0x7cbe92b4b0a0>, verb_extension=<colcon_package_information.verb.list.ListVerb object at 0x7cbe92c4b370>, main=<bound method ListVerb.main of <colcon_package_information.verb.list.ListVerb object at 0x7cbe92c4b370>>)
[0.261s] Level 1:colcon.colcon_core.package_discovery:discover_packages(colcon_meta) check parameters
[0.261s] Level 1:colcon.colcon_core.package_discovery:discover_packages(recursive) check parameters
[0.261s] Level 1:colcon.colcon_core.package_discovery:discover_packages(ignore) check parameters
[0.261s] Level 1:colcon.colcon_core.package_discovery:discover_packages(path) check parameters
[0.261s] Level 1:colcon.colcon_core.package_discovery:discover_packages(recursive) discover
[0.261s] INFO:colcon.colcon_core.package_discovery:Crawling recursively for packages in '/home/iserran1/Documents/tfg'
[0.261s] Level 1:colcon.colcon_core.package_identification:_identify(/home/iserran1/Documents/tfg) by extensions ['ignore', 'ignore_ament_install']
[0.262s] Level 1:colcon.colcon_core.package_identification:_identify(/home/iserran1/Documents/tfg) by extension 'ignore'
[0.262s] Level 1:colcon.colcon_core.package_identification:_identify(/home/iserran1/Documents/tfg) by extension 'ignore_ament_install'
[0.262s] Level 1:colcon.colcon_core.package_identification:_identify(/home/iserran1/Documents/tfg) by extensions ['colcon_pkg']
[0.262s] Level 1:colcon.colcon_core.package_identification:_identify(/home/iserran1/Documents/tfg) by extension 'colcon_pkg'
[0.262s] Level 1:colcon.colcon_core.package_identification:_identify(/home/iserran1/Documents/tfg) by extensions ['colcon_meta']
[0.262s] Level 1:colcon.colcon_core.package_identification:_identify(/home/iserran1/Documents/tfg) by extension 'colcon_meta'
[0.262s] Level 1:colcon.colcon_core.package_identification:_identify(/home/iserran1/Documents/tfg) by extensions ['ros']
[0.262s] Level 1:colcon.colcon_core.package_identification:_identify(/home/iserran1/Documents/tfg) by extension 'ros'
[0.274s] Level 1:colcon.colcon_core.package_identification:_identify(/home/iserran1/Documents/tfg) by extensions ['cmake', 'python']
[0.274s] Level 1:colcon.colcon_core.package_identification:_identify(/home/iserran1/Documents/tfg) by extension 'cmake'
[0.274s] Level 1:colcon.colcon_core.package_identification:_identify(/home/iserran1/Documents/tfg) by extension 'python'
[0.274s] Level 1:colcon.colcon_core.package_identification:_identify(/home/iserran1/Documents/tfg) by extensions ['python_setup_py']
[0.274s] Level 1:colcon.colcon_core.package_identification:_identify(/home/iserran1/Documents/tfg) by extension 'python_setup_py'
[0.275s] Level 1:colcon.colcon_core.package_identification:_identify(/home/iserran1/Documents/tfg/build) by extensions ['ignore', 'ignore_ament_install']
[0.275s] Level 1:colcon.colcon_core.package_identification:_identify(/home/iserran1/Documents/tfg/build) by extension 'ignore'
[0.275s] Level 1:colcon.colcon_core.package_identification:_identify(/home/iserran1/Documents/tfg/build) ignored
[0.275s] Level 1:colcon.colcon_core.package_identification:_identify(/home/iserran1/Documents/tfg/install) by extensions ['ignore', 'ignore_ament_install']
[0.275s] Level 1:colcon.colcon_core.package_identification:_identify(/home/iserran1/Documents/tfg/install) by extension 'ignore'
[0.275s] Level 1:colcon.colcon_core.package_identification:_identify(/home/iserran1/Documents/tfg/install) ignored
[0.275s] Level 1:colcon.colcon_core.package_identification:_identify(/home/iserran1/Documents/tfg/log) by extensions ['ignore', 'ignore_ament_install']
[0.275s] Level 1:colcon.colcon_core.package_identification:_identify(/home/iserran1/Documents/tfg/log) by extension 'ignore'
[0.275s] Level 1:colcon.colcon_core.package_identification:_identify(/home/iserran1/Documents/tfg/log) ignored
[0.275s] Level 1:colcon.colcon_core.package_identification:_identify(/home/iserran1/Documents/tfg/src) by extensions ['ignore', 'ignore_ament_install']
[0.276s] Level 1:colcon.colcon_core.package_identification:_identify(/home/iserran1/Documents/tfg/src) by extension 'ignore'
[0.276s] Level 1:colcon.colcon_core.package_identification:_identify(/home/iserran1/Documents/tfg/src) by extension 'ignore_ament_install'
[0.276s] Level 1:colcon.colcon_core.package_identification:_identify(/home/iserran1/Documents/tfg/src) by extensions ['colcon_pkg']
[0.276s] Level 1:colcon.colcon_core.package_identification:_identify(/home/iserran1/Documents/tfg/src) by extension 'colcon_pkg'
[0.276s] Level 1:colcon.colcon_core.package_identification:_identify(/home/iserran1/Documents/tfg/src) by extensions ['colcon_meta']
[0.276s] Level 1:colcon.colcon_core.package_identification:_identify(/home/iserran1/Documents/tfg/src) by extension 'colcon_meta'
[0.276s] Level 1:colcon.colcon_core.package_identification:_identify(/home/iserran1/Documents/tfg/src) by extensions ['ros']
[0.276s] Level 1:colcon.colcon_core.package_identification:_identify(/home/iserran1/Documents/tfg/src) by extension 'ros'
[0.276s] Level 1:colcon.colcon_core.package_identification:_identify(/home/iserran1/Documents/tfg/src) by extensions ['cmake', 'python']
[0.276s] Level 1:colcon.colcon_core.package_identification:_identify(/home/iserran1/Documents/tfg/src) by extension 'cmake'
[0.276s] Level 1:colcon.colcon_core.package_identification:_identify(/home/iserran1/Documents/tfg/src) by extension 'python'
[0.276s] Level 1:colcon.colcon_core.package_identification:_identify(/home/iserran1/Documents/tfg/src) by extensions ['python_setup_py']
[0.276s] Level 1:colcon.colcon_core.package_identification:_identify(/home/iserran1/Documents/tfg/src) by extension 'python_setup_py'
[0.276s] Level 1:colcon.colcon_core.package_identification:_identify(/home/iserran1/Documents/tfg/src/main) by extensions ['ignore', 'ignore_ament_install']
[0.276s] Level 1:colcon.colcon_core.package_identification:_identify(/home/iserran1/Documents/tfg/src/main) by extension 'ignore'
[0.276s] Level 1:colcon.colcon_core.package_identification:_identify(/home/iserran1/Documents/tfg/src/main) by extension 'ignore_ament_install'
[0.276s] Level 1:colcon.colcon_core.package_identification:_identify(/home/iserran1/Documents/tfg/src/main) by extensions ['colcon_pkg']
[0.276s] Level 1:colcon.colcon_core.package_identification:_identify(/home/iserran1/Documents/tfg/src/main) by extension 'colcon_pkg'
[0.276s] Level 1:colcon.colcon_core.package_identification:_identify(/home/iserran1/Documents/tfg/src/main) by extensions ['colcon_meta']
[0.277s] Level 1:colcon.colcon_core.package_identification:_identify(/home/iserran1/Documents/tfg/src/main) by extension 'colcon_meta'
[0.277s] Level 1:colcon.colcon_core.package_identification:_identify(/home/iserran1/Documents/tfg/src/main) by extensions ['ros']
[0.277s] Level 1:colcon.colcon_core.package_identification:_identify(/home/iserran1/Documents/tfg/src/main) by extension 'ros'
[0.280s] DEBUG:colcon.colcon_core.package_identification:Package '/home/iserran1/Documents/tfg/src/main' with type 'ros.ament_python' and name 'main'
[0.280s] Level 1:colcon.colcon_core.package_identification:_identify(/home/iserran1/Documents/tfg/src/models) by extensions ['ignore', 'ignore_ament_install']
[0.280s] Level 1:colcon.colcon_core.package_identification:_identify(/home/iserran1/Documents/tfg/src/models) by extension 'ignore'
[0.280s] Level 1:colcon.colcon_core.package_identification:_identify(/home/iserran1/Documents/tfg/src/models) by extension 'ignore_ament_install'
[0.280s] Level 1:colcon.colcon_core.package_identification:_identify(/home/iserran1/Documents/tfg/src/models) by extensions ['colcon_pkg']
[0.280s] Level 1:colcon.colcon_core.package_identification:_identify(/home/iserran1/Documents/tfg/src/models) by extension 'colcon_pkg'
[0.280s] Level 1:colcon.colcon_core.package_identification:_identify(/home/iserran1/Documents/tfg/src/models) by extensions ['colcon_meta']
[0.280s] Level 1:colcon.colcon_core.package_identification:_identify(/home/iserran1/Documents/tfg/src/models) by extension 'colcon_meta'
[0.280s] Level 1:colcon.colcon_core.package_identification:_identify(/home/iserran1/Documents/tfg/src/models) by extensions ['ros']
[0.280s] Level 1:colcon.colcon_core.package_identification:_identify(/home/iserran1/Documents/tfg/src/models) by extension 'ros'
[0.280s] Level 1:colcon.colcon_core.package_identification:_identify(/home/iserran1/Documents/tfg/src/models) by extensions ['cmake', 'python']
[0.280s] Level 1:colcon.colcon_core.package_identification:_identify(/home/iserran1/Documents/tfg/src/models) by extension 'cmake'
[0.281s] Level 1:colcon.colcon_core.package_identification:_identify(/home/iserran1/Documents/tfg/src/models) by extension 'python'
[0.281s] Level 1:colcon.colcon_core.package_identification:_identify(/home/iserran1/Documents/tfg/src/models) by extensions ['python_setup_py']
[0.281s] Level 1:colcon.colcon_core.package_identification:_identify(/home/iserran1/Documents/tfg/src/models) by extension 'python_setup_py'
[0.281s] Level 1:colcon.colcon_core.package_identification:_identify(/home/iserran1/Documents/tfg/src/models/__pycache__) by extensions ['ignore', 'ignore_ament_install']
[0.281s] Level 1:colcon.colcon_core.package_identification:_identify(/home/iserran1/Documents/tfg/src/models/__pycache__) by extension 'ignore'
[0.281s] Level 1:colcon.colcon_core.package_identification:_identify(/home/iserran1/Documents/tfg/src/models/__pycache__) by extension 'ignore_ament_install'
[0.281s] Level 1:colcon.colcon_core.package_identification:_identify(/home/iserran1/Documents/tfg/src/models/__pycache__) by extensions ['colcon_pkg']
[0.281s] Level 1:colcon.colcon_core.package_identification:_identify(/home/iserran1/Documents/tfg/src/models/__pycache__) by extension 'colcon_pkg'
[0.281s] Level 1:colcon.colcon_core.package_identification:_identify(/home/iserran1/Documents/tfg/src/models/__pycache__) by extensions ['colcon_meta']
[0.281s] Level 1:colcon.colcon_core.package_identification:_identify(/home/iserran1/Documents/tfg/src/models/__pycache__) by extension 'colcon_meta'
[0.281s] Level 1:colcon.colcon_core.package_identification:_identify(/home/iserran1/Documents/tfg/src/models/__pycache__) by extensions ['ros']
[0.281s] Level 1:colcon.colcon_core.package_identification:_identify(/home/iserran1/Documents/tfg/src/models/__pycache__) by extension 'ros'
[0.281s] Level 1:colcon.colcon_core.package_identification:_identify(/home/iserran1/Documents/tfg/src/models/__pycache__) by extensions ['cmake', 'python']
[0.281s] Level 1:colcon.colcon_core.package_identification:_identify(/home/iserran1/Documents/tfg/src/models/__pycache__) by extension 'cmake'
[0.281s] Level 1:colcon.colcon_core.package_identification:_identify(/home/iserran1/Documents/tfg/src/models/__pycache__) by extension 'python'
[0.281s] Level 1:colcon.colcon_core.package_identification:_identify(/home/iserran1/Documents/tfg/src/models/__pycache__) by extensions ['python_setup_py']
[0.281s] Level 1:colcon.colcon_core.package_identification:_identify(/home/iserran1/Documents/tfg/src/models/__pycache__) by extension 'python_setup_py'
[0.281s] Level 1:colcon.colcon_core.package_identification:_identify(/home/iserran1/Documents/tfg/src/utils) by extensions ['ignore', 'ignore_ament_install']
[0.281s] Level 1:colcon.colcon_core.package_identification:_identify(/home/iserran1/Documents/tfg/src/utils) by extension 'ignore'
[0.282s] Level 1:colcon.colcon_core.package_identification:_identify(/home/iserran1/Documents/tfg/src/utils) by extension 'ignore_ament_install'
[0.282s] Level 1:colcon.colcon_core.package_identification:_identify(/home/iserran1/Documents/tfg/src/utils) by extensions ['colcon_pkg']
[0.282s] Level 1:colcon.colcon_core.package_identification:_identify(/home/iserran1/Documents/tfg/src/utils) by extension 'colcon_pkg'
[0.282s] Level 1:colcon.colcon_core.package_identification:_identify(/home/iserran1/Documents/tfg/src/utils) by extensions ['colcon_meta']
[0.282s] Level 1:colcon.colcon_core.package_identification:_identify(/home/iserran1/Documents/tfg/src/utils) by extension 'colcon_meta'
[0.282s] Level 1:colcon.colcon_core.package_identification:_identify(/home/iserran1/Documents/tfg/src/utils) by extensions ['ros']
[0.282s] Level 1:colcon.colcon_core.package_identification:_identify(/home/iserran1/Documents/tfg/src/utils) by extension 'ros'
[0.282s] Level 1:colcon.colcon_core.package_identification:_identify(/home/iserran1/Documents/tfg/src/utils) by extensions ['cmake', 'python']
[0.282s] Level 1:colcon.colcon_core.package_identification:_identify(/home/iserran1/Documents/tfg/src/utils) by extension 'cmake'
[0.282s] Level 1:colcon.colcon_core.package_identification:_identify(/home/iserran1/Documents/tfg/src/utils) by extension 'python'
[0.282s] Level 1:colcon.colcon_core.package_identification:_identify(/home/iserran1/Documents/tfg/src/utils) by extensions ['python_setup_py']
[0.282s] Level 1:colcon.colcon_core.package_identification:_identify(/home/iserran1/Documents/tfg/src/utils) by extension 'python_setup_py'
[0.282s] Level 1:colcon.colcon_core.package_identification:_identify(/home/iserran1/Documents/tfg/src/utils/__pycache__) by extensions ['ignore', 'ignore_ament_install']
[0.282s] Level 1:colcon.colcon_core.package_identification:_identify(/home/iserran1/Documents/tfg/src/utils/__pycache__) by extension 'ignore'
[0.282s] Level 1:colcon.colcon_core.package_identification:_identify(/home/iserran1/Documents/tfg/src/utils/__pycache__) by extension 'ignore_ament_install'
[0.282s] Level 1:colcon.colcon_core.package_identification:_identify(/home/iserran1/Documents/tfg/src/utils/__pycache__) by extensions ['colcon_pkg']
[0.282s] Level 1:colcon.colcon_core.package_identification:_identify(/home/iserran1/Documents/tfg/src/utils/__pycache__) by extension 'colcon_pkg'
[0.282s] Level 1:colcon.colcon_core.package_identification:_identify(/home/iserran1/Documents/tfg/src/utils/__pycache__) by extensions ['colcon_meta']
[0.282s] Level 1:colcon.colcon_core.package_identification:_identify(/home/iserran1/Documents/tfg/src/utils/__pycache__) by extension 'colcon_meta'
[0.282s] Level 1:colcon.colcon_core.package_identification:_identify(/home/iserran1/Documents/tfg/src/utils/__pycache__) by extensions ['ros']
[0.282s] Level 1:colcon.colcon_core.package_identification:_identify(/home/iserran1/Documents/tfg/src/utils/__pycache__) by extension 'ros'
[0.283s] Level 1:colcon.colcon_core.package_identification:_identify(/home/iserran1/Documents/tfg/src/utils/__pycache__) by extensions ['cmake', 'python']
[0.283s] Level 1:colcon.colcon_core.package_identification:_identify(/home/iserran1/Documents/tfg/src/utils/__pycache__) by extension 'cmake'
[0.283s] Level 1:colcon.colcon_core.package_identification:_identify(/home/iserran1/Documents/tfg/src/utils/__pycache__) by extension 'python'
[0.283s] Level 1:colcon.colcon_core.package_identification:_identify(/home/iserran1/Documents/tfg/src/utils/__pycache__) by extensions ['python_setup_py']
[0.283s] Level 1:colcon.colcon_core.package_identification:_identify(/home/iserran1/Documents/tfg/src/utils/__pycache__) by extension 'python_setup_py'
[0.283s] Level 1:colcon.colcon_core.package_discovery:discover_packages(recursive) using defaults
